
> justoai-v2@0.1.0 type-check
> tsc --noEmit

next.config.backup.ts(180,9): error TS2322: Type 'typeof globalThis' is not assignable to type 'Window & typeof globalThis'.
  Type 'typeof globalThis' is missing the following properties from type 'Window': name, __NEXT_DATA__, ScrollTimeline
src/app/api/ai/multi-front-analysis/route.ts(47,11): error TS2554: Expected 1 arguments, but got 2.
src/app/api/ai/test-gemini/route.ts(126,28): error TS18046: 'geminiClient' is of type 'unknown'.
src/app/api/ai/test-gemini/route.ts(169,32): error TS18046: 'geminiClient' is of type 'unknown'.
src/app/api/auth/forgot-password/route.ts(48,18): error TS2339: Property 'passwordReset' does not exist on type 'PrismaClient<PrismaClientOptions, never, DefaultArgs>'.
src/app/api/auth/login/route.ts(36,31): error TS2345: Argument of type '[string, string, unknown]' is not assignable to parameter of type '[key: string, value: string, cookie?: Partial<ResponseCookie> | undefined] | [options: ResponseCookie]'.
  Type '[string, string, unknown]' is not assignable to type '[key: string, value: string, cookie?: Partial<ResponseCookie> | undefined]'.
    Type at position 2 in source is not compatible with type at position 2 in target.
      Type 'unknown' is not assignable to type 'Partial<ResponseCookie> | undefined'.
src/app/api/auth/resend-verification/route.ts(60,9): error TS2353: Object literal may only specify known properties, and 'emailVerificationToken' does not exist in type '(Without<UserUpdateInput, UserUncheckedUpdateInput> & UserUncheckedUpdateInput) | (Without<...> & UserUpdateInput)'.
src/app/api/auth/signup/route.ts(29,31): error TS2345: Argument of type '[string, string, unknown]' is not assignable to parameter of type '[key: string, value: string, cookie?: Partial<ResponseCookie> | undefined] | [options: ResponseCookie]'.
  Type '[string, string, unknown]' is not assignable to type '[key: string, value: string, cookie?: Partial<ResponseCookie> | undefined]'.
    Type at position 2 in source is not compatible with type at position 2 in target.
      Type 'unknown' is not assignable to type 'Partial<ResponseCookie> | undefined'.
src/app/api/cases/[id]/events/route.ts(99,11): error TS2698: Spread types may only be created from object types.
src/app/api/cases/[id]/events/route.ts(210,19): error TS2345: Argument of type '{ id: string; date: string; title: string; description: string; type: "document"; source: string; attachments: { id: string; name: string; type: string; size: number; }[]; metadata: { documentType: $Enums.DocumentType; pages: number | null; hasExtractedText: boolean; sourceOrigin: string; }; }' is not assignable to parameter of type 'TimelineEvent'.
  Types of property 'source' are incompatible.
    Type 'string' is not assignable to type '"api_monitoring" | "pdf_analysis" | "csv_import" | "manual" | "lawyer_note"'.
src/app/api/cases/[id]/onboarding-status/route.ts(17,51): error TS2554: Expected 0 arguments, but got 1.
src/app/api/cases/[id]/onboarding-status/route.ts(52,9): error TS2353: Object literal may only specify known properties, and 'members' does not exist in type 'WorkspaceWhereInput'.
src/app/api/cases/[id]/unified-timeline/route.ts(139,5): error TS2322: Type 'EventRelationType | null' is not assignable to type '"DUPLICATE" | "ENRICHMENT" | "RELATED" | "CONFLICT" | undefined'.
  Type 'null' is not assignable to type '"DUPLICATE" | "ENRICHMENT" | "RELATED" | "CONFLICT" | undefined'.
src/app/api/cases/[id]/unified-timeline/route.ts(140,5): error TS2322: Type 'string | null' is not assignable to type 'string | undefined'.
  Type 'null' is not assignable to type 'string | undefined'.
src/app/api/cases/[id]/unified-timeline/route.ts(293,11): error TS2322: Type '{ id: string; caseId: string; contentHash: string; eventDate: Date; eventType: DocumentType; description: string; normalizedContent: string; source: TimelineSource; ... 10 more ...; linkedDocumentIds: never[]; }[]' is not assignable to type 'TimelineEntryInput[]'.
  Type '{ id: string; caseId: string; contentHash: string; eventDate: Date; eventType: $Enums.DocumentType; description: string; normalizedContent: string; source: TimelineSource; ... 10 more ...; linkedDocumentIds: never[]; }' is not assignable to type 'TimelineEntryInput'.
    Type '{ id: string; caseId: string; contentHash: string; eventDate: Date; eventType: DocumentType; description: string; normalizedContent: string; source: TimelineSource; ... 10 more ...; linkedDocumentIds: never[]; }' is missing the following properties from type '{ id: string; description: string; createdAt: Date; updatedAt: Date; metadata: JsonValue; confidence: number; caseId: string; source: TimelineSource; ... 17 more ...; reviewedAt: Date | null; }': isEnriched, enrichedAt, enrichmentModel, hasConflict, and 3 more.
src/app/api/credits/purchase/route.ts(10,15): error TS2769: No overload matches this call.
  Overload 1 of 2, '(values: readonly ["REPORT_5", "REPORT_20", "REPORT_50", "FULL_5", "FULL_15", "FULL_35"], params?: string | { error?: string | $ZodErrorMap<$ZodIssueInvalidValue<unknown>> | undefined; message?: string | undefined; } | undefined): ZodEnum<...>', gave the following error.
    Object literal may only specify known properties, and 'errorMap' does not exist in type '{ error?: string | $ZodErrorMap<$ZodIssueInvalidValue<unknown>> | undefined; message?: string | undefined; }'.
  Overload 2 of 2, '(entries: Readonly<Record<string, EnumValue>>, params?: string | { error?: string | $ZodErrorMap<$ZodIssueInvalidValue<unknown>> | undefined; message?: string | undefined; } | undefined): ZodEnum<...>', gave the following error.
    Argument of type 'string[]' is not assignable to parameter of type 'Readonly<Record<string, EnumValue>>'.
      Index signature for type 'string' is missing in type 'string[]'.
src/app/api/credits/purchase/route.ts(106,39): error TS2339: Property 'addCreditAllocation' does not exist on type 'CreditManager'.
src/app/api/credits/purchase/route.ts(119,24): error TS2339: Property 'logUsageEvent' does not exist on type 'CreditManager'.
src/app/api/documents/[id]/download/route.ts(124,29): error TS2345: Argument of type 'Buffer<ArrayBufferLike>' is not assignable to parameter of type 'BodyInit | null | undefined'.
  Type 'Buffer<ArrayBufferLike>' is missing the following properties from type 'URLSearchParams': size, append, delete, get, and 2 more.
src/app/api/health/route.ts(69,7): error TS18046: 'response' is of type 'unknown'.
src/app/api/health/route.ts(80,7): error TS18046: 'response' is of type 'unknown'.
src/app/api/health/system/route.ts(78,7): error TS2769: No overload matches this call.
  Overload 1 of 2, '(input: string | Request | URL, init?: RequestInit | undefined): Promise<Response>', gave the following error.
    Type '{ apikey: string | undefined; }' is not assignable to type 'HeadersInit | undefined'.
      Type '{ apikey: string | undefined; }' is not assignable to type 'undefined'.
  Overload 2 of 2, '(input: URL | RequestInfo, init?: RequestInit | undefined): Promise<Response>', gave the following error.
    Type '{ apikey: string | undefined; }' is not assignable to type 'HeadersInit | undefined'.
      Type '{ apikey: string | undefined; }' is not assignable to type 'undefined'.
src/app/api/judit/observability/health/route.ts(138,32): error TS2339: Property 'failed' does not exist on type '{}'.
src/app/api/judit/observability/health/route.ts(141,64): error TS2339: Property 'failed' does not exist on type '{}'.
src/app/api/judit/observability/metrics/route.ts(94,40): error TS18046: 'value' is of type 'unknown'.
src/app/api/judit/observability/metrics/route.ts(102,60): error TS18046: 'value' is of type 'unknown'.
src/app/api/judit/onboarding/status/[jobId]/route.ts(59,45): error TS2339: Property 'workspaceId' does not exist on type 'JuditOnboardingJobResult'.
src/app/api/judit/queue/stats/route.ts(69,11): error TS2339: Property 'active' does not exist on type 'unknown'.
src/app/api/judit/queue/stats/route.ts(69,19): error TS2339: Property 'waiting' does not exist on type 'unknown'.
src/app/api/judit/queue/stats/route.ts(69,28): error TS2339: Property 'failed' does not exist on type 'unknown'.
src/app/api/pdf/process/route.ts(57,28): error TS2339: Property 'code' does not exist on type 'Error'.
src/app/api/pdf/process/route.ts(79,34): error TS2339: Property 'message' does not exist on type '{}'.
src/app/api/process/[id]/analysis/[version]/route.ts(14,37): error TS2345: Argument of type '(request: NextRequest, { params }: { params: Promise<{ id: string; version: string; }>; }) => Promise<NextResponse<ApiResponse<unknown>> | NextResponse<{ success: boolean; error: string; }>>' is not assignable to parameter of type '(request: NextRequest, context?: { params: Promise<Record<string, string>>; } | undefined) => Promise<NextResponse<unknown>>'.
  Types of parameters '__1' and 'context' are incompatible.
    Type '{ params: Promise<Record<string, string>>; } | undefined' is not assignable to type '{ params: Promise<{ id: string; version: string; }>; }'.
      Type 'undefined' is not assignable to type '{ params: Promise<{ id: string; version: string; }>; }'.
src/app/api/process/[id]/analysis/auto-download/route.ts(182,9): error TS2322: Type '{ monitoredProcessId: string; date: Date; type: string; description: string; category: string; importance: string; requiresAction: boolean; rawData: { syncId: string; autoDownload: boolean; timestamp: string; }; }[]' is not assignable to type 'ProcessMovementCreateManyInput | ProcessMovementCreateManyInput[]'.
  Type '{ monitoredProcessId: string; date: Date; type: string; description: string; category: string; importance: string; requiresAction: boolean; rawData: { syncId: string; autoDownload: boolean; timestamp: string; }; }[]' is not assignable to type 'ProcessMovementCreateManyInput[]'.
    Type '{ monitoredProcessId: string; date: Date; type: string; description: string; category: string; importance: string; requiresAction: boolean; rawData: { syncId: string; autoDownload: boolean; timestamp: string; }; }' is not assignable to type 'ProcessMovementCreateManyInput'.
      Types of property 'category' are incompatible.
        Type 'string' is not assignable to type 'MovementCategory | undefined'.
src/app/api/process/[id]/analysis/route.ts(380,44): error TS2339: Property 'analyzeStrategic' does not exist on type 'typeof AIModelRouter'.
src/app/api/process/[id]/analysis/route.ts(387,28): error TS2339: Property 'ZOOMBIN' does not exist on type '{ readonly SUCCESS: "âœ“"; readonly ERROR: "âœ—"; readonly WARNING: "!"; readonly INFO: "i"; readonly LOADING: "..."; readonly ARROW_LEFT: "<"; readonly ARROW_RIGHT: ">"; readonly ARROW_UP: "^"; ... 72 more ...; readonly HEALTH: "ðŸ’š"; }'.
src/app/api/process/[id]/analysis/route.ts(388,44): error TS2339: Property 'analyzePhase1' does not exist on type 'typeof AIModelRouter'.
src/app/api/reports/individual/route.ts(280,13): error TS2322: Type '"CONCLUIDO"' is not assignable to type 'ExecutionStatus | undefined'.
src/app/api/reports/individual/route.ts(281,13): error TS2322: Type 'ReportSummary' is not assignable to type 'NullableJsonNullValueInput | InputJsonValue | undefined'.
  Type 'ReportSummary' is missing the following properties from type 'readonly (InputJsonValue | null)[]': length, concat, join, slice, and 26 more.
src/app/api/reports/schedule/route-enhanced.ts(71,7): error TS2554: Expected 2 arguments, but got 3.
src/app/api/reports/schedule/route-enhanced.ts(75,57): error TS2554: Expected 1-2 arguments, but got 3.
src/app/api/reports/schedule/route-enhanced.ts(147,42): error TS2345: Argument of type 'number' is not assignable to parameter of type 'string'.
src/app/api/telemetry/active-alerts/route.ts(91,15): error TS2304: Cannot find name 'user'.
src/app/api/telemetry/monthly-usage/route.ts(78,46): error TS2339: Property 'metadata' does not exist on type '{ id: string; status: string; createdAt: Date; workspaceId: string | null; requestId: string | null; movementsCount: number; errorMessage: string | null; jobId: string | null; trackingId: string | null; ... 7 more ...; durationMs: number | null; }'.
src/app/api/telemetry/monthly-usage/route.ts(79,43): error TS2339: Property 'metadata' does not exist on type '{ id: string; status: string; createdAt: Date; workspaceId: string | null; requestId: string | null; movementsCount: number; errorMessage: string | null; jobId: string | null; trackingId: string | null; ... 7 more ...; durationMs: number | null; }'.
src/app/api/telemetry/monthly-usage/route.ts(149,15): error TS2304: Cannot find name 'user'.
src/app/api/upload/batch/[id]/control/route.ts(14,13): error TS2769: No overload matches this call.
  Overload 1 of 2, '(values: readonly ["pause", "resume", "cancel"], params?: string | { error?: string | $ZodErrorMap<$ZodIssueInvalidValue<unknown>> | undefined; message?: string | undefined; } | undefined): ZodEnum<...>', gave the following error.
    Object literal may only specify known properties, and 'errorMap' does not exist in type '{ error?: string | $ZodErrorMap<$ZodIssueInvalidValue<unknown>> | undefined; message?: string | undefined; }'.
  Overload 2 of 2, '(entries: Readonly<Record<string, EnumValue>>, params?: string | { error?: string | $ZodErrorMap<$ZodIssueInvalidValue<unknown>> | undefined; message?: string | undefined; } | undefined): ZodEnum<...>', gave the following error.
    Argument of type 'string[]' is not assignable to parameter of type 'Readonly<Record<string, EnumValue>>'.
      Index signature for type 'string' is missing in type 'string[]'.
src/app/api/upload/batch/[id]/control/route.ts(97,41): error TS2345: Argument of type 'string | undefined' is not assignable to parameter of type 'string'.
  Type 'undefined' is not assignable to type 'string'.
src/app/api/upload/batch/[id]/control/route.ts(162,9): error TS2322: Type 'string' is not assignable to type 'BatchStatus | EnumBatchStatusFieldUpdateOperationsInput | undefined'.
src/app/api/upload/batch/[id]/errors/download/route.ts(152,15): error TS2304: Cannot find name 'user'.
src/app/api/upload/batch/[id]/status/route.ts(79,26): error TS18046: 'err' is of type 'unknown'.
src/app/api/upload/batch/[id]/status/route.ts(79,40): error TS18046: 'err' is of type 'unknown'.
src/app/api/upload/batch/[id]/status/route.ts(106,26): error TS18046: 'err' is of type 'unknown'.
src/app/api/upload/excel/estimate/route.ts(130,9): error TS2353: Object literal may only specify known properties, and 'number' does not exist in type 'MonitoredProcessWhereInput'.
src/app/api/upload/excel/estimate/route.ts(135,9): error TS2353: Object literal may only specify known properties, and 'number' does not exist in type 'MonitoredProcessSelect<DefaultArgs>'.
src/app/api/upload/excel/estimate/route.ts(139,32): error TS2339: Property 'number' does not exist on type '{ id: string; createdAt: Date; updatedAt: Date; workspaceId: string; processNumber: string; caseId: string | null; court: string; clientName: string; processData: JsonValue; ... 6 more ...; extractionMethod: ExtractionMethod; }'.
src/app/api/upload/excel/validate/route.ts(160,7): error TS2345: Argument of type 'import("C:/Users/carlo/Documents/PROJETO JUSTOAI/NOVA FASE/justoai-v2/src/lib/excel-upload-service").BatchEstimate' is not assignable to parameter of type 'BatchEstimate'.
  Property 'totalProcesses' is missing in type 'import("C:/Users/carlo/Documents/PROJETO JUSTOAI/NOVA FASE/justoai-v2/src/lib/excel-upload-service").BatchEstimate' but required in type 'BatchEstimate'.
src/app/dashboard/documents-upload/page.tsx(23,42): error TS2698: Spread types may only be created from object types.
src/app/dashboard/judit/page.tsx(107,7): error TS2322: Type 'unknown' is not assignable to type 'ReactNode'.
src/app/dashboard/judit/page.tsx(183,25): error TS2739: Type '{}' is missing the following properties from type '{ p50?: number | undefined; p95?: number | undefined; p99?: number | undefined; avg: number; min: number; max: number; }': avg, min, max
src/app/dashboard/page.tsx(191,17): error TS18046: 'activity' is of type 'unknown'.
src/app/dashboard/page.tsx(193,22): error TS18046: 'activity' is of type 'unknown'.
src/app/dashboard/page.tsx(194,24): error TS18046: 'activity' is of type 'unknown'.
src/app/dashboard/page.tsx(372,9): error TS2322: Type 'string | null' is not assignable to type 'string'.
  Type 'null' is not assignable to type 'string'.
src/app/dashboard/process/[id]/conflicts/page.tsx(251,47): error TS2345: Argument of type 'string' is not assignable to parameter of type 'TimelineSource'.
src/app/dashboard/process/[id]/conflicts/page.tsx(259,47): error TS2345: Argument of type 'string' is not assignable to parameter of type 'TimelineSource'.
src/app/dashboard/process/[id]/page.tsx(362,28): error TS2339: Property 'FOLDER' does not exist on type '{ readonly SUCCESS: "âœ“"; readonly ERROR: "âœ—"; readonly WARNING: "!"; readonly INFO: "i"; readonly LOADING: "..."; readonly ARROW_LEFT: "<"; readonly ARROW_RIGHT: ">"; readonly ARROW_UP: "^"; ... 72 more ...; readonly HEALTH: "ðŸ’š"; }'.
src/app/dashboard/process/page.tsx(383,36): error TS2367: This comparison appears to be unintentional because the types '"ACTIVE" | "SUSPENDED" | "CLOSED" | "ARCHIVED" | "CANCELLED"' and '"CONCLUDED"' have no overlap.
src/app/dashboard/reports/page.tsx(545,103): error TS2322: Type 'unknown' is not assignable to type '"WEEKLY_UPDATE"'.
src/app/dashboard/reports/page.tsx(562,108): error TS2322: Type 'unknown' is not assignable to type '"WEEKLY"'.
src/app/dashboard/settings/page.tsx(61,23): error TS2339: Property 'phone' does not exist on type 'UserWithWorkspaces'.
src/app/dashboard/settings/page.tsx(62,24): error TS2339: Property 'avatar' does not exist on type 'UserWithWorkspaces'.
src/app/dashboard/settings/page.tsx(67,23): error TS2339: Property 'phone' does not exist on type 'UserWithWorkspaces'.
src/app/dashboard/telemetry/page.tsx(44,20): error TS2339: Property 'ACTIVITY' does not exist on type '{ readonly SUCCESS: "âœ“"; readonly ERROR: "âœ—"; readonly WARNING: "!"; readonly INFO: "i"; readonly LOADING: "..."; readonly ARROW_LEFT: "<"; readonly ARROW_RIGHT: ">"; readonly ARROW_UP: "^"; ... 72 more ...; readonly HEALTH: "ðŸ’š"; }'.
src/app/pricing/page.tsx(265,11): error TS2322: Type 'unknown' is not assignable to type '{ id: string; name: string; subtitle: string; price_monthly: number | null; price_annual: number | null; custom_pricing?: boolean | undefined; popular?: boolean | undefined; trial_days: number; features: { ...; }; contact_sales?: boolean | undefined; } | null'.
src/app/signup/page.tsx(304,17): error TS2322: Type 'boolean | undefined' is not assignable to type 'boolean'.
  Type 'undefined' is not assignable to type 'boolean'.
src/components/dashboard/api-usage-card.tsx(49,44): error TS2339: Property 'ACTIVITY' does not exist on type '{ readonly SUCCESS: "âœ“"; readonly ERROR: "âœ—"; readonly WARNING: "!"; readonly INFO: "i"; readonly LOADING: "..."; readonly ARROW_LEFT: "<"; readonly ARROW_RIGHT: ">"; readonly ARROW_UP: "^"; ... 72 more ...; readonly HEALTH: "ðŸ’š"; }'.
src/components/dashboard/cost-metrics-card.tsx(68,44): error TS2339: Property 'COINS' does not exist on type '{ readonly SUCCESS: "âœ“"; readonly ERROR: "âœ—"; readonly WARNING: "!"; readonly INFO: "i"; readonly LOADING: "..."; readonly ARROW_LEFT: "<"; readonly ARROW_RIGHT: ">"; readonly ARROW_UP: "^"; ... 72 more ...; readonly HEALTH: "ðŸ’š"; }'.
src/components/dashboard/CostsChart.tsx(66,11): error TS2322: Type '(value: unknown, name: string) => [string, "Custo"] | [unknown, "OperaÃ§Ãµes"]' is not assignable to type 'Formatter<ValueType, string>'.
  Type '[string, "Custo"] | [unknown, "OperaÃ§Ãµes"]' is not assignable to type 'ReactNode | [ReactNode, string]'.
    Type '[unknown, "OperaÃ§Ãµes"]' is not assignable to type 'ReactNode | [ReactNode, string]'.
      Type '[unknown, "OperaÃ§Ãµes"]' is not assignable to type 'ReactElement<unknown, string | JSXElementConstructor<any>> | Iterable<ReactNode> | ReactPortal | Promise<...> | [...]'.
        Type '[unknown, "OperaÃ§Ãµes"]' is not assignable to type '[ReactNode, string]'.
          Type at position 0 in source is not compatible with type at position 0 in target.
            Type 'unknown' is not assignable to type 'ReactNode'.
src/components/dashboard/CostsChart.tsx(68,29): error TS18046: 'value' is of type 'unknown'.
src/components/dashboard/LatencyChart.tsx(57,46): error TS18046: 'value' is of type 'unknown'.
src/components/dashboard/process-list.tsx(158,42): error TS2345: Argument of type 'unknown' is not assignable to parameter of type 'SetStateAction<"all" | "complete" | "partial" | "attention">'.
src/components/landing/pricing.tsx(68,9): error TS18046: 'plan' is of type 'unknown'.
src/components/landing/pricing.tsx(69,41): error TS18046: 'plan' is of type 'unknown'.
src/components/landing/pricing.tsx(69,62): error TS18046: 'plan' is of type 'unknown'.
src/components/pricing/index.ts(13,15): error TS2724: '"./billing-toggle"' has no exported member named 'BillingToggleProps'. Did you mean 'BillingToggle'?
src/components/pricing/index.ts(15,15): error TS2724: '"./feature-matrix"' has no exported member named 'FeatureMatrixProps'. Did you mean 'FeatureMatrix'?
src/components/pricing/index.ts(16,15): error TS2724: '"./credits-packs"' has no exported member named 'CreditsPacksProps'. Did you mean 'CreditsPacks'?
src/components/pricing/index.ts(18,15): error TS2724: '"./faq-pricing"' has no exported member named 'FaqPricingProps'. Did you mean 'FaqPricing'?
src/components/pricing/plan-modal.tsx(106,9): error TS18046: 'feature' is of type 'unknown'.
src/components/pricing/plan-modal.tsx(113,9): error TS18046: 'feature' is of type 'unknown'.
src/components/pricing/plan-modal.tsx(120,9): error TS18046: 'feature' is of type 'unknown'.
src/components/pricing/plan-modal.tsx(121,45): error TS18046: 'feature' is of type 'unknown'.
src/components/process/bulk-actions-bar.tsx(57,24): error TS2339: Property 'id' does not exist on type '{}'.
src/components/process/bulk-actions-bar.tsx(146,40): error TS2339: Property 'name' does not exist on type '{}'.
src/components/process/process-onboarding-status.tsx(46,7): error TS2322: Type 'unknown' is not assignable to type 'ReactNode'.
src/components/process/process-onboarding-status.tsx(96,32): error TS2339: Property 'confidence' does not exist on type '{}'.
src/components/process/process-onboarding-status.tsx(258,9): error TS2322: Type 'unknown' is not assignable to type 'ReactNode'.
src/components/reports/individual-report-modal.tsx(256,23): error TS2322: Type 'Dispatch<SetStateAction<boolean>>' is not assignable to type '(checked: CheckedState) => void'.
  Types of parameters 'value' and 'checked' are incompatible.
    Type 'CheckedState' is not assignable to type 'SetStateAction<boolean>'.
      Type '"indeterminate"' is not assignable to type 'SetStateAction<boolean>'.
src/components/reports/individual-report-modal.tsx(364,25): error TS2322: Type 'Dispatch<SetStateAction<Date | undefined>>' is not assignable to type 'ReactEventHandler<HTMLDivElement> & ((_date: Date | { from?: Date | undefined; to?: Date | undefined; } | undefined) => void)'.
  Type 'Dispatch<SetStateAction<Date | undefined>>' is not assignable to type 'ReactEventHandler<HTMLDivElement>'.
    Types of parameters 'value' and 'event' are incompatible.
      Type 'SyntheticEvent<HTMLDivElement, Event>' is not assignable to type 'SetStateAction<Date | undefined>'.
src/components/reports/individual-reports-history.tsx(180,20): error TS7053: Element implicitly has an 'any' type because expression of type 'string' can't be used to index type '{ Agendado: { variant: "secondary"; icon: ForwardRefExoticComponent<Omit<LucideProps, "ref"> & RefAttributes<SVGSVGElement>>; }; 'Em Processamento': { ...; }; ConcluÃ­do: { ...; }; Falhou: { ...; }; Cancelado: { ...; }; }'.
  No index signature with a parameter of type 'string' was found on type '{ Agendado: { variant: "secondary"; icon: ForwardRefExoticComponent<Omit<LucideProps, "ref"> & RefAttributes<SVGSVGElement>>; }; 'Em Processamento': { ...; }; ConcluÃ­do: { ...; }; Falhou: { ...; }; Cancelado: { ...; }; }'.
src/components/timeline/EnrichedTimelineEvent.tsx(189,17): error TS2322: Type 'unknown' is not assignable to type '"default" | "secondary" | "outline" | "destructive" | null | undefined'.
src/components/ui/consent-checkbox.tsx(237,7): error TS2322: Type '((value: boolean) => true | "VocÃª deve aceitar os termos para continuar") | undefined' is not assignable to type 'Validate<unknown, Record<string, unknown>> | Record<string, Validate<unknown, Record<string, unknown>>> | undefined'.
  Type '(value: boolean) => true | "VocÃª deve aceitar os termos para continuar"' is not assignable to type 'Validate<unknown, Record<string, unknown>> | Record<string, Validate<unknown, Record<string, unknown>>> | undefined'.
    Type '(value: boolean) => true | "VocÃª deve aceitar os termos para continuar"' is not assignable to type 'Validate<unknown, Record<string, unknown>>'.
      Types of parameters 'value' and 'value' are incompatible.
        Type 'unknown' is not assignable to type 'boolean'.
src/hooks/use-autosave.ts(87,10): error TS2345: Argument of type 'T | null' is not assignable to parameter of type 'T'.
  'T' could be instantiated with an arbitrary type which could be unrelated to 'T | null'.
src/hooks/use-onboarding-integration.ts(91,42): error TS2571: Object is of type 'unknown'.
src/hooks/use-onboarding-integration.ts(92,7): error TS2571: Object is of type 'unknown'.
src/lib/__tests__/messages.test.ts(108,34): error TS2345: Argument of type '"quota"' is not assignable to parameter of type '"failed" | "completed" | "scheduled" | "schedule_night" | "quota_hard_blocked" | "quota_ok" | "quota_soft_warning" | "quota_usage" | "quota_remaining" | "soft_warning_title" | ... 23 more ... | "generating"'.
src/lib/__tests__/messages.test.ts(113,34): error TS2345: Argument of type '"quota"' is not assignable to parameter of type '"failed" | "completed" | "scheduled" | "schedule_night" | "quota_hard_blocked" | "quota_ok" | "quota_soft_warning" | "quota_usage" | "quota_remaining" | "soft_warning_title" | ... 23 more ... | "generating"'.
src/lib/__tests__/messages.test.ts(118,34): error TS2345: Argument of type '"quota"' is not assignable to parameter of type '"failed" | "completed" | "scheduled" | "schedule_night" | "quota_hard_blocked" | "quota_ok" | "quota_soft_warning" | "quota_usage" | "quota_remaining" | "soft_warning_title" | ... 23 more ... | "generating"'.
src/lib/ai-cache-manager.ts(312,11): error TS2322: Type 'unknown' is not assignable to type 'JsonNull | InputJsonValue'.
src/lib/ai-model-router.ts(1178,7): error TS2353: Object literal may only specify known properties, and 'analysis_phase' does not exist in type '{ model?: string | undefined; complexity_score?: number | undefined; tokens_saved?: number | undefined; workspaceId?: string | undefined; }'.
src/lib/ai-model-router.ts(1233,7): error TS2353: Object literal may only specify known properties, and 'analysis_phase' does not exist in type '{ model?: string | undefined; tokens_saved?: number | undefined; workspaceId?: string | undefined; }'.
src/lib/ai-model-router.ts(1333,9): error TS2698: Spread types may only be created from object types.
src/lib/analysis-cache.ts(48,5): error TS2322: Type 'Redis | MockRedis' is not assignable to type 'Redis'.
  Type 'MockRedis' is missing the following properties from type 'Redis': options, status, stream, isCluster, and 356 more.
src/lib/auth-helper.ts(70,44): error TS2698: Spread types may only be created from object types.
src/lib/credit-system.ts(131,9): error TS2322: Type 'unknown' is not assignable to type '{ id: string; createdAt: Date; updatedAt: Date; workspaceId: string; reportCreditsBalance: Decimal; fullCreditsBalance: Decimal; reportCreditsRolloverCap: Decimal; fullCreditsRolloverCap: Decimal; } | null'.
src/lib/credit-system.ts(296,11): error TS2322: Type 'CreditTransactionMetadata | undefined' is not assignable to type 'JsonNull | InputJsonValue | undefined'.
  Type 'CreditTransactionMetadata' is not assignable to type 'JsonNull | InputJsonValue | undefined'.
    Type 'CreditTransactionMetadata' is missing the following properties from type 'readonly (InputJsonValue | null)[]': length, concat, join, slice, and 26 more.
src/lib/document-hash.ts(61,38): error TS18046: 'prisma' is of type 'unknown'.
src/lib/excel-upload-service.ts(647,7): error TS2322: Type 'string | undefined' is not assignable to type 'string'.
  Type 'undefined' is not assignable to type 'string'.
src/lib/excel-upload-service.ts(828,11): error TS2322: Type 'boolean | undefined' is not assignable to type 'boolean'.
  Type 'undefined' is not assignable to type 'boolean'.
src/lib/excel-validation.ts(30,6): error TS2769: No overload matches this call.
  Overload 1 of 2, '(values: readonly ["ATIVO", "ENCERRADO", "SUSPENSO", "PARADO"], params?: string | { error?: string | $ZodErrorMap<$ZodIssueInvalidValue<unknown>> | undefined; message?: string | undefined; } | undefined): ZodEnum<...>', gave the following error.
    Object literal may only specify known properties, and 'errorMap' does not exist in type '{ error?: string | $ZodErrorMap<$ZodIssueInvalidValue<unknown>> | undefined; message?: string | undefined; }'.
  Overload 2 of 2, '(entries: Readonly<Record<string, EnumValue>>, params?: string | { error?: string | $ZodErrorMap<$ZodIssueInvalidValue<unknown>> | undefined; message?: string | undefined; } | undefined): ZodEnum<...>', gave the following error.
    Argument of type 'string[]' is not assignable to parameter of type 'Readonly<Record<string, EnumValue>>'.
      Index signature for type 'string' is missing in type 'string[]'.
src/lib/excel-validation.ts(100,32): error TS2339: Property 'errors' does not exist on type 'ZodError<unknown>'.
src/lib/intelligent-parser.ts(397,11): error TS2571: Object is of type 'unknown'.
src/lib/judit-api-client.ts(735,57): error TS2345: Argument of type 'number' is not assignable to parameter of type '500 | 503 | 429 | 502 | 504'.
src/lib/judit-api-client.ts(741,57): error TS2345: Argument of type 'number' is not assignable to parameter of type '403 | 401 | 400 | 404'.
src/lib/logger.ts(17,11): error TS2430: Interface 'ExtendedRequest' incorrectly extends interface 'Request<ParamsDictionary, any, any, ParsedQs, Record<string, any>>'.
  The types returned by 'get(...)' are incompatible between these types.
    Type 'string | undefined' is not assignable to type 'string[] | undefined'.
      Type 'string' is not assignable to type 'string[]'.
src/lib/logger.ts(32,11): error TS2430: Interface 'ExtendedResponse' incorrectly extends interface 'Response<any, Record<string, any>>'.
  Types of property 'end' are incompatible.
    Type '((...args: unknown[]) => ExtendedResponse) | undefined' is not assignable to type '{ (cb?: (() => void) | undefined): this; (chunk: any, cb?: (() => void) | undefined): this; (chunk: any, encoding: BufferEncoding, cb?: (() => void) | undefined): this; }'.
      Type 'undefined' is not assignable to type '{ (cb?: (() => void) | undefined): this; (chunk: any, cb?: (() => void) | undefined): this; (chunk: any, encoding: BufferEncoding, cb?: (() => void) | undefined): this; }'.
src/lib/observability/alerting.ts(95,5): error TS2322: Type 'JuditAlertType' is not assignable to type 'AlertType'.
  Type '"CIRCUIT_BREAKER"' is not assignable to type 'AlertType'.
src/lib/observability/alerting.ts(486,15): error TS2484: Export declaration conflicts with exported declaration of 'AlertOptions'.
src/lib/observability/alerting.ts(486,29): error TS2484: Export declaration conflicts with exported declaration of 'NotificationChannel'.
src/lib/pdf-generator.ts(117,45): error TS2345: Argument of type 'unknown' is not assignable to parameter of type 'LaunchOptions | undefined'.
src/lib/permission-validator.ts(71,12): error TS2571: Object is of type 'unknown'.
src/lib/permission-validator.ts(106,22): error TS2571: Object is of type 'unknown'.
src/lib/process-alerts.ts(143,26): error TS18046: 'movement.type' is of type 'unknown'.
src/lib/process-alerts.ts(144,25): error TS18046: 'movement.description' is of type 'unknown'.
src/lib/process-alerts.ts(199,160): error TS2769: No overload matches this call.
  Overload 1 of 4, '(value: string | number | Date): Date', gave the following error.
    Argument of type '{}' is not assignable to parameter of type 'string | number | Date'.
  Overload 2 of 4, '(value: string | number): Date', gave the following error.
    Argument of type '{}' is not assignable to parameter of type 'string | number'.
src/lib/queue/juditQueue.ts(325,36): error TS2345: Argument of type '"unknown" | JobState' is not assignable to parameter of type 'JobState'.
  Type '"unknown"' is not assignable to type 'JobState'.
src/lib/queues.ts(49,53): error TS2769: No overload matches this call.
  Overload 1 of 2, '(queueName: string, opts?: QueueOptions | undefined): Queue<any>', gave the following error.
    Argument of type '{ defaultJobOptions: { priority: number; attempts: number; removeOnComplete: number; removeOnFail: number; backoff: { type: string; delay: number; }; }; redis: Redis | null; }' is not assignable to parameter of type 'QueueOptions'.
      Types of property 'redis' are incompatible.
        Type 'Redis | null' is not assignable to type 'string | RedisOptions | undefined'.
          Type 'null' is not assignable to type 'string | RedisOptions | undefined'.
  Overload 2 of 2, '(queueName: string, url: string, opts?: QueueOptions | undefined): Queue<any>', gave the following error.
    Argument of type '{ defaultJobOptions: { priority: number; attempts: number; removeOnComplete: number; removeOnFail: number; backoff: { type: string; delay: number; }; }; redis: Redis | null; }' is not assignable to parameter of type 'string'.
src/lib/quota-system.ts(93,5): error TS2322: Type '{ id: string; plan: Plan; createdAt: Date; updatedAt: Date; workspaceId: string; reportsMonthlyLimit: number; reportProcessesLimit: number; reportsUsedThisMonth: number; quotaResetDate: Date; overrideLimits: JsonValue; }' is not assignable to type '{ id: string; workspaceId: string; plan: Plan; reportsMonthlyLimit: number; reportProcessesLimit: number; reportsUsedThisMonth: number; quotaResetDate: Date; overrideLimits?: Record<...> | undefined; }'.
  Types of property 'overrideLimits' are incompatible.
    Type 'JsonValue' is not assignable to type 'Record<string, unknown> | undefined'.
      Type 'null' is not assignable to type 'Record<string, unknown> | undefined'.
src/lib/redis.ts(168,9): error TS1117: An object literal cannot have multiple properties with the same name.
src/lib/redis.ts(394,9): error TS2322: Type 'unknown' is not assignable to type 'string | number | boolean | undefined'.
src/lib/redis.ts(419,30): error TS7006: Parameter 'timeToReconnect' implicitly has an 'any' type.
src/lib/report-cache-manager.ts(413,7): error TS2345: Argument of type 'unknown' is not assignable to parameter of type 'string'.
src/lib/report-cache-manager.ts(425,9): error TS2322: Type 'string' is not assignable to type 'ReportType'.
src/lib/report-cache-manager.ts(427,9): error TS2322: Type 'string' is not assignable to type 'AudienceType'.
src/lib/report-customization.ts(491,47): error TS2345: Argument of type 'Record<string, unknown>' is not assignable to parameter of type 'ReportData'.
  Type 'Record<string, unknown>' is missing the following properties from type 'ReportData': title, generated_at, generated_by, workspace_name, and 2 more.
src/lib/report-generator.ts(873,11): error TS2322: Type 'ReportSummary' is not assignable to type 'JsonNull | InputJsonValue'.
  Type 'ReportSummary' is missing the following properties from type 'readonly (InputJsonValue | null)[]': length, concat, join, slice, and 26 more.
src/lib/services/circuitBreakerService.ts(69,35): error TS2339: Property 'message' does not exist on type '{}'.
src/lib/services/circuitBreakerService.ts(87,39): error TS18046: 'error' is of type 'unknown'.
src/lib/services/juditAttachmentProcessor.ts(138,33): error TS2339: Property 'data' does not exist on type '{}'.
src/lib/services/juditAttachmentProcessor.ts(291,9): error TS2322: Type 'ExtractionResult' is not assignable to type 'string'.
src/lib/services/juditAttachmentProcessor.ts(313,9): error TS2322: Type 'unknown' is not assignable to type 'DocumentType | undefined'.
src/lib/services/localPDFMetadataExtractor.ts(354,36): error TS2344: Type 'string | undefined' does not satisfy the constraint 'string | number | symbol'.
  Type 'undefined' is not assignable to type 'string | number | symbol'.
src/lib/services/supabaseStorageService.ts(163,27): error TS2322: Type 'string | undefined' is not assignable to type 'string | null'.
  Type 'undefined' is not assignable to type 'string | null'.
src/lib/services/supabaseStorageService.ts(193,27): error TS2322: Type 'string | undefined' is not assignable to type 'string | null'.
  Type 'undefined' is not assignable to type 'string | null'.
src/lib/services/supabaseStorageService.ts(217,27): error TS2322: Type 'string | undefined' is not assignable to type 'string | null'.
  Type 'undefined' is not assignable to type 'string | null'.
src/lib/services/timelineEnricher.ts(331,9): error TS2698: Spread types may only be created from object types.
src/lib/services/timelineEnricher.ts(362,7): error TS2322: Type 'Record<string, unknown>' is not assignable to type 'NullableJsonNullValueInput | InputJsonValue | undefined'.
  Type 'Record<string, unknown>' is missing the following properties from type 'readonly (InputJsonValue | null)[]': length, concat, join, slice, and 26 more.
src/lib/services/timelineEnricher.ts(396,9): error TS2698: Spread types may only be created from object types.
src/lib/system-sync.ts(53,11): error TS2322: Type 'unknown' is not assignable to type 'SourceSystem | EnumSourceSystemFilter<"SystemImport"> | undefined'.
src/lib/system-sync.ts(64,38): error TS2339: Property 'importedItems' does not exist on type '{ id: string; status: ImportStatus; createdAt: Date; updatedAt: Date; workspaceId: string; summary: JsonValue; fileName: string; filePath: string; fileSize: number; ... 22 more ...; finishedAt: Date | null; }'.
src/lib/types/json-fields.ts(199,3): error TS2411: Property 'pdf' of type 'string | undefined' is not assignable to 'string' index type 'string'.
src/lib/types/json-fields.ts(200,3): error TS2411: Property 'docx' of type 'string | undefined' is not assignable to 'string' index type 'string'.
src/lib/types/json-fields.ts(201,3): error TS2411: Property 'xlsx' of type 'string | undefined' is not assignable to 'string' index type 'string'.
src/lib/utils/case-onboarding-helper.ts(81,9): error TS2322: Type 'OnboardingMetadata' is not assignable to type 'NullableJsonNullValueInput | InputJsonValue | undefined'.
  Type 'OnboardingMetadata' is missing the following properties from type 'readonly (InputJsonValue | null)[]': length, concat, join, slice, and 26 more.
src/lib/utils/case-onboarding-helper.ts(176,9): error TS2322: Type 'OnboardingMetadata' is not assignable to type 'NullableJsonNullValueInput | InputJsonValue | undefined'.
  Type 'OnboardingMetadata' is missing the following properties from type 'readonly (InputJsonValue | null)[]': length, concat, join, slice, and 26 more.
src/lib/websocket-manager.ts(277,7): error TS2353: Object literal may only specify known properties, and 'timestamp' does not exist in type 'Omit<WebSocketMessage, "timestamp">'.
workers/usage-aggregator-worker.ts(57,40): error TS2769: No overload matches this call.
  Overload 1 of 2, '(queueName: string, opts?: QueueOptions | undefined): Queue<AggregatorJobData>', gave the following error.
    Type 'Redis | MockRedis' is not assignable to type 'string | RedisOptions | undefined'.
      Type 'Redis' is not assignable to type 'string | RedisOptions | undefined'.
        Type 'Redis' is not assignable to type 'RedisOptions'.
          Type 'Redis' is not assignable to type 'CommonRedisOptions'.
            Types of property 'monitor' are incompatible.
              Type '(callback?: Callback<Redis> | undefined) => Promise<Redis>' is not assignable to type 'boolean | undefined'.
  Overload 2 of 2, '(queueName: string, url: string, opts?: QueueOptions | undefined): Queue<AggregatorJobData>', gave the following error.
    Argument of type '{ redis: Redis | MockRedis; defaultJobOptions: { removeOnComplete: number; removeOnFail: number; attempts: 3; backoff: { type: string; delay: number; }; }; }' is not assignable to parameter of type 'string'.
