
> justoai-v2@0.1.0 type-check
> tsc --noEmit

.next/types/app/api/credits/balance/route.ts(49,7): error TS2344: Type '{ __tag__: "GET"; __param_position__: "second"; __param_type__: { params: Promise<Record<string, string>>; } | undefined; }' does not satisfy the constraint 'ParamCheck<RouteContext>'.
  Types of property '__param_type__' are incompatible.
    Type '{ params: Promise<Record<string, string>>; } | undefined' is not assignable to type 'RouteContext'.
      Type 'undefined' is not assignable to type 'RouteContext'.
.next/types/app/api/credits/consume/route.ts(49,7): error TS2344: Type '{ __tag__: "GET"; __param_position__: "second"; __param_type__: { params: Promise<Record<string, string>>; } | undefined; }' does not satisfy the constraint 'ParamCheck<RouteContext>'.
  Types of property '__param_type__' are incompatible.
    Type '{ params: Promise<Record<string, string>>; } | undefined' is not assignable to type 'RouteContext'.
      Type 'undefined' is not assignable to type 'RouteContext'.
.next/types/app/api/credits/consume/route.ts(166,7): error TS2344: Type '{ __tag__: "POST"; __param_position__: "second"; __param_type__: { params: Promise<Record<string, string>>; } | undefined; }' does not satisfy the constraint 'ParamCheck<RouteContext>'.
  Types of property '__param_type__' are incompatible.
    Type '{ params: Promise<Record<string, string>>; } | undefined' is not assignable to type 'RouteContext'.
      Type 'undefined' is not assignable to type 'RouteContext'.
.next/types/app/api/credits/history/route.ts(49,7): error TS2344: Type '{ __tag__: "GET"; __param_position__: "second"; __param_type__: { params: Promise<Record<string, string>>; } | undefined; }' does not satisfy the constraint 'ParamCheck<RouteContext>'.
  Types of property '__param_type__' are incompatible.
    Type '{ params: Promise<Record<string, string>>; } | undefined' is not assignable to type 'RouteContext'.
      Type 'undefined' is not assignable to type 'RouteContext'.
.next/types/app/api/credits/purchase/route.ts(49,7): error TS2344: Type '{ __tag__: "GET"; __param_position__: "second"; __param_type__: { params: Promise<Record<string, string>>; } | undefined; }' does not satisfy the constraint 'ParamCheck<RouteContext>'.
  Types of property '__param_type__' are incompatible.
    Type '{ params: Promise<Record<string, string>>; } | undefined' is not assignable to type 'RouteContext'.
      Type 'undefined' is not assignable to type 'RouteContext'.
.next/types/app/api/credits/purchase/route.ts(166,7): error TS2344: Type '{ __tag__: "POST"; __param_position__: "second"; __param_type__: { params: Promise<Record<string, string>>; } | undefined; }' does not satisfy the constraint 'ParamCheck<RouteContext>'.
  Types of property '__param_type__' are incompatible.
    Type '{ params: Promise<Record<string, string>>; } | undefined' is not assignable to type 'RouteContext'.
      Type 'undefined' is not assignable to type 'RouteContext'.
.next/types/app/api/process/[id]/analysis/[version]/route.ts(49,7): error TS2344: Type '{ __tag__: "GET"; __param_position__: "second"; __param_type__: { params: Promise<Record<string, string>>; } | undefined; }' does not satisfy the constraint 'ParamCheck<RouteContext>'.
  Types of property '__param_type__' are incompatible.
    Type '{ params: Promise<Record<string, string>>; } | undefined' is not assignable to type 'RouteContext'.
      Type 'undefined' is not assignable to type 'RouteContext'.
.next/types/app/api/process/[id]/analysis/fast/route.ts(49,7): error TS2344: Type '{ __tag__: "GET"; __param_position__: "second"; __param_type__: { params: Promise<Record<string, string>>; } | undefined; }' does not satisfy the constraint 'ParamCheck<RouteContext>'.
  Types of property '__param_type__' are incompatible.
    Type '{ params: Promise<Record<string, string>>; } | undefined' is not assignable to type 'RouteContext'.
      Type 'undefined' is not assignable to type 'RouteContext'.
.next/types/app/api/process/[id]/analysis/fast/route.ts(166,7): error TS2344: Type '{ __tag__: "POST"; __param_position__: "second"; __param_type__: { params: Promise<Record<string, string>>; } | undefined; }' does not satisfy the constraint 'ParamCheck<RouteContext>'.
  Types of property '__param_type__' are incompatible.
    Type '{ params: Promise<Record<string, string>>; } | undefined' is not assignable to type 'RouteContext'.
      Type 'undefined' is not assignable to type 'RouteContext'.
.next/types/app/api/process/[id]/analysis/history/route.ts(49,7): error TS2344: Type '{ __tag__: "GET"; __param_position__: "second"; __param_type__: { params: Promise<Record<string, string>>; } | undefined; }' does not satisfy the constraint 'ParamCheck<RouteContext>'.
  Types of property '__param_type__' are incompatible.
    Type '{ params: Promise<Record<string, string>>; } | undefined' is not assignable to type 'RouteContext'.
      Type 'undefined' is not assignable to type 'RouteContext'.
.next/types/app/api/reports/download/[id]/route.ts(49,7): error TS2344: Type '{ __tag__: "GET"; __param_position__: "second"; __param_type__: { params: Promise<Record<string, string>>; } | undefined; }' does not satisfy the constraint 'ParamCheck<RouteContext>'.
  Types of property '__param_type__' are incompatible.
    Type '{ params: Promise<Record<string, string>>; } | undefined' is not assignable to type 'RouteContext'.
      Type 'undefined' is not assignable to type 'RouteContext'.
.next/types/app/api/reports/history/route.ts(49,7): error TS2344: Type '{ __tag__: "GET"; __param_position__: "second"; __param_type__: { params: Promise<Record<string, string>>; } | undefined; }' does not satisfy the constraint 'ParamCheck<RouteContext>'.
  Types of property '__param_type__' are incompatible.
    Type '{ params: Promise<Record<string, string>>; } | undefined' is not assignable to type 'RouteContext'.
      Type 'undefined' is not assignable to type 'RouteContext'.
next.config.backup.ts(180,9): error TS2322: Type 'typeof globalThis' is not assignable to type 'Window & typeof globalThis'.
  Type 'typeof globalThis' is missing the following properties from type 'Window': name, __NEXT_DATA__, ScrollTimeline
src/app/api/admin/monitoring/route.ts(392,73): error TS2339: Property 'isReady' does not exist on type 'never'.
src/app/api/admin/monitoring/route.ts(441,11): error TS2353: Object literal may only specify known properties, and 'timestamp' does not exist in type 'WebhookErrorWhereInput'.
src/app/api/admin/monitoring/route.ts(498,41): error TS2345: Argument of type 'unknown' is not assignable to parameter of type 'string | undefined'.
src/app/api/admin/monitoring/route.ts(501,38): error TS2345: Argument of type 'unknown' is not assignable to parameter of type 'string | undefined'.
src/app/api/admin/monitoring/route.ts(525,31): error TS2339: Property 'pause' does not exist on type 'never'.
src/app/api/admin/monitoring/route.ts(528,50): error TS2339: Property 'getActive' does not exist on type 'never'.
src/app/api/admin/monitoring/route.ts(534,31): error TS2339: Property 'resume' does not exist on type 'never'.
src/app/api/admin/monitoring/route.ts(552,24): error TS2551: Property 'CLEAR' does not exist on type '{ readonly SUCCESS: "âœ“"; readonly ERROR: "âœ—"; readonly WARNING: "!"; readonly INFO: "i"; readonly LOADING: "..."; readonly ARROW_LEFT: "<"; readonly ARROW_RIGHT: ">"; readonly ARROW_UP: "^"; ... 72 more ...; readonly HEALTH: "ðŸ’š"; }'. Did you mean 'CLEAN'?
src/app/api/admin/monitoring/route.ts(562,27): error TS2339: Property 'getWaiting' does not exist on type 'never'.
src/app/api/admin/monitoring/route.ts(563,27): error TS2339: Property 'getFailed' does not exist on type 'never'.
src/app/api/admin/monitoring/route.ts(567,31): error TS2339: Property 'clean' does not exist on type 'never'.
src/app/api/admin/monitoring/route.ts(568,31): error TS2339: Property 'clean' does not exist on type 'never'.
src/app/api/admin/monitoring/route.ts(665,33): error TS2339: Property 'pause' does not exist on type 'never'.
src/app/api/admin/monitoring/route.ts(669,18): error TS2339: Property 'monitoringTelemetry' does not exist on type 'PrismaClient<PrismaClientOptions, never, DefaultArgs>'.
src/app/api/admin/monitoring/route.ts(720,69): error TS2339: Property 'isReady' does not exist on type 'never'.
src/app/api/admin/status/route.ts(95,29): error TS2339: Property 'redis' does not exist on type '{ status: string; timestamp: string; components: { queues: { status: string; healthy: number; total: number; details: { name: string; status: string; active: number; failed: number; waiting: number; }[]; }; redis: { ...; } | { ...; }; }; error?: undefined; } | { ...; }'.
  Property 'redis' does not exist on type '{ status: string; timestamp: string; components: { queues: { status: string; healthy: number; total: number; details: { name: string; status: string; active: number; failed: number; waiting: number; }[]; }; redis: { ...; } | { ...; }; }; error?: undefined; }'.
src/app/api/admin/status/route.ts(98,30): error TS2339: Property 'redis' does not exist on type '{ status: string; timestamp: string; components: { queues: { status: string; healthy: number; total: number; details: { name: string; status: string; active: number; failed: number; waiting: number; }[]; }; redis: { ...; } | { ...; }; }; error?: undefined; } | { ...; }'.
  Property 'redis' does not exist on type '{ status: string; timestamp: string; components: { queues: { status: string; healthy: number; total: number; details: { name: string; status: string; active: number; failed: number; waiting: number; }[]; }; redis: { ...; } | { ...; }; }; error?: undefined; }'.
src/app/api/admin/status/route.ts(128,21): error TS2339: Property 'summary' does not exist on type '{ status: string; timestamp: string; components: { queues: { status: string; healthy: number; total: number; details: { name: string; status: string; active: number; failed: number; waiting: number; }[]; }; redis: { ...; } | { ...; }; }; error?: undefined; } | { ...; }'.
  Property 'summary' does not exist on type '{ status: string; timestamp: string; components: { queues: { status: string; healthy: number; total: number; details: { name: string; status: string; active: number; failed: number; waiting: number; }[]; }; redis: { ...; } | { ...; }; }; error?: undefined; }'.
src/app/api/admin/status/route.ts(128,60): error TS2339: Property 'summary' does not exist on type '{ status: string; timestamp: string; components: { queues: { status: string; healthy: number; total: number; details: { name: string; status: string; active: number; failed: number; waiting: number; }[]; }; redis: { ...; } | { ...; }; }; error?: undefined; } | { ...; }'.
  Property 'summary' does not exist on type '{ status: string; timestamp: string; components: { queues: { status: string; healthy: number; total: number; details: { name: string; status: string; active: number; failed: number; waiting: number; }[]; }; redis: { ...; } | { ...; }; }; error?: undefined; }'.
src/app/api/admin/status/route.ts(136,33): error TS2339: Property 'summary' does not exist on type '{ status: string; timestamp: string; components: { queues: { status: string; healthy: number; total: number; details: { name: string; status: string; active: number; failed: number; waiting: number; }[]; }; redis: { ...; } | { ...; }; }; error?: undefined; } | { ...; }'.
  Property 'summary' does not exist on type '{ status: string; timestamp: string; components: { queues: { status: string; healthy: number; total: number; details: { name: string; status: string; active: number; failed: number; waiting: number; }[]; }; redis: { ...; } | { ...; }; }; error?: undefined; }'.
src/app/api/admin/status/route.ts(136,71): error TS2339: Property 'summary' does not exist on type '{ status: string; timestamp: string; components: { queues: { status: string; healthy: number; total: number; details: { name: string; status: string; active: number; failed: number; waiting: number; }[]; }; redis: { ...; } | { ...; }; }; error?: undefined; } | { ...; }'.
  Property 'summary' does not exist on type '{ status: string; timestamp: string; components: { queues: { status: string; healthy: number; total: number; details: { name: string; status: string; active: number; failed: number; waiting: number; }[]; }; redis: { ...; } | { ...; }; }; error?: undefined; }'.
src/app/api/ai/analyze/route.ts(37,62): error TS2554: Expected 0 arguments, but got 1.
src/app/api/ai/analyze/route.ts(118,96): error TS18048: 'debitResult.newBalance' is possibly 'undefined'.
src/app/api/ai/analyze/route.ts(191,34): error TS2554: Expected 0 arguments, but got 1.
src/app/api/ai/analyze/route.ts(271,62): error TS2554: Expected 0 arguments, but got 1.
src/app/api/ai/analyze/route.ts(277,18): error TS2551: Property 'LOCK' does not exist on type '{ readonly SUCCESS: "âœ“"; readonly ERROR: "âœ—"; readonly WARNING: "!"; readonly INFO: "i"; readonly LOADING: "..."; readonly ARROW_LEFT: "<"; readonly ARROW_RIGHT: ">"; readonly ARROW_UP: "^"; ... 72 more ...; readonly HEALTH: "ðŸ’š"; }'. Did you mean 'CLOCK'?
src/app/api/ai/multi-front-analysis/route.ts(47,11): error TS2554: Expected 1 arguments, but got 2.
src/app/api/ai/test-gemini/route.ts(126,28): error TS18046: 'geminiClient' is of type 'unknown'.
src/app/api/ai/test-gemini/route.ts(169,32): error TS18046: 'geminiClient' is of type 'unknown'.
src/app/api/analytics/route.ts(113,7): error TS18046: 'analyticsData' is of type 'unknown'.
src/app/api/analytics/route.ts(137,7): error TS18046: 'analyticsData' is of type 'unknown'.
src/app/api/analytics/route.ts(163,7): error TS18046: 'analyticsData' is of type 'unknown'.
src/app/api/analytics/route.ts(198,7): error TS18046: 'analyticsData' is of type 'unknown'.
src/app/api/auth/callback/route.ts(34,31): error TS2345: Argument of type '[string, string, unknown]' is not assignable to parameter of type '[key: string, value: string, cookie?: Partial<ResponseCookie> | undefined] | [options: ResponseCookie]'.
  Type '[string, string, unknown]' is not assignable to type '[key: string, value: string, cookie?: Partial<ResponseCookie> | undefined]'.
    Type at position 2 in source is not compatible with type at position 2 in target.
      Type 'unknown' is not assignable to type 'Partial<ResponseCookie> | undefined'.
src/app/api/auth/callback/route.ts(51,59): error TS2345: Argument of type '{ type: "email" | "sms" | "recovery" | "invite" | "signup" | "magiclink"; token_hash: any; email: string; }' is not assignable to parameter of type 'VerifyOtpParams'.
  Type '{ type: "email" | "sms" | "recovery" | "invite" | "signup" | "magiclink"; token_hash: any; email: string; }' is not assignable to type 'VerifyTokenHashParams'.
    Types of property 'type' are incompatible.
      Type '"email" | "sms" | "signup" | "invite" | "magiclink" | "recovery"' is not assignable to type 'EmailOtpType'.
        Type '"sms"' is not assignable to type 'EmailOtpType'.
src/app/api/auth/callback/route.ts(111,31): error TS2345: Argument of type '[string, string, unknown]' is not assignable to parameter of type '[key: string, value: string, cookie?: Partial<ResponseCookie> | undefined] | [options: ResponseCookie]'.
  Type '[string, string, unknown]' is not assignable to type '[key: string, value: string, cookie?: Partial<ResponseCookie> | undefined]'.
    Type at position 2 in source is not compatible with type at position 2 in target.
      Type 'unknown' is not assignable to type 'Partial<ResponseCookie> | undefined'.
src/app/api/auth/forgot-password/route.ts(48,18): error TS2339: Property 'passwordReset' does not exist on type 'PrismaClient<PrismaClientOptions, never, DefaultArgs>'.
src/app/api/auth/login/route.ts(36,31): error TS2345: Argument of type '[string, string, unknown]' is not assignable to parameter of type '[key: string, value: string, cookie?: Partial<ResponseCookie> | undefined] | [options: ResponseCookie]'.
  Type '[string, string, unknown]' is not assignable to type '[key: string, value: string, cookie?: Partial<ResponseCookie> | undefined]'.
    Type at position 2 in source is not compatible with type at position 2 in target.
      Type 'unknown' is not assignable to type 'Partial<ResponseCookie> | undefined'.
src/app/api/auth/resend-verification/route.ts(60,9): error TS2353: Object literal may only specify known properties, and 'emailVerificationToken' does not exist in type '(Without<UserUpdateInput, UserUncheckedUpdateInput> & UserUncheckedUpdateInput) | (Without<...> & UserUpdateInput)'.
src/app/api/auth/signup/route.ts(29,31): error TS2345: Argument of type '[string, string, unknown]' is not assignable to parameter of type '[key: string, value: string, cookie?: Partial<ResponseCookie> | undefined] | [options: ResponseCookie]'.
  Type '[string, string, unknown]' is not assignable to type '[key: string, value: string, cookie?: Partial<ResponseCookie> | undefined]'.
    Type at position 2 in source is not compatible with type at position 2 in target.
      Type 'unknown' is not assignable to type 'Partial<ResponseCookie> | undefined'.
src/app/api/billing/credits/route.ts(203,39): error TS2551: Property 'creditTransactions' does not exist on type 'PrismaClient<PrismaClientOptions, never, DefaultArgs>'. Did you mean 'creditTransaction'?
src/app/api/billing/credits/route.ts(209,73): error TS7006: Parameter 't' implicitly has an 'any' type.
src/app/api/billing/credits/route.ts(213,40): error TS2339: Property 'reason' does not exist on type '{}'.
src/app/api/billing/credits/route.ts(520,7): error TS18046: 'quotaStatus' is of type 'unknown'.
src/app/api/billing/credits/route.ts(522,14): error TS18046: 'quotaStatus' is of type 'unknown'.
src/app/api/billing/credits/route.ts(526,7): error TS18046: 'balance' is of type 'unknown'.
src/app/api/billing/credits/route.ts(530,7): error TS18046: 'quotaStatus' is of type 'unknown'.
src/app/api/billing/credits/route.ts(578,22): error TS18046: 'payload' is of type 'unknown'.
src/app/api/billing/credits/route.ts(579,21): error TS18046: 'payload' is of type 'unknown'.
src/app/api/cases/[id]/events/route.ts(99,11): error TS2698: Spread types may only be created from object types.
src/app/api/cases/[id]/events/route.ts(210,19): error TS2345: Argument of type '{ id: string; date: string; title: string; description: string; type: "document"; source: string; attachments: { id: string; name: string; type: string; size: number; }[]; metadata: { documentType: $Enums.DocumentType; pages: number | null; hasExtractedText: boolean; sourceOrigin: string; }; }' is not assignable to parameter of type 'TimelineEvent'.
  Types of property 'source' are incompatible.
    Type 'string' is not assignable to type '"api_monitoring" | "pdf_analysis" | "csv_import" | "manual" | "lawyer_note"'.
src/app/api/cases/[id]/notes/[noteId]/route.ts(83,17): error TS2353: Object literal may only specify known properties, and 'userWorkspaces' does not exist in type 'WorkspaceInclude<DefaultArgs>'.
src/app/api/cases/[id]/notes/[noteId]/route.ts(124,15): error TS2339: Property 'case' does not exist on type '{ id: string; description: string | null; createdAt: Date; type: EventType; title: string; metadata: JsonValue; userId: string; caseId: string; eventDate: Date; }'.
src/app/api/cases/[id]/notes/[noteId]/route.ts(124,55): error TS2339: Property 'case' does not exist on type '{ id: string; description: string | null; createdAt: Date; type: EventType; title: string; metadata: JsonValue; userId: string; caseId: string; eventDate: Date; }'.
src/app/api/cases/[id]/notes/[noteId]/route.ts(202,32): error TS2339: Property 'updatedAt' does not exist on type '{ id: string; description: string | null; createdAt: Date; type: EventType; title: string; metadata: JsonValue; userId: string; caseId: string; eventDate: Date; }'.
src/app/api/cases/[id]/notes/[noteId]/route.ts(214,15): error TS2304: Cannot find name 'user'.
src/app/api/cases/[id]/notes/[noteId]/route.ts(262,17): error TS2353: Object literal may only specify known properties, and 'userWorkspaces' does not exist in type 'WorkspaceInclude<DefaultArgs>'.
src/app/api/cases/[id]/notes/[noteId]/route.ts(303,15): error TS2339: Property 'case' does not exist on type '{ id: string; description: string | null; createdAt: Date; type: EventType; title: string; metadata: JsonValue; userId: string; caseId: string; eventDate: Date; }'.
src/app/api/cases/[id]/notes/[noteId]/route.ts(303,55): error TS2339: Property 'case' does not exist on type '{ id: string; description: string | null; createdAt: Date; type: EventType; title: string; metadata: JsonValue; userId: string; caseId: string; eventDate: Date; }'.
src/app/api/cases/[id]/notes/[noteId]/route.ts(358,15): error TS2304: Cannot find name 'user'.
src/app/api/cases/[id]/notes/route.ts(60,29): error TS2353: Object literal may only specify known properties, and 'userWorkspaces' does not exist in type 'WorkspaceInclude<DefaultArgs>'.
src/app/api/cases/[id]/notes/route.ts(75,19): error TS2551: Property 'workspace' does not exist on type '{ number: string; status: CaseStatus; id: string; description: string | null; createdAt: Date; updatedAt: Date; workspaceId: string; type: CaseType; clientId: string; ... 19 more ...; processoId: string | null; }'. Did you mean 'workspaceId'?
src/app/api/cases/[id]/notes/route.ts(75,57): error TS2551: Property 'workspace' does not exist on type '{ number: string; status: CaseStatus; id: string; description: string | null; createdAt: Date; updatedAt: Date; workspaceId: string; type: CaseType; clientId: string; ... 19 more ...; processoId: string | null; }'. Did you mean 'workspaceId'?
src/app/api/cases/[id]/notes/route.ts(126,23): error TS2339: Property 'updatedAt' does not exist on type '{ id: string; description: string | null; createdAt: Date; type: EventType; title: string; metadata: JsonValue; userId: string; caseId: string; eventDate: Date; }'.
src/app/api/cases/[id]/notes/route.ts(149,15): error TS2304: Cannot find name 'user'.
src/app/api/cases/[id]/notes/route.ts(216,29): error TS2353: Object literal may only specify known properties, and 'userWorkspaces' does not exist in type 'WorkspaceInclude<DefaultArgs>'.
src/app/api/cases/[id]/notes/route.ts(230,19): error TS2551: Property 'workspace' does not exist on type '{ number: string; status: CaseStatus; id: string; description: string | null; createdAt: Date; updatedAt: Date; workspaceId: string; type: CaseType; clientId: string; ... 19 more ...; processoId: string | null; }'. Did you mean 'workspaceId'?
src/app/api/cases/[id]/notes/route.ts(230,57): error TS2551: Property 'workspace' does not exist on type '{ number: string; status: CaseStatus; id: string; description: string | null; createdAt: Date; updatedAt: Date; workspaceId: string; type: CaseType; clientId: string; ... 19 more ...; processoId: string | null; }'. Did you mean 'workspaceId'?
src/app/api/cases/[id]/notes/route.ts(275,27): error TS2339: Property 'updatedAt' does not exist on type '{ id: string; description: string | null; createdAt: Date; type: EventType; title: string; metadata: JsonValue; userId: string; caseId: string; eventDate: Date; }'.
src/app/api/cases/[id]/notes/route.ts(288,15): error TS2304: Cannot find name 'user'.
src/app/api/cases/[id]/onboarding-retry/route.ts(19,51): error TS2554: Expected 0 arguments, but got 1.
src/app/api/cases/[id]/onboarding-retry/route.ts(55,9): error TS2353: Object literal may only specify known properties, and 'members' does not exist in type 'WorkspaceWhereInput'.
src/app/api/cases/[id]/onboarding-retry/route.ts(82,9): error TS18046: 'metadata' is of type 'unknown'.
src/app/api/cases/[id]/onboarding-retry/route.ts(123,9): error TS2552: Cannot find name 'userId'. Did you mean 'user'?
src/app/api/cases/[id]/onboarding-status/route.ts(17,51): error TS2554: Expected 0 arguments, but got 1.
src/app/api/cases/[id]/onboarding-status/route.ts(52,9): error TS2353: Object literal may only specify known properties, and 'members' does not exist in type 'WorkspaceWhereInput'.
src/app/api/cases/[id]/timeline/conflicts/resolve/route.ts(114,13): error TS2698: Spread types may only be created from object types.
src/app/api/cases/[id]/timeline/conflicts/resolve/route.ts(143,17): error TS18046: 'updateData' is of type 'unknown'.
src/app/api/cases/[id]/timeline/conflicts/resolve/route.ts(154,15): error TS18046: 'updateData' is of type 'unknown'.
src/app/api/cases/[id]/timeline/conflicts/resolve/route.ts(174,17): error TS2322: Type 'JsonValue' is not assignable to type 'NullableJsonNullValueInput | InputJsonValue | undefined'.
  Type 'null' is not assignable to type 'NullableJsonNullValueInput | InputJsonValue | undefined'.
src/app/api/cases/[id]/timeline/conflicts/resolve/route.ts(178,17): error TS2322: Type 'JsonValue' is not assignable to type 'NullableJsonNullValueInput | InputJsonValue | undefined'.
  Type 'null' is not assignable to type 'NullableJsonNullValueInput | InputJsonValue | undefined'.
src/app/api/cases/[id]/timeline/conflicts/resolve/route.ts(191,11): error TS2322: Type 'unknown' is not assignable to type '(Without<ProcessTimelineEntryUpdateInput, ProcessTimelineEntryUncheckedUpdateInput> & ProcessTimelineEntryUncheckedUpdateInput) | (Without<...> & ProcessTimelineEntryUpdateInput)'.
src/app/api/cases/[id]/unified-timeline/route.ts(139,5): error TS2322: Type 'EventRelationType | null' is not assignable to type '"DUPLICATE" | "ENRICHMENT" | "RELATED" | "CONFLICT" | undefined'.
  Type 'null' is not assignable to type '"DUPLICATE" | "ENRICHMENT" | "RELATED" | "CONFLICT" | undefined'.
src/app/api/cases/[id]/unified-timeline/route.ts(140,5): error TS2322: Type 'string | null' is not assignable to type 'string | undefined'.
  Type 'null' is not assignable to type 'string | undefined'.
src/app/api/cases/[id]/unified-timeline/route.ts(293,11): error TS2322: Type '{ id: string; caseId: string; contentHash: string; eventDate: Date; eventType: DocumentType; description: string; normalizedContent: string; source: TimelineSource; ... 10 more ...; linkedDocumentIds: never[]; }[]' is not assignable to type 'TimelineEntryInput[]'.
  Type '{ id: string; caseId: string; contentHash: string; eventDate: Date; eventType: $Enums.DocumentType; description: string; normalizedContent: string; source: TimelineSource; ... 10 more ...; linkedDocumentIds: never[]; }' is not assignable to type 'TimelineEntryInput'.
    Type '{ id: string; caseId: string; contentHash: string; eventDate: Date; eventType: DocumentType; description: string; normalizedContent: string; source: TimelineSource; ... 10 more ...; linkedDocumentIds: never[]; }' is missing the following properties from type '{ id: string; description: string; createdAt: Date; updatedAt: Date; metadata: JsonValue; caseId: string; source: TimelineSource; eventType: string; ... 17 more ...; reviewedAt: Date | null; }': isEnriched, enrichedAt, enrichmentModel, hasConflict, and 3 more.
src/app/api/cases/bulk/route.ts(32,51): error TS2554: Expected 0 arguments, but got 1.
src/app/api/cases/bulk/route.ts(85,9): error TS2353: Object literal may only specify known properties, and 'members' does not exist in type 'WorkspaceWhereInput'.
src/app/api/cases/bulk/route.ts(150,7): error TS2322: Type '{ caseId: string; userId: string; type: "BULK_UPDATE"; title: string; description: string; metadata: { bulkOperationId: string; updatedFields: string[]; updates: { clientId?: string | undefined; status?: "ACTIVE" | ... 4 more ... | undefined; priority?: "LOW" | ... 3 more ... | undefined; title?: string | undefined;...' is not assignable to type 'CaseEventCreateManyInput | CaseEventCreateManyInput[]'.
  Type '{ caseId: string; userId: string; type: "BULK_UPDATE"; title: string; description: string; metadata: { bulkOperationId: string; updatedFields: string[]; updates: { clientId?: string | undefined; status?: "ACTIVE" | ... 4 more ... | undefined; priority?: "LOW" | ... 3 more ... | undefined; title?: string | undefined;...' is not assignable to type 'CaseEventCreateManyInput[]'.
    Type '{ caseId: string; userId: string; type: "BULK_UPDATE"; title: string; description: string; metadata: { bulkOperationId: string; updatedFields: string[]; updates: { clientId?: string | undefined; status?: "ACTIVE" | ... 4 more ... | undefined; priority?: "LOW" | ... 3 more ... | undefined; title?: string | undefined;...' is not assignable to type 'CaseEventCreateManyInput'.
      Types of property 'type' are incompatible.
        Type '"BULK_UPDATE"' is not assignable to type 'EventType | undefined'.
src/app/api/cases/bulk/route.ts(209,51): error TS2554: Expected 0 arguments, but got 1.
src/app/api/cases/bulk/route.ts(261,9): error TS2353: Object literal may only specify known properties, and 'members' does not exist in type 'WorkspaceWhereInput'.
src/app/api/cases/bulk/route.ts(292,7): error TS2322: Type '{ caseId: string; userId: string; type: "BULK_DELETE"; title: string; description: string; metadata: { bulkOperationId: string; deletedAt: string; }; }[]' is not assignable to type 'CaseEventCreateManyInput | CaseEventCreateManyInput[]'.
  Type '{ caseId: string; userId: string; type: "BULK_DELETE"; title: string; description: string; metadata: { bulkOperationId: string; deletedAt: string; }; }[]' is not assignable to type 'CaseEventCreateManyInput[]'.
    Type '{ caseId: string; userId: string; type: "BULK_DELETE"; title: string; description: string; metadata: { bulkOperationId: string; deletedAt: string; }; }' is not assignable to type 'CaseEventCreateManyInput'.
      Types of property 'type' are incompatible.
        Type '"BULK_DELETE"' is not assignable to type 'EventType | undefined'.
src/app/api/cases/route.ts(158,5): error TS18046: 'where' is of type 'unknown'.
src/app/api/cases/route.ts(166,15): error TS18046: 'where' is of type 'unknown'.
src/app/api/cases/route.ts(167,13): error TS18046: 'where' is of type 'unknown'.
src/app/api/cases/route.ts(168,17): error TS18046: 'where' is of type 'unknown'.
src/app/api/cases/route.ts(169,17): error TS18046: 'where' is of type 'unknown'.
src/app/api/cases/route.ts(172,43): error TS2322: Type 'unknown' is not assignable to type 'CaseWhereInput | undefined'.
src/app/api/cases/route.ts(176,5): error TS2322: Type 'unknown' is not assignable to type 'CaseWhereInput | undefined'.
src/app/api/clients/[id]/route.ts(140,5): error TS2322: Type '{ name?: string | undefined; email?: string | undefined; phone?: string | undefined; document?: string | undefined; type?: "INDIVIDUAL" | "COMPANY" | "GOVERNMENT" | "NGO" | undefined; ... 7 more ...; metadata?: Record<...> | undefined; }' is not assignable to type '(Without<ClientUpdateInput, ClientUncheckedUpdateInput> & ClientUncheckedUpdateInput) | (Without<...> & ClientUpdateInput)'.
  Type '{ name?: string | undefined; email?: string | undefined; phone?: string | undefined; document?: string | undefined; type?: "INDIVIDUAL" | "COMPANY" | "GOVERNMENT" | "NGO" | undefined; ... 7 more ...; metadata?: Record<...> | undefined; }' is not assignable to type 'Without<ClientUncheckedUpdateInput, ClientUpdateInput> & ClientUpdateInput'.
    Type '{ name?: string | undefined; email?: string | undefined; phone?: string | undefined; document?: string | undefined; type?: "INDIVIDUAL" | "COMPANY" | "GOVERNMENT" | "NGO" | undefined; ... 7 more ...; metadata?: Record<...> | undefined; }' is not assignable to type 'ClientUpdateInput'.
      Types of property 'metadata' are incompatible.
        Type 'Record<string, unknown> | undefined' is not assignable to type 'NullableJsonNullValueInput | InputJsonValue | undefined'.
          Type 'Record<string, unknown>' is not assignable to type 'NullableJsonNullValueInput | InputJsonValue | undefined'.
            Type 'Record<string, unknown>' is missing the following properties from type 'readonly (InputJsonValue | null)[]': length, concat, join, slice, and 26 more.
src/app/api/clients/route.ts(129,5): error TS18046: 'where' is of type 'unknown'.
src/app/api/clients/route.ts(137,5): error TS18046: 'where' is of type 'unknown'.
src/app/api/clients/route.ts(141,5): error TS18046: 'where' is of type 'unknown'.
src/app/api/clients/route.ts(145,45): error TS2322: Type 'unknown' is not assignable to type 'ClientWhereInput | undefined'.
src/app/api/clients/route.ts(149,5): error TS2322: Type 'unknown' is not assignable to type 'ClientWhereInput | undefined'.
src/app/api/clients/route.ts(311,7): error TS2322: Type '{ workspaceId: string; name: string; type: "INDIVIDUAL" | "COMPANY" | "GOVERNMENT" | "NGO"; country: string; email?: string | undefined; phone?: string | undefined; document?: string | undefined; ... 5 more ...; metadata?: Record<...> | undefined; }' is not assignable to type '(Without<ClientCreateInput, ClientUncheckedCreateInput> & ClientUncheckedCreateInput) | (Without<...> & ClientCreateInput)'.
  Type '{ workspaceId: string; name: string; type: "INDIVIDUAL" | "COMPANY" | "GOVERNMENT" | "NGO"; country: string; email?: string | undefined; phone?: string | undefined; document?: string | undefined; ... 5 more ...; metadata?: Record<...> | undefined; }' is not assignable to type 'Without<ClientCreateInput, ClientUncheckedCreateInput> & ClientUncheckedCreateInput'.
    Type '{ workspaceId: string; name: string; type: "INDIVIDUAL" | "COMPANY" | "GOVERNMENT" | "NGO"; country: string; email?: string | undefined; phone?: string | undefined; document?: string | undefined; ... 5 more ...; metadata?: Record<...> | undefined; }' is not assignable to type 'ClientUncheckedCreateInput'.
      Types of property 'metadata' are incompatible.
        Type 'Record<string, unknown> | undefined' is not assignable to type 'NullableJsonNullValueInput | InputJsonValue | undefined'.
          Type 'Record<string, unknown>' is not assignable to type 'NullableJsonNullValueInput | InputJsonValue | undefined'.
            Type 'Record<string, unknown>' is missing the following properties from type 'readonly (InputJsonValue | null)[]': length, concat, join, slice, and 26 more.
src/app/api/credits/balance/route.ts(31,46): error TS2339: Property 'getWorkspaceCredits' does not exist on type 'CreditManager'.
src/app/api/credits/balance/route.ts(45,27): error TS2339: Property 'success' does not exist on type 'CreditAllocationBreakdown[]'.
src/app/api/credits/balance/route.ts(46,9): error TS18046: 'response' is of type 'unknown'.
src/app/api/credits/balance/route.ts(46,46): error TS2339: Property 'breakdown' does not exist on type 'CreditAllocationBreakdown[]'.
src/app/api/credits/balance/route.ts(52,48): error TS2339: Property 'getTransactionHistory' does not exist on type 'CreditManager'.
src/app/api/credits/balance/route.ts(54,9): error TS18046: 'response' is of type 'unknown'.
src/app/api/credits/consume/route.ts(15,15): error TS2554: Expected 2-3 arguments, but got 1.
src/app/api/credits/consume/route.ts(40,40): error TS2339: Property 'getWorkspaceCredits' does not exist on type 'CreditManager'.
src/app/api/credits/consume/route.ts(80,24): error TS2339: Property 'logUsageEvent' does not exist on type 'CreditManager'.
src/app/api/credits/consume/route.ts(91,38): error TS2339: Property 'allocationsUsed' does not exist on type 'CreditDebitResult'.
src/app/api/credits/consume/route.ts(97,47): error TS2339: Property 'getWorkspaceCredits' does not exist on type 'CreditManager'.
src/app/api/credits/consume/route.ts(110,36): error TS2339: Property 'allocationsUsed' does not exist on type 'CreditDebitResult'.
src/app/api/credits/history/route.ts(46,7): error TS18046: 'filters' is of type 'unknown'.
src/app/api/credits/history/route.ts(50,7): error TS18046: 'filters' is of type 'unknown'.
src/app/api/credits/history/route.ts(54,7): error TS18046: 'filters' is of type 'unknown'.
src/app/api/credits/history/route.ts(58,7): error TS18046: 'filters' is of type 'unknown'.
src/app/api/credits/history/route.ts(62,46): error TS2339: Property 'getTransactionHistory' does not exist on type 'CreditManager'.
src/app/api/credits/history/route.ts(74,44): error TS2339: Property 'getTransactionCount' does not exist on type 'CreditManager'.
src/app/api/credits/purchase/route.ts(10,15): error TS2769: No overload matches this call.
  Overload 1 of 2, '(values: readonly ["REPORT_5", "REPORT_20", "REPORT_50", "FULL_5", "FULL_15", "FULL_35"], params?: string | { error?: string | $ZodErrorMap<$ZodIssueInvalidValue<unknown>> | undefined; message?: string | undefined; } | undefined): ZodEnum<...>', gave the following error.
    Object literal may only specify known properties, and 'errorMap' does not exist in type '{ error?: string | $ZodErrorMap<$ZodIssueInvalidValue<unknown>> | undefined; message?: string | undefined; }'.
  Overload 2 of 2, '(entries: Readonly<Record<string, EnumValue>>, params?: string | { error?: string | $ZodErrorMap<$ZodIssueInvalidValue<unknown>> | undefined; message?: string | undefined; } | undefined): ZodEnum<...>', gave the following error.
    Argument of type 'string[]' is not assignable to parameter of type 'Readonly<Record<string, EnumValue>>'.
      Index signature for type 'string' is missing in type 'string[]'.
src/app/api/credits/purchase/route.ts(106,39): error TS2339: Property 'addCreditAllocation' does not exist on type 'CreditManager'.
src/app/api/credits/purchase/route.ts(119,24): error TS2339: Property 'logUsageEvent' does not exist on type 'CreditManager'.
src/app/api/documents/[id]/analyze/route.ts(91,43): error TS2554: Expected 0 arguments, but got 1.
src/app/api/documents/[id]/analyze/route.ts(119,21): error TS2352: Conversion of type 'PDFAnalysisResult' to type 'PDFProcessResult' may be a mistake because neither type sufficiently overlaps with the other. If this was intentional, convert the expression to 'unknown' first.
  Index signature for type 'string' is missing in type 'PDFAnalysisResult'.
src/app/api/documents/[id]/analyze/route.ts(222,9): error TS2322: Type 'PDFProcessResult' is not assignable to type 'NullableJsonNullValueInput | InputJsonValue | undefined'.
  Type 'PDFProcessResult' is missing the following properties from type 'readonly (InputJsonValue | null)[]': length, concat, join, slice, and 26 more.
src/app/api/documents/[id]/analyze/route.ts(223,9): error TS2322: Type 'AIAnalysisResult | null' is not assignable to type 'NullableJsonNullValueInput | InputJsonValue | undefined'.
  Type 'null' is not assignable to type 'NullableJsonNullValueInput | InputJsonValue | undefined'.
src/app/api/documents/[id]/analyze/route.ts(252,69): error TS18048: 'debitResult.newBalance' is possibly 'undefined'.
src/app/api/documents/[id]/download/route.ts(124,29): error TS2345: Argument of type 'Buffer<ArrayBufferLike>' is not assignable to parameter of type 'BodyInit | null | undefined'.
  Type 'Buffer<ArrayBufferLike>' is missing the following properties from type 'URLSearchParams': size, append, delete, get, and 2 more.
src/app/api/documents/[id]/route.ts(120,7): error TS18046: 'updateData' is of type 'unknown'.
src/app/api/documents/[id]/route.ts(124,7): error TS18046: 'updateData' is of type 'unknown'.
src/app/api/documents/[id]/route.ts(129,7): error TS18046: 'updateData' is of type 'unknown'.
src/app/api/documents/[id]/route.ts(137,7): error TS2322: Type 'unknown' is not assignable to type '(Without<CaseDocumentUpdateInput, CaseDocumentUncheckedUpdateInput> & CaseDocumentUncheckedUpdateInput) | (Without<...> & CaseDocumentUpdateInput)'.
src/app/api/documents/[id]/route.ts(183,15): error TS2304: Cannot find name 'user'.
src/app/api/documents/[id]/route.ts(276,20): error TS2339: Property 'timelineEntry' does not exist on type 'PrismaClient<PrismaClientOptions, never, DefaultArgs>'.
src/app/api/documents/[id]/route.ts(333,15): error TS2304: Cannot find name 'user'.
src/app/api/documents/upload/route.ts(358,20): error TS18046: 'basicData' is of type 'unknown'.
src/app/api/documents/upload/route.ts(359,26): error TS18046: 'basicData' is of type 'unknown'.
src/app/api/documents/upload/route.ts(364,25): error TS18046: 'basicData' is of type 'unknown'.
src/app/api/documents/upload/route.ts(365,13): error TS2322: Type '{ autoCreated: true; createdFromUpload: true; extractedData: unknown; needsAssignment: true; }' is not assignable to type 'NullableJsonNullValueInput | InputJsonValue | undefined'.
  Types of property 'extractedData' are incompatible.
    Type 'unknown' is not assignable to type 'InputJsonValue | null | undefined'.
src/app/api/documents/upload/route.ts(442,33): error TS2339: Property 'lastMovements' does not exist on type 'object'.
src/app/api/documents/upload/route.ts(443,19): error TS2339: Property 'summary' does not exist on type 'object'.
src/app/api/documents/upload/route.ts(444,19): error TS2339: Property 'parties' does not exist on type 'object'.
src/app/api/documents/upload/route.ts(493,13): error TS2345: Argument of type '{}' is not assignable to parameter of type 'Record<string, unknown>'.
  Index signature for type 'string' is missing in type '{}'.
src/app/api/documents/upload/route.ts(525,33): error TS2339: Property 'pageCount' does not exist on type 'PDFAnalysisResult'.
src/app/api/documents/upload/route.ts(526,41): error TS2339: Property 'text' does not exist on type 'PDFAnalysisResult'.
src/app/api/documents/upload/route.ts(533,41): error TS2339: Property 'cost' does not exist on type '{}'.
src/app/api/documents/upload/route.ts(565,13): error TS2322: Type 'unknown' is not assignable to type 'NullableJsonNullValueInput | InputJsonValue | undefined'.
src/app/api/documents/upload/route.ts(566,56): error TS2339: Property 'metadados_analise' does not exist on type '{}'.
src/app/api/documents/upload/route.ts(572,22): error TS2571: Object is of type 'unknown'.
src/app/api/documents/upload/route.ts(588,77): error TS2345: Argument of type '{}' is not assignable to parameter of type 'AIAnalysisResult'.
  Index signature for type 'string' is missing in type '{}'.
src/app/api/documents/upload/route.ts(669,39): error TS2339: Property 'pageCount' does not exist on type 'PDFAnalysisResult'.
src/app/api/documents/upload/route.ts(715,24): error TS2571: Object is of type 'unknown'.
src/app/api/documents/upload/route.ts(716,25): error TS2571: Object is of type 'unknown'.
src/app/api/documents/upload/route.ts(717,35): error TS2571: Object is of type 'unknown'.
src/app/api/documents/upload/route.ts(737,35): error TS2339: Property 'pageCount' does not exist on type 'PDFAnalysisResult'.
src/app/api/health/route.ts(69,7): error TS18046: 'response' is of type 'unknown'.
src/app/api/health/route.ts(80,7): error TS18046: 'response' is of type 'unknown'.
src/app/api/health/system/route.ts(78,7): error TS2769: No overload matches this call.
  Overload 1 of 2, '(input: string | Request | URL, init?: RequestInit | undefined): Promise<Response>', gave the following error.
    Type '{ apikey: string | undefined; }' is not assignable to type 'HeadersInit | undefined'.
      Type '{ apikey: string | undefined; }' is not assignable to type 'undefined'.
  Overload 2 of 2, '(input: URL | RequestInfo, init?: RequestInit | undefined): Promise<Response>', gave the following error.
    Type '{ apikey: string | undefined; }' is not assignable to type 'HeadersInit | undefined'.
      Type '{ apikey: string | undefined; }' is not assignable to type 'undefined'.
src/app/api/judit/observability/alerts/route.ts(29,7): error TS18046: 'where' is of type 'unknown'.
src/app/api/judit/observability/alerts/route.ts(33,7): error TS18046: 'where' is of type 'unknown'.
src/app/api/judit/observability/alerts/route.ts(37,7): error TS18046: 'where' is of type 'unknown'.
src/app/api/judit/observability/alerts/route.ts(42,7): error TS2322: Type 'unknown' is not assignable to type 'JuditAlertWhereInput | undefined'.
src/app/api/judit/observability/alerts/route.ts(50,16): error TS2698: Spread types may only be created from object types.
src/app/api/judit/observability/health/route.ts(138,32): error TS2339: Property 'failed' does not exist on type '{}'.
src/app/api/judit/observability/health/route.ts(141,64): error TS2339: Property 'failed' does not exist on type '{}'.
src/app/api/judit/observability/metrics/route.ts(94,40): error TS18046: 'value' is of type 'unknown'.
src/app/api/judit/observability/metrics/route.ts(102,60): error TS18046: 'value' is of type 'unknown'.
src/app/api/judit/onboarding/status/[jobId]/route.ts(59,45): error TS2339: Property 'workspaceId' does not exist on type 'JuditOnboardingJobResult'.
src/app/api/judit/queue/stats/route.ts(69,11): error TS2339: Property 'active' does not exist on type 'unknown'.
src/app/api/judit/queue/stats/route.ts(69,19): error TS2339: Property 'waiting' does not exist on type 'unknown'.
src/app/api/judit/queue/stats/route.ts(69,28): error TS2339: Property 'failed' does not exist on type 'unknown'.
src/app/api/pdf/process/route.ts(57,28): error TS2339: Property 'code' does not exist on type 'Error'.
src/app/api/pdf/process/route.ts(79,34): error TS2339: Property 'message' does not exist on type '{}'.
src/app/api/process/[id]/analysis/[version]/route.ts(14,37): error TS2345: Argument of type '(request: NextRequest, { params }: { params: Promise<{ id: string; version: string; }>; }) => Promise<NextResponse<ApiResponse<unknown>> | NextResponse<{ success: boolean; error: string; }>>' is not assignable to parameter of type '(request: NextRequest, context?: { params: Promise<Record<string, string>>; } | undefined) => Promise<NextResponse<unknown>>'.
  Types of parameters '__1' and 'context' are incompatible.
    Type '{ params: Promise<Record<string, string>>; } | undefined' is not assignable to type '{ params: Promise<{ id: string; version: string; }>; }'.
      Type 'undefined' is not assignable to type '{ params: Promise<{ id: string; version: string; }>; }'.
src/app/api/process/[id]/analysis/auto-download/route.ts(182,9): error TS2322: Type '{ monitoredProcessId: string; date: Date; type: string; description: string; category: string; importance: string; requiresAction: boolean; rawData: { syncId: string; autoDownload: boolean; timestamp: string; }; }[]' is not assignable to type 'ProcessMovementCreateManyInput | ProcessMovementCreateManyInput[]'.
  Type '{ monitoredProcessId: string; date: Date; type: string; description: string; category: string; importance: string; requiresAction: boolean; rawData: { syncId: string; autoDownload: boolean; timestamp: string; }; }[]' is not assignable to type 'ProcessMovementCreateManyInput[]'.
    Type '{ monitoredProcessId: string; date: Date; type: string; description: string; category: string; importance: string; requiresAction: boolean; rawData: { syncId: string; autoDownload: boolean; timestamp: string; }; }' is not assignable to type 'ProcessMovementCreateManyInput'.
      Types of property 'category' are incompatible.
        Type 'string' is not assignable to type 'MovementCategory | undefined'.
src/app/api/process/[id]/analysis/fast/route.ts(22,38): error TS2345: Argument of type '(request: NextRequest, { params }: { params: Promise<{ id: string; }>; }) => Promise<NextResponse<unknown>>' is not assignable to parameter of type '(request: NextRequest, context?: { params: Promise<Record<string, string>>; } | undefined) => Promise<NextResponse<unknown>>'.
  Types of parameters '__1' and 'context' are incompatible.
    Type '{ params: Promise<Record<string, string>>; } | undefined' is not assignable to type '{ params: Promise<{ id: string; }>; }'.
      Type 'undefined' is not assignable to type '{ params: Promise<{ id: string; }>; }'.
src/app/api/process/[id]/analysis/fast/route.ts(63,7): error TS2322: Type '"FAST"' is not assignable to type 'AnalysisType'.
src/app/api/process/[id]/analysis/fast/route.ts(96,39): error TS2339: Property 'versionNumber' does not exist on type '{ error: string | null; id: string; status: ProcessStatus; createdAt: Date; updatedAt: Date; workspaceId: string; metadata: JsonValue; version: number; ... 8 more ...; caseId: string; }'.
src/app/api/process/[id]/analysis/fast/route.ts(100,33): error TS2339: Property 'summaryJson' does not exist on type '{ error: string | null; id: string; status: ProcessStatus; createdAt: Date; updatedAt: Date; workspaceId: string; metadata: JsonValue; version: number; ... 8 more ...; caseId: string; }'.
src/app/api/process/[id]/analysis/fast/route.ts(101,34): error TS2339: Property 'insightsJson' does not exist on type '{ error: string | null; id: string; status: ProcessStatus; createdAt: Date; updatedAt: Date; workspaceId: string; metadata: JsonValue; version: number; ... 8 more ...; caseId: string; }'.
src/app/api/process/[id]/analysis/fast/route.ts(102,36): error TS2551: Property 'confidenceScore' does not exist on type '{ error: string | null; id: string; status: ProcessStatus; createdAt: Date; updatedAt: Date; workspaceId: string; metadata: JsonValue; version: number; ... 8 more ...; caseId: string; }'. Did you mean 'confidence'?
src/app/api/process/[id]/analysis/fast/route.ts(103,35): error TS2339: Property 'reportUrl' does not exist on type '{ error: string | null; id: string; status: ProcessStatus; createdAt: Date; updatedAt: Date; workspaceId: string; metadata: JsonValue; version: number; ... 8 more ...; caseId: string; }'.
src/app/api/process/[id]/analysis/fast/route.ts(130,9): error TS2554: Expected 1-2 arguments, but got 3.
src/app/api/process/[id]/analysis/fast/route.ts(143,9): error TS2322: Type '"FAST"' is not assignable to type 'AnalysisType'.
src/app/api/process/[id]/analysis/fast/route.ts(160,9): error TS2322: Type '"FAST"' is not assignable to type 'AnalysisType'.
src/app/api/process/[id]/analysis/fast/route.ts(164,9): error TS2322: Type 'string | undefined' is not assignable to type 'string'.
  Type 'undefined' is not assignable to type 'string'.
src/app/api/process/[id]/analysis/fast/route.ts(192,49): error TS2345: Argument of type 'string | undefined' is not assignable to parameter of type 'string'.
  Type 'undefined' is not assignable to type 'string'.
src/app/api/process/[id]/analysis/fast/route.ts(206,37): error TS2345: Argument of type '(request: NextRequest, { params }: { params: Promise<{ id: string; }>; }) => Promise<NextResponse<ApiResponse<unknown>> | NextResponse<{ success: boolean; error: string; }>>' is not assignable to parameter of type '(request: NextRequest, context?: { params: Promise<Record<string, string>>; } | undefined) => Promise<NextResponse<unknown>>'.
  Types of parameters '__1' and 'context' are incompatible.
    Type '{ params: Promise<Record<string, string>>; } | undefined' is not assignable to type '{ params: Promise<{ id: string; }>; }'.
      Type 'undefined' is not assignable to type '{ params: Promise<{ id: string; }>; }'.
src/app/api/process/[id]/analysis/fast/route.ts(245,37): error TS2339: Property 'versionNumber' does not exist on type '{ error: string | null; id: string; status: ProcessStatus; createdAt: Date; updatedAt: Date; workspaceId: string; metadata: JsonValue; version: number; ... 8 more ...; caseId: string; }'.
src/app/api/process/[id]/analysis/fast/route.ts(249,31): error TS2339: Property 'summaryJson' does not exist on type '{ error: string | null; id: string; status: ProcessStatus; createdAt: Date; updatedAt: Date; workspaceId: string; metadata: JsonValue; version: number; ... 8 more ...; caseId: string; }'.
src/app/api/process/[id]/analysis/fast/route.ts(250,32): error TS2339: Property 'insightsJson' does not exist on type '{ error: string | null; id: string; status: ProcessStatus; createdAt: Date; updatedAt: Date; workspaceId: string; metadata: JsonValue; version: number; ... 8 more ...; caseId: string; }'.
src/app/api/process/[id]/analysis/fast/route.ts(251,34): error TS2551: Property 'confidenceScore' does not exist on type '{ error: string | null; id: string; status: ProcessStatus; createdAt: Date; updatedAt: Date; workspaceId: string; metadata: JsonValue; version: number; ... 8 more ...; caseId: string; }'. Did you mean 'confidence'?
src/app/api/process/[id]/analysis/fast/route.ts(252,33): error TS2339: Property 'reportUrl' does not exist on type '{ error: string | null; id: string; status: ProcessStatus; createdAt: Date; updatedAt: Date; workspaceId: string; metadata: JsonValue; version: number; ... 8 more ...; caseId: string; }'.
src/app/api/process/[id]/analysis/fast/route.ts(253,35): error TS2339: Property 'fastCreditsUsed' does not exist on type '{ error: string | null; id: string; status: ProcessStatus; createdAt: Date; updatedAt: Date; workspaceId: string; metadata: JsonValue; version: number; ... 8 more ...; caseId: string; }'.
src/app/api/process/[id]/analysis/fast/route.ts(254,38): error TS2551: Property 'processingTimeMs' does not exist on type '{ error: string | null; id: string; status: ProcessStatus; createdAt: Date; updatedAt: Date; workspaceId: string; metadata: JsonValue; version: number; ... 8 more ...; caseId: string; }'. Did you mean 'processingTime'?
src/app/api/process/[id]/analysis/fast/route.ts(256,36): error TS2339: Property 'errorMessage' does not exist on type '{ error: string | null; id: string; status: ProcessStatus; createdAt: Date; updatedAt: Date; workspaceId: string; metadata: JsonValue; version: number; ... 8 more ...; caseId: string; }'.
src/app/api/process/[id]/analysis/full/route.ts(103,7): error TS2353: Object literal may only specify known properties, and 'timeout' does not exist in type 'Partial<GeminiConfig>'.
src/app/api/process/[id]/analysis/full/route.ts(119,9): error TS2322: Type 'unknown' is not assignable to type 'NullableJsonNullValueInput | InputJsonValue | undefined'.
src/app/api/process/[id]/analysis/full/route.ts(121,21): error TS18046: 'analysis' is of type 'unknown'.
src/app/api/process/[id]/analysis/full/route.ts(128,23): error TS18046: 'analysis' is of type 'unknown'.
src/app/api/process/[id]/analysis/full/route.ts(148,86): error TS18048: 'debitResult.newBalance' is possibly 'undefined'.
src/app/api/process/[id]/analysis/full/route.ts(180,7): error TS18004: No value exists in scope for the shorthand property 'userId'. Either declare one or provide an initializer.
src/app/api/process/[id]/analysis/full/route.ts(207,30): error TS18046: 'm' is of type 'unknown'.
src/app/api/process/[id]/analysis/full/route.ts(207,74): error TS18046: 'm' is of type 'unknown'.
src/app/api/process/[id]/analysis/full/route.ts(207,90): error TS18046: 'm' is of type 'unknown'.
src/app/api/process/[id]/analysis/full/route.ts(211,29): error TS18046: 'd' is of type 'unknown'.
src/app/api/process/[id]/analysis/full/route.ts(212,40): error TS18046: 'd' is of type 'unknown'.
src/app/api/process/[id]/analysis/full/route.ts(212,53): error TS18046: 'd' is of type 'unknown'.
src/app/api/process/[id]/analysis/full/route.ts(223,15): error TS18046: 'caseData' is of type 'unknown'.
src/app/api/process/[id]/analysis/full/route.ts(224,15): error TS18046: 'caseData' is of type 'unknown'.
src/app/api/process/[id]/analysis/full/route.ts(225,15): error TS18046: 'caseData' is of type 'unknown'.
src/app/api/process/[id]/analysis/full/route.ts(226,13): error TS18046: 'caseData' is of type 'unknown'.
src/app/api/process/[id]/analysis/history/route.ts(91,37): error TS2345: Argument of type '(request: NextRequest, { params }: { params: Promise<{ id: string; }>; }) => Promise<NextResponse<ApiResponse<unknown>> | NextResponse<{ success: boolean; error: string; }>>' is not assignable to parameter of type '(request: NextRequest, context?: { params: Promise<Record<string, string>>; } | undefined) => Promise<NextResponse<unknown>>'.
  Types of parameters '__1' and 'context' are incompatible.
    Type '{ params: Promise<Record<string, string>>; } | undefined' is not assignable to type '{ params: Promise<{ id: string; }>; }'.
      Type 'undefined' is not assignable to type '{ params: Promise<{ id: string; }>; }'.
src/app/api/process/[id]/analysis/route.ts(380,44): error TS2339: Property 'analyzeStrategic' does not exist on type 'typeof AIModelRouter'.
src/app/api/process/[id]/analysis/route.ts(387,28): error TS2339: Property 'ZOOMBIN' does not exist on type '{ readonly SUCCESS: "âœ“"; readonly ERROR: "âœ—"; readonly WARNING: "!"; readonly INFO: "i"; readonly LOADING: "..."; readonly ARROW_LEFT: "<"; readonly ARROW_RIGHT: ">"; readonly ARROW_UP: "^"; ... 72 more ...; readonly HEALTH: "ðŸ’š"; }'.
src/app/api/process/[id]/analysis/route.ts(388,44): error TS2339: Property 'analyzePhase1' does not exist on type 'typeof AIModelRouter'.
src/app/api/process/upload/route.ts(145,26): error TS2339: Property 'FILE' does not exist on type '{ readonly SUCCESS: "âœ“"; readonly ERROR: "âœ—"; readonly WARNING: "!"; readonly INFO: "i"; readonly LOADING: "..."; readonly ARROW_LEFT: "<"; readonly ARROW_RIGHT: ">"; readonly ARROW_UP: "^"; ... 72 more ...; readonly HEALTH: "ðŸ’š"; }'.
src/app/api/process/upload/route.ts(152,42): error TS2339: Property 'calculateHash' does not exist on type 'DocumentHashManager'.
src/app/api/process/upload/route.ts(154,26): error TS2551: Property 'LOCK' does not exist on type '{ readonly SUCCESS: "âœ“"; readonly ERROR: "âœ—"; readonly WARNING: "!"; readonly INFO: "i"; readonly LOADING: "..."; readonly ARROW_LEFT: "<"; readonly ARROW_RIGHT: ">"; readonly ARROW_UP: "^"; ... 72 more ...; readonly HEALTH: "ðŸ’š"; }'. Did you mean 'CLOCK'?
src/app/api/process/upload/route.ts(187,41): error TS2339: Property 'trim' does not exist on type 'ExtractionResult'.
src/app/api/process/upload/route.ts(197,76): error TS2339: Property 'length' does not exist on type 'ExtractionResult'.
src/app/api/process/upload/route.ts(204,40): error TS2339: Property 'clean' does not exist on type 'TextCleaner'.
src/app/api/process/upload/route.ts(281,7): error TS2322: Type '{ workspaceId: string; clientId: string | undefined; number: string; title: string; description: string; type: "CIVIL"; status: "ACTIVE"; priority: "MEDIUM"; createdById: string; detectedCnj: string; firstPageText: any; onboardingStatus: "created"; metadata: { ...; }; }' is not assignable to type '(Without<CaseCreateInput, CaseUncheckedCreateInput> & CaseUncheckedCreateInput) | (Without<...> & CaseCreateInput)'.
  Types of property 'clientId' are incompatible.
    Type 'string | undefined' is not assignable to type 'string'.
      Type 'undefined' is not assignable to type 'string'.
src/app/api/process/upload/route.ts(335,9): error TS2322: Type '"OTHER" | "PETITION" | "EVIDENCE" | "DECISION" | "MOVEMENT"' is not assignable to type 'DocumentType | undefined'.
  Type '"DECISION"' is not assignable to type 'DocumentType | undefined'.
src/app/api/process/upload/route.ts(340,9): error TS2322: Type 'ExtractionResult' is not assignable to type 'string'.
src/app/api/process/upload/route.ts(345,9): error TS2322: Type 'PDFMetadata' is not assignable to type 'NullableJsonNullValueInput | InputJsonValue | undefined'.
  Type 'PDFMetadata' is not assignable to type 'InputJsonObject'.
    Index signature for type 'string' is missing in type 'PDFMetadata'.
src/app/api/process/upload/route.ts(412,11): error TS2322: Type 'PreviewSnapshot' is not assignable to type 'NullableJsonNullValueInput | InputJsonValue | undefined'.
  Type 'PreviewSnapshot' is not assignable to type 'InputJsonObject'.
    Index signature for type 'string' is missing in type 'PreviewSnapshot'.
src/app/api/processes/[id]/route.ts(46,46): error TS2554: Expected 0 arguments, but got 1.
src/app/api/processes/[id]/route.ts(209,46): error TS2554: Expected 0 arguments, but got 1.
src/app/api/processes/[id]/route.ts(302,46): error TS2554: Expected 0 arguments, but got 1.
src/app/api/processes/[id]/route.ts(358,46): error TS2554: Expected 0 arguments, but got 1.
src/app/api/processes/[id]/route.ts(425,17): error TS18046: 'process' is of type 'unknown'.
src/app/api/processes/[id]/route.ts(426,44): error TS18046: 'process' is of type 'unknown'.
src/app/api/processes/[id]/route.ts(440,27): error TS18046: 'process' is of type 'unknown'.
src/app/api/processes/[id]/route.ts(454,7): error TS18046: 'process' is of type 'unknown'.
src/app/api/processes/[id]/route.ts(455,7): error TS18046: 'process' is of type 'unknown'.
src/app/api/processes/[id]/route.ts(466,31): error TS18046: 'process' is of type 'unknown'.
src/app/api/processes/[id]/route.ts(486,33): error TS18046: 'process' is of type 'unknown'.
src/app/api/processes/[id]/route.ts(505,46): error TS18046: 'process' is of type 'unknown'.
src/app/api/processes/[id]/route.ts(510,39): error TS18046: 'process' is of type 'unknown'.
src/app/api/processes/[id]/route.ts(515,31): error TS18046: 'process' is of type 'unknown'.
src/app/api/processes/[id]/route.ts(527,22): error TS18046: 'process' is of type 'unknown'.
src/app/api/processes/[id]/route.ts(543,18): error TS18046: 'process' is of type 'unknown'.
src/app/api/processes/alerts/route.ts(48,46): error TS2554: Expected 0 arguments, but got 1.
src/app/api/processes/alerts/route.ts(81,7): error TS18046: 'where' is of type 'unknown'.
src/app/api/processes/alerts/route.ts(83,7): error TS18046: 'where' is of type 'unknown'.
src/app/api/processes/alerts/route.ts(87,7): error TS18046: 'where' is of type 'unknown'.
src/app/api/processes/alerts/route.ts(91,7): error TS18046: 'where' is of type 'unknown'.
src/app/api/processes/alerts/route.ts(95,7): error TS18046: 'where' is of type 'unknown'.
src/app/api/processes/alerts/route.ts(116,9): error TS2322: Type 'unknown' is not assignable to type 'ProcessAlertWhereInput | undefined'.
src/app/api/processes/alerts/route.ts(119,9): error TS2322: Type 'unknown' is not assignable to type 'ProcessAlertOrderByWithRelationInput | ProcessAlertOrderByWithRelationInput[] | undefined'.
src/app/api/processes/alerts/route.ts(140,35): error TS2322: Type 'unknown' is not assignable to type 'ProcessAlertWhereInput | undefined'.
src/app/api/processes/alerts/route.ts(190,46): error TS2554: Expected 0 arguments, but got 1.
src/app/api/processes/alerts/route.ts(261,46): error TS2554: Expected 0 arguments, but got 1.
src/app/api/processes/alerts/route.ts(302,46): error TS2554: Expected 0 arguments, but got 1.
src/app/api/processes/route.ts(149,46): error TS2554: Expected 0 arguments, but got 1.
src/app/api/processes/route.ts(172,7): error TS18046: 'where' is of type 'unknown'.
src/app/api/processes/route.ts(180,7): error TS18046: 'where' is of type 'unknown'.
src/app/api/processes/route.ts(184,7): error TS18046: 'where' is of type 'unknown'.
src/app/api/processes/route.ts(188,7): error TS18046: 'where' is of type 'unknown'.
src/app/api/processes/route.ts(190,7): error TS18046: 'where' is of type 'unknown'.
src/app/api/processes/route.ts(196,9): error TS2322: Type 'unknown' is not assignable to type 'MonitoredProcessWhereInput | undefined'.
src/app/api/processes/route.ts(243,39): error TS2322: Type 'unknown' is not assignable to type 'MonitoredProcessWhereInput | undefined'.
src/app/api/processes/route.ts(388,52): error TS2554: Expected 0 arguments, but got 1.
src/app/api/processes/route.ts(486,26): error TS18046: 'movement' is of type 'unknown'.
src/app/api/processes/route.ts(487,17): error TS18046: 'movement' is of type 'unknown'.
src/app/api/processes/route.ts(488,24): error TS18046: 'movement' is of type 'unknown'.
src/app/api/processes/route.ts(489,21): error TS18046: 'movement' is of type 'unknown'.
src/app/api/processes/route.ts(490,23): error TS18046: 'movement' is of type 'unknown'.
src/app/api/processes/route.ts(491,27): error TS18046: 'movement' is of type 'unknown'.
src/app/api/processes/route.ts(492,21): error TS18046: 'movement' is of type 'unknown'.
src/app/api/processes/route.ts(492,50): error TS18046: 'movement' is of type 'unknown'.
src/app/api/processes/route.ts(607,46): error TS2554: Expected 0 arguments, but got 1.
src/app/api/processes/route.ts(622,7): error TS18046: 'where' is of type 'unknown'.
src/app/api/processes/route.ts(624,7): error TS18046: 'where' is of type 'unknown'.
src/app/api/processes/route.ts(629,7): error TS2322: Type 'unknown' is not assignable to type 'MonitoredProcessWhereInput | undefined'.
src/app/api/processes/route.ts(643,7): error TS2322: Type 'unknown' is not assignable to type 'MonitoredProcessWhereInput | undefined'.
src/app/api/processes/upload/route.ts(58,52): error TS2554: Expected 0 arguments, but got 1.
src/app/api/processes/upload/route.ts(64,24): error TS2345: Argument of type 'unknown' is not assignable to parameter of type 'Request<ParamsDictionary, any, any, ParsedQs, Record<string, any>>'.
src/app/api/processes/upload/route.ts(66,10): error TS18046: 'req' is of type 'unknown'.
src/app/api/processes/upload/route.ts(70,18): error TS18046: 'req' is of type 'unknown'.
src/app/api/processes/upload/route.ts(173,46): error TS2554: Expected 0 arguments, but got 1.
src/app/api/processes/upload/route.ts(300,27): error TS2352: Conversion of type 'ProcessData | undefined' to type 'ProcessApiData' may be a mistake because neither type sufficiently overlaps with the other. If this was intentional, convert the expression to 'unknown' first.
  Type 'ProcessData' is not comparable to type 'ProcessApiData'.
    Types of property 'movements' are incompatible.
      Type 'import("C:/Users/carlo/Documents/PROJETO JUSTOAI/NOVA FASE/justoai-v2/src/lib/process-apis").ProcessMovement[]' is not comparable to type 'ProcessMovement[]'.
        Type 'import("C:/Users/carlo/Documents/PROJETO JUSTOAI/NOVA FASE/justoai-v2/src/lib/process-apis").ProcessMovement' is not comparable to type 'ProcessMovement'.
          Types of property 'date' are incompatible.
            Type 'Date' is not comparable to type 'string'.
src/app/api/processes/upload/route.ts(312,13): error TS2322: Type 'string | undefined' is not assignable to type 'string'.
  Type 'undefined' is not assignable to type 'string'.
src/app/api/processes/upload/route.ts(313,13): error TS2322: Type 'string | undefined' is not assignable to type 'string'.
  Type 'undefined' is not assignable to type 'string'.
src/app/api/processes/upload/route.ts(316,13): error TS2322: Type 'string' is not assignable to type 'SyncFrequency | undefined'.
src/app/api/processes/upload/route.ts(334,19): error TS2322: Type 'string | undefined' is not assignable to type 'MovementCategory | undefined'.
  Type 'string' is not assignable to type 'MovementCategory | undefined'.
src/app/api/processes/upload/route.ts(335,19): error TS2322: Type 'string | undefined' is not assignable to type 'Priority | undefined'.
  Type 'string' is not assignable to type 'Priority | undefined'.
src/app/api/processes/upload/route.ts(379,9): error TS2322: Type 'ProcessingError[]' is not assignable to type 'NullableJsonNullValueInput | InputJsonValue | undefined'.
  Type 'ProcessingError[]' is not assignable to type 'InputJsonObject'.
    Index signature for type 'string' is missing in type 'ProcessingError[]'.
src/app/api/processes/upload/route.ts(380,9): error TS2322: Type '{ parseResult: { valid: number; invalid: number; }; processingErrors: ProcessingError[]; timestamp: string; }' is not assignable to type 'NullableJsonNullValueInput | InputJsonValue | undefined'.
  Types of property 'processingErrors' are incompatible.
    Type 'ProcessingError[]' is not assignable to type 'InputJsonValue | null | undefined'.
      Type 'ProcessingError[]' is not assignable to type 'InputJsonObject'.
        Index signature for type 'string' is missing in type 'ProcessingError[]'.
src/app/api/reports/download/[id]/route.ts(13,37): error TS2345: Argument of type '(request: NextRequest, { params }: { params: Promise<{ id: string; }>; }) => Promise<NextResponse<unknown>>' is not assignable to parameter of type '(request: NextRequest, context?: { params: Promise<Record<string, string>>; } | undefined) => Promise<NextResponse<unknown>>'.
  Types of parameters '__1' and 'context' are incompatible.
    Type '{ params: Promise<Record<string, string>>; } | undefined' is not assignable to type '{ params: Promise<{ id: string; }>; }'.
      Type 'undefined' is not assignable to type '{ params: Promise<{ id: string; }>; }'.
src/app/api/reports/download/[id]/route.ts(51,9): error TS2322: Type '"CONCLUIDO"' is not assignable to type 'ExecutionStatus | EnumExecutionStatusFilter<"ReportExecution"> | undefined'.
src/app/api/reports/download/[id]/route.ts(68,43): error TS2345: Argument of type 'unknown' is not assignable to parameter of type 'OutputFormat'.
src/app/api/reports/download/[id]/route.ts(74,21): error TS18046: 'fileUrls' is of type 'unknown'.
src/app/api/reports/download/[id]/route.ts(91,37): error TS2551: Property 'schedule' does not exist on type '{ error: string | null; id: string; status: ExecutionStatus; createdAt: Date; updatedAt: Date; result: JsonValue; workspaceId: string; filters: JsonValue; ... 21 more ...; deltaDataOnly: boolean; }'. Did you mean 'scheduleId'?
src/app/api/reports/generate/route.ts(95,62): error TS2554: Expected 0 arguments, but got 1.
src/app/api/reports/generate/route.ts(187,7): error TS2345: Argument of type 'Record<string, unknown>' is not assignable to parameter of type 'ReportCustomization'.
  Type 'Record<string, unknown>' is missing the following properties from type 'ReportCustomization': company_name, primary_color, secondary_color, accent_color, show_page_numbers
src/app/api/reports/generate/route.ts(211,84): error TS18048: 'debitResult.newBalance' is possibly 'undefined'.
src/app/api/reports/generate/route.ts(253,62): error TS2554: Expected 0 arguments, but got 1.
src/app/api/reports/generate/route.ts(321,9): error TS2739: Type 'Record<string, unknown>' is missing the following properties from type 'ReportCustomization': company_name, primary_color, secondary_color, accent_color, show_page_numbers
src/app/api/reports/generate/route.ts(353,91): error TS18048: 'debitResult.newBalance' is possibly 'undefined'.
src/app/api/reports/generate/route.ts(405,69): error TS2345: Argument of type 'unknown' is not assignable to parameter of type 'CustomizationProfile'.
src/app/api/reports/generate/route.ts(410,23): error TS18046: 'validatedData' is of type 'unknown'.
src/app/api/reports/generate/route.ts(414,18): error TS18046: 'validatedData' is of type 'unknown'.
src/app/api/reports/generate/route.ts(415,24): error TS18046: 'validatedData' is of type 'unknown'.
src/app/api/reports/generate/route.ts(416,22): error TS18046: 'validatedData' is of type 'unknown'.
src/app/api/reports/generate/route.ts(421,13): error TS18046: 'validatedData' is of type 'unknown'.
src/app/api/reports/generate/route.ts(423,22): error TS18046: 'validatedData' is of type 'unknown'.
src/app/api/reports/generate/route.ts(424,26): error TS18046: 'validatedData' is of type 'unknown'.
src/app/api/reports/generate/route.ts(425,21): error TS18046: 'validatedData' is of type 'unknown'.
src/app/api/reports/generate/route.ts(430,19): error TS18046: 'validatedData' is of type 'unknown'.
src/app/api/reports/generate/route.ts(435,7): error TS2739: Type 'Record<string, unknown>' is missing the following properties from type 'ReportCustomization': company_name, primary_color, secondary_color, accent_color, show_page_numbers
src/app/api/reports/generate/route.ts(437,17): error TS18046: 'validatedData' is of type 'unknown'.
src/app/api/reports/generate/route.ts(438,22): error TS18046: 'validatedData' is of type 'unknown'.
src/app/api/reports/generate/route.ts(466,62): error TS2554: Expected 0 arguments, but got 1.
src/app/api/reports/history/route.ts(47,7): error TS18046: 'whereClause' is of type 'unknown'.
src/app/api/reports/history/route.ts(51,7): error TS18046: 'whereClause' is of type 'unknown'.
src/app/api/reports/history/route.ts(57,9): error TS2322: Type 'unknown' is not assignable to type 'ReportExecutionWhereInput | undefined'.
src/app/api/reports/history/route.ts(74,9): error TS2322: Type 'unknown' is not assignable to type 'ReportExecutionWhereInput | undefined'.
src/app/api/reports/history/route.ts(79,72): error TS2345: Argument of type 'string | null' is not assignable to parameter of type 'string | undefined'.
  Type 'null' is not assignable to type 'string | undefined'.
src/app/api/reports/history/route.ts(85,33): error TS2551: Property 'schedule' does not exist on type '{ error: string | null; id: string; status: ExecutionStatus; createdAt: Date; updatedAt: Date; result: JsonValue; workspaceId: string; filters: JsonValue; ... 21 more ...; deltaDataOnly: boolean; }'. Did you mean 'scheduleId'?
src/app/api/reports/history/route.ts(127,5): error TS18046: 'whereClause' is of type 'unknown'.
src/app/api/reports/history/route.ts(144,36): error TS2322: Type 'unknown' is not assignable to type 'ReportExecutionWhereInput | undefined'.
src/app/api/reports/history/route.ts(148,16): error TS2698: Spread types may only be created from object types.
src/app/api/reports/history/route.ts(153,16): error TS2698: Spread types may only be created from object types.
src/app/api/reports/history/route.ts(158,16): error TS2698: Spread types may only be created from object types.
src/app/api/reports/history/route.ts(165,9): error TS2698: Spread types may only be created from object types.
src/app/api/reports/history/route.ts(173,7): error TS2322: Type 'unknown' is not assignable to type 'ReportExecutionWhereInput | undefined'.
src/app/api/reports/history/route.ts(200,26): error TS18048: 'item._count' is possibly 'undefined'.
src/app/api/reports/history/route.ts(200,38): error TS2339: Property 'id' does not exist on type 'true | { id?: number | undefined; workspaceId?: number | undefined; scheduleId?: number | undefined; reportType?: number | undefined; parameters?: number | undefined; filters?: number | undefined; ... 24 more ...; _all?: number | undefined; }'.
  Property 'id' does not exist on type 'true'.
src/app/api/reports/history/route.ts(213,5): error TS18046: 'whereClause' is of type 'unknown'.
src/app/api/reports/history/route.ts(221,7): error TS2698: Spread types may only be created from object types.
src/app/api/reports/history/route.ts(253,9): error TS2367: This comparison appears to be unintentional because the types 'ExecutionStatus' and '"CONCLUIDO"' have no overlap.
src/app/api/reports/history/route.ts(256,16): error TS2367: This comparison appears to be unintentional because the types 'ExecutionStatus' and '"FALHOU"' have no overlap.
src/app/api/reports/individual/history/route.ts(62,7): error TS2322: Type 'unknown' is not assignable to type '"AGENDADO" | "CONCLUIDO" | "FALHOU" | "EM_PROCESSAMENTO" | "CANCELADO" | undefined'.
src/app/api/reports/individual/history/route.ts(79,7): error TS18046: 'whereClause' is of type 'unknown'.
src/app/api/reports/individual/history/route.ts(83,7): error TS18046: 'whereClause' is of type 'unknown'.
src/app/api/reports/individual/history/route.ts(85,9): error TS18046: 'whereClause' is of type 'unknown'.
src/app/api/reports/individual/history/route.ts(88,9): error TS18046: 'whereClause' is of type 'unknown'.
src/app/api/reports/individual/history/route.ts(95,9): error TS2322: Type 'unknown' is not assignable to type 'ReportExecutionWhereInput | undefined'.
src/app/api/reports/individual/history/route.ts(114,38): error TS2322: Type 'unknown' is not assignable to type 'ReportExecutionWhereInput | undefined'.
src/app/api/reports/individual/history/route.ts(120,38): error TS2339: Property 'processIds' does not exist on type '{}'.
src/app/api/reports/individual/history/route.ts(162,11): error TS2322: Type '"CONCLUIDO"' is not assignable to type 'ExecutionStatus | EnumExecutionStatusFilter<"ReportExecution"> | undefined'.
src/app/api/reports/individual/history/route.ts(170,21): error TS18048: 'overallStats._count' is possibly 'undefined'.
src/app/api/reports/individual/history/route.ts(170,41): error TS2339: Property 'id' does not exist on type 'true | { id?: number | undefined; workspaceId?: number | undefined; scheduleId?: number | undefined; reportType?: number | undefined; parameters?: number | undefined; filters?: number | undefined; ... 24 more ...; _all?: number | undefined; }'.
  Property 'id' does not exist on type 'true'.
src/app/api/reports/individual/history/route.ts(172,32): error TS18048: 'overallStats._sum' is possibly 'undefined'.
src/app/api/reports/individual/history/route.ts(173,26): error TS18048: 'overallStats._count' is possibly 'undefined'.
src/app/api/reports/individual/history/route.ts(173,46): error TS2339: Property 'id' does not exist on type 'true | { id?: number | undefined; workspaceId?: number | undefined; scheduleId?: number | undefined; reportType?: number | undefined; parameters?: number | undefined; filters?: number | undefined; ... 24 more ...; _all?: number | undefined; }'.
  Property 'id' does not exist on type 'true'.
src/app/api/reports/individual/history/route.ts(174,23): error TS18048: 'overallStats._sum' is possibly 'undefined'.
src/app/api/reports/individual/history/route.ts(174,58): error TS18048: 'overallStats._count' is possibly 'undefined'.
src/app/api/reports/individual/history/route.ts(174,78): error TS2339: Property 'id' does not exist on type 'true | { id?: number | undefined; workspaceId?: number | undefined; scheduleId?: number | undefined; reportType?: number | undefined; parameters?: number | undefined; filters?: number | undefined; ... 24 more ...; _all?: number | undefined; }'.
  Property 'id' does not exist on type 'true'.
src/app/api/reports/individual/history/route.ts(242,9): error TS2322: Type '"CANCELADO"' is not assignable to type 'ExecutionStatus | EnumExecutionStatusFieldUpdateOperationsInput | undefined'.
src/app/api/reports/individual/route.ts(280,13): error TS2322: Type '"CONCLUIDO"' is not assignable to type 'ExecutionStatus | undefined'.
src/app/api/reports/individual/route.ts(281,13): error TS2322: Type 'ReportSummary' is not assignable to type 'NullableJsonNullValueInput | InputJsonValue | undefined'.
  Type 'ReportSummary' is missing the following properties from type 'readonly (InputJsonValue | null)[]': length, concat, join, slice, and 26 more.
src/app/api/reports/schedule/[id]/route.ts(34,62): error TS2554: Expected 0 arguments, but got 1.
src/app/api/reports/schedule/[id]/route.ts(89,62): error TS2554: Expected 0 arguments, but got 1.
src/app/api/reports/schedule/[id]/route.ts(196,62): error TS2554: Expected 0 arguments, but got 1.
src/app/api/reports/schedule/[id]/route.ts(248,62): error TS2554: Expected 0 arguments, but got 1.
src/app/api/reports/schedule/route-enhanced.ts(71,7): error TS2554: Expected 2 arguments, but got 3.
src/app/api/reports/schedule/route-enhanced.ts(75,57): error TS2554: Expected 1-2 arguments, but got 3.
src/app/api/reports/schedule/route-enhanced.ts(147,42): error TS2345: Argument of type 'number' is not assignable to parameter of type 'string'.
src/app/api/sse/subscribe/route.ts(25,62): error TS2554: Expected 0 arguments, but got 1.
src/app/api/sse/subscribe/route.ts(63,47): error TS2345: Argument of type 'unknown' is not assignable to parameter of type 'Response'.
src/app/api/sse/subscribe/route.ts(79,33): error TS2571: Object is of type 'unknown'.
src/app/api/sse/subscribe/route.ts(80,9): error TS2571: Object is of type 'unknown'.
src/app/api/systems/import/[id]/route.ts(32,46): error TS2554: Expected 0 arguments, but got 1.
src/app/api/systems/import/[id]/route.ts(177,46): error TS2554: Expected 0 arguments, but got 1.
src/app/api/systems/import/[id]/route.ts(226,46): error TS2554: Expected 0 arguments, but got 1.
src/app/api/systems/import/[id]/route.ts(255,9): error TS2322: Type '{ customMappings: Record<string, string> | undefined; transformRules: Record<string, unknown> | undefined; }' is not assignable to type 'NullableJsonNullValueInput | InputJsonValue | undefined'.
  Types of property 'transformRules' are incompatible.
    Type 'Record<string, unknown> | undefined' is not assignable to type 'InputJsonValue | null | undefined'.
      Type 'Record<string, unknown>' is not assignable to type 'InputJsonValue | null | undefined'.
        Type 'Record<string, unknown>' is missing the following properties from type 'readonly (InputJsonValue | null)[]': length, concat, join, slice, and 26 more.
src/app/api/systems/import/[id]/route.ts(301,46): error TS2554: Expected 0 arguments, but got 1.
src/app/api/systems/import/[id]/route.ts(483,9): error TS2322: Type 'ImportError' is not assignable to type 'InputJsonValue | null | undefined'.
  Type 'ImportError' is not assignable to type 'InputJsonObject'.
    Index signature for type 'string' is missing in type 'ImportError'.
src/app/api/systems/import/[id]/route.ts(484,9): error TS2322: Type 'ImportError | { type: string; message: string; timestamp: string; }' is not assignable to type 'InputJsonValue | null | undefined'.
  Type 'ImportError' is not assignable to type 'InputJsonValue | null | undefined'.
    Type 'ImportError' is not assignable to type 'InputJsonObject'.
      Index signature for type 'string' is missing in type 'ImportError'.
src/app/api/systems/import/route.ts(71,52): error TS2554: Expected 0 arguments, but got 1.
src/app/api/systems/import/route.ts(79,24): error TS2345: Argument of type 'unknown' is not assignable to parameter of type 'Request<ParamsDictionary, any, any, ParsedQs, Record<string, any>>'.
src/app/api/systems/import/route.ts(81,10): error TS18046: 'req' is of type 'unknown'.
src/app/api/systems/import/route.ts(85,18): error TS18046: 'req' is of type 'unknown'.
src/app/api/systems/import/route.ts(119,46): error TS2554: Expected 0 arguments, but got 1.
src/app/api/systems/import/route.ts(259,46): error TS2554: Expected 0 arguments, but got 1.
src/app/api/systems/import/route.ts(478,86): error TS2345: Argument of type 'unknown' is not assignable to parameter of type 'Partial<ImportOptions> | undefined'.
src/app/api/telemetry/active-alerts/route.ts(91,15): error TS2304: Cannot find name 'user'.
src/app/api/telemetry/monthly-usage/route.ts(78,46): error TS2339: Property 'metadata' does not exist on type '{ id: string; status: string; createdAt: Date; workspaceId: string | null; requestId: string | null; movementsCount: number; errorMessage: string | null; jobId: string | null; trackingId: string | null; ... 7 more ...; durationMs: number | null; }'.
src/app/api/telemetry/monthly-usage/route.ts(79,43): error TS2339: Property 'metadata' does not exist on type '{ id: string; status: string; createdAt: Date; workspaceId: string | null; requestId: string | null; movementsCount: number; errorMessage: string | null; jobId: string | null; trackingId: string | null; ... 7 more ...; durationMs: number | null; }'.
src/app/api/telemetry/monthly-usage/route.ts(149,15): error TS2304: Cannot find name 'user'.
src/app/api/upload/batch/[id]/control/route.ts(14,13): error TS2769: No overload matches this call.
  Overload 1 of 2, '(values: readonly ["pause", "resume", "cancel"], params?: string | { error?: string | $ZodErrorMap<$ZodIssueInvalidValue<unknown>> | undefined; message?: string | undefined; } | undefined): ZodEnum<...>', gave the following error.
    Object literal may only specify known properties, and 'errorMap' does not exist in type '{ error?: string | $ZodErrorMap<$ZodIssueInvalidValue<unknown>> | undefined; message?: string | undefined; }'.
  Overload 2 of 2, '(entries: Readonly<Record<string, EnumValue>>, params?: string | { error?: string | $ZodErrorMap<$ZodIssueInvalidValue<unknown>> | undefined; message?: string | undefined; } | undefined): ZodEnum<...>', gave the following error.
    Argument of type 'string[]' is not assignable to parameter of type 'Readonly<Record<string, EnumValue>>'.
      Index signature for type 'string' is missing in type 'string[]'.
src/app/api/upload/batch/[id]/control/route.ts(97,41): error TS2345: Argument of type 'string | undefined' is not assignable to parameter of type 'string'.
  Type 'undefined' is not assignable to type 'string'.
src/app/api/upload/batch/[id]/control/route.ts(162,9): error TS2322: Type 'string' is not assignable to type 'BatchStatus | EnumBatchStatusFieldUpdateOperationsInput | undefined'.
src/app/api/upload/batch/[id]/errors/download/route.ts(152,15): error TS2304: Cannot find name 'user'.
src/app/api/upload/batch/[id]/retry/route.ts(52,9): error TS2741: Property 'maxRetries' is missing in type '{}' but required in type '{ maxRetries: number; rowNumbers?: number[] | undefined; }'.
src/app/api/upload/batch/[id]/retry/route.ts(63,7): error TS2741: Property 'maxRetries' is missing in type '{}' but required in type '{ maxRetries: number; rowNumbers?: number[] | undefined; }'.
src/app/api/upload/batch/[id]/retry/route.ts(243,15): error TS2304: Cannot find name 'user'.
src/app/api/upload/batch/[id]/retry/route.ts(366,15): error TS2304: Cannot find name 'user'.
src/app/api/upload/batch/[id]/status/route.ts(79,26): error TS18046: 'err' is of type 'unknown'.
src/app/api/upload/batch/[id]/status/route.ts(79,40): error TS18046: 'err' is of type 'unknown'.
src/app/api/upload/batch/[id]/status/route.ts(106,26): error TS18046: 'err' is of type 'unknown'.
src/app/api/upload/excel/estimate/route.ts(130,9): error TS2353: Object literal may only specify known properties, and 'number' does not exist in type 'MonitoredProcessWhereInput'.
src/app/api/upload/excel/estimate/route.ts(135,9): error TS2353: Object literal may only specify known properties, and 'number' does not exist in type 'MonitoredProcessSelect<DefaultArgs>'.
src/app/api/upload/excel/estimate/route.ts(139,32): error TS2339: Property 'number' does not exist on type '{ id: string; createdAt: Date; updatedAt: Date; workspaceId: string; caseId: string | null; processNumber: string; court: string; clientName: string; processData: JsonValue; ... 6 more ...; extractionMethod: ExtractionMethod; }'.
src/app/api/upload/excel/validate/route.ts(160,7): error TS2345: Argument of type 'import("C:/Users/carlo/Documents/PROJETO JUSTOAI/NOVA FASE/justoai-v2/src/lib/excel-upload-service").BatchEstimate' is not assignable to parameter of type 'BatchEstimate'.
  Property 'totalProcesses' is missing in type 'import("C:/Users/carlo/Documents/PROJETO JUSTOAI/NOVA FASE/justoai-v2/src/lib/excel-upload-service").BatchEstimate' but required in type 'BatchEstimate'.
src/app/api/webhook/judit/callback/route.ts(178,13): error TS2353: Object literal may only specify known properties, and 'dadosCompletos' does not exist in type '(Without<JuditRequestUpdateInput, JuditRequestUncheckedUpdateInput> & JuditRequestUncheckedUpdateInput) | (Without<...> & JuditRequestUpdateInput)'.
src/app/api/webhook/judit/callback/route.ts(213,54): error TS2339: Property 'attachments' does not exist on type '{}'.
src/app/api/webhook/judit/callback/route.ts(213,96): error TS2339: Property 'attachments' does not exist on type '{}'.
src/app/api/webhook/judit/callback/route.ts(213,125): error TS2339: Property 'attachments' does not exist on type '{}'.
src/app/api/webhook/judit/callback/route.ts(214,101): error TS2339: Property 'attachments' does not exist on type '{}'.
src/app/api/webhook/judit/callback/route.ts(219,53): error TS2339: Property 'code' does not exist on type '{}'.
src/app/api/webhook/judit/callback/route.ts(220,15): error TS2345: Argument of type 'string' is not assignable to parameter of type 'number'.
src/app/api/webhook/judit/callback/route.ts(220,53): error TS2339: Property 'instance' does not exist on type '{}'.
src/app/api/webhook/judit/callback/route.ts(295,28): error TS2339: Property 'code' does not exist on type '{}'.
src/app/api/webhooks/judit/tracking/route.ts(271,9): error TS2353: Object literal may only specify known properties, and 'remoteId' does not exist in type 'ProcessMovementWhereInput'.
src/app/api/webhooks/judit/tracking/route.ts(287,19): error TS2353: Object literal may only specify known properties, and 'content' does not exist in type 'Without<ProcessMovementCreateInput, ProcessMovementUncheckedCreateInput> & ProcessMovementUncheckedCreateInput'.
src/app/api/webhooks/judit/tracking/route.ts(328,43): error TS2339: Property 'getProcess' does not exist on type 'JuditApiClient'.
src/app/api/webhooks/judit/tracking/route.ts(358,9): error TS2353: Object literal may only specify known properties, and 'status' does not exist in type '(Without<MonitoredProcessUpdateInput, MonitoredProcessUncheckedUpdateInput> & MonitoredProcessUncheckedUpdateInput) | (Without<...> & MonitoredProcessUpdateInput)'.
src/app/api/webhooks/judit/tracking/route.ts(387,43): error TS2339: Property 'getProcess' does not exist on type 'JuditApiClient'.
src/app/api/webhooks/judit/tracking/route.ts(451,7): error TS2353: Object literal may only specify known properties, and 'idempotencyKey' does not exist in type 'WebhookQueueWhereInput'.
src/app/api/webhooks/judit/tracking/route.ts(465,7): error TS2353: Object literal may only specify known properties, and 'idempotencyKey' does not exist in type '(Without<WebhookQueueCreateInput, WebhookQueueUncheckedCreateInput> & WebhookQueueUncheckedCreateInput) | (Without<...> & WebhookQueueCreateInput)'.
src/app/api/webhooks/judit/tracking/route.ts(476,3): error TS2322: Type '{ id: string; workspaceId: string; caseId: string | null; processNumber: string; court: string; clientName: string; processData: JsonValue; monitoringStatus: MonitoringStatus; ... 7 more ...; updatedAt: Date; } | null' is not assignable to type 'MonitoredProcessWithWorkspace | null'.
  Type '{ id: string; workspaceId: string; caseId: string | null; processNumber: string; court: string; clientName: string; processData: JsonValue; monitoringStatus: MonitoringStatus; ... 7 more ...; updatedAt: Date; }' is not assignable to type 'MonitoredProcessWithWorkspace'.
    Property 'workspace' is missing in type '{ id: string; workspaceId: string; caseId: string | null; processNumber: string; court: string; clientName: string; processData: JsonValue; monitoringStatus: MonitoringStatus; ... 7 more ...; updatedAt: Date; }' but required in type '{ workspace: { id: string; name: string; }; }'.
src/app/api/webhooks/judit/tracking/route.ts(479,11): error TS2353: Object literal may only specify known properties, and 'juditProcessId' does not exist in type 'MonitoredProcessWhereInput'.
src/app/api/webhooks/judit/tracking/route.ts(493,9): error TS2353: Object literal may only specify known properties, and 'processMovementId' does not exist in type '(Without<CaseDocumentCreateInput, CaseDocumentUncheckedCreateInput> & CaseDocumentUncheckedCreateInput) | (Without<...> & CaseDocumentCreateInput)'.
src/app/api/webhooks/judit/tracking/route.ts(511,9): error TS2353: Object literal may only specify known properties, and 'remoteId' does not exist in type 'CaseDocumentWhereInput'.
src/app/api/webhooks/judit/tracking/route.ts(519,11): error TS2353: Object literal may only specify known properties, and 'remoteId' does not exist in type 'Without<CaseDocumentCreateInput, CaseDocumentUncheckedCreateInput> & CaseDocumentUncheckedCreateInput'.
src/app/api/webhooks/judit/tracking/route.ts(551,11): error TS2353: Object literal may only specify known properties, and 'content' does not exist in type 'Without<ProcessMovementCreateInput, ProcessMovementUncheckedCreateInput> & ProcessMovementUncheckedCreateInput'.
src/app/api/webhooks/judit/tracking/route.ts(595,18): error TS2353: Object literal may only specify known properties, and 'userWorkspaces' does not exist in type 'WorkspaceInclude<DefaultArgs>'.
src/app/api/webhooks/judit/tracking/route.ts(600,24): error TS18047: 'workspace' is possibly 'null'.
src/app/api/webhooks/judit/tracking/route.ts(600,34): error TS2339: Property 'userWorkspaces' does not exist on type '{ status: Status; name: string; id: string; createdAt: Date; updatedAt: Date; slug: string; description: string | null; logoUrl: string | null; plan: Plan; settings: JsonValue; }'.
src/app/api/webhooks/judit/tracking/route.ts(600,53): error TS7006: Parameter 'uw' implicitly has an 'any' type.
src/app/api/webhooks/judit/tracking/route.ts(630,9): error TS2353: Object literal may only specify known properties, and 'timestamp' does not exist in type 'Omit<WebSocketMessage, "timestamp">'.
src/app/api/webhooks/judit/tracking/route.ts(673,18): error TS2353: Object literal may only specify known properties, and 'userWorkspaces' does not exist in type 'WorkspaceInclude<DefaultArgs>'.
src/app/api/webhooks/judit/tracking/route.ts(676,33): error TS2339: Property 'userWorkspaces' does not exist on type '{ status: Status; name: string; id: string; createdAt: Date; updatedAt: Date; slug: string; description: string | null; logoUrl: string | null; plan: Plan; settings: JsonValue; }'.
src/app/api/webhooks/judit/tracking/route.ts(688,34): error TS2339: Property 'userWorkspaces' does not exist on type '{ status: Status; name: string; id: string; createdAt: Date; updatedAt: Date; slug: string; description: string | null; logoUrl: string | null; plan: Plan; settings: JsonValue; }'.
src/app/api/webhooks/judit/tracking/route.ts(688,53): error TS7006: Parameter 'uw' implicitly has an 'any' type.
src/app/api/webhooks/judit/tracking/route.ts(719,9): error TS2353: Object literal may only specify known properties, and 'timestamp' does not exist in type 'Omit<WebSocketMessage, "timestamp">'.
src/app/api/webhooks/judit/tracking/route.ts(762,18): error TS2353: Object literal may only specify known properties, and 'userWorkspaces' does not exist in type 'WorkspaceInclude<DefaultArgs>'.
src/app/api/webhooks/judit/tracking/route.ts(765,33): error TS2339: Property 'userWorkspaces' does not exist on type '{ status: Status; name: string; id: string; createdAt: Date; updatedAt: Date; slug: string; description: string | null; logoUrl: string | null; plan: Plan; settings: JsonValue; }'.
src/app/api/webhooks/judit/tracking/route.ts(780,34): error TS2339: Property 'userWorkspaces' does not exist on type '{ status: Status; name: string; id: string; createdAt: Date; updatedAt: Date; slug: string; description: string | null; logoUrl: string | null; plan: Plan; settings: JsonValue; }'.
src/app/api/webhooks/judit/tracking/route.ts(780,53): error TS7006: Parameter 'uw' implicitly has an 'any' type.
src/app/api/webhooks/judit/tracking/route.ts(809,9): error TS2353: Object literal may only specify known properties, and 'timestamp' does not exist in type 'Omit<WebSocketMessage, "timestamp">'.
src/app/api/webhooks/judit/tracking/route.ts(825,13): error TS2353: Object literal may only specify known properties, and 'lastWebhookAt' does not exist in type '(Without<MonitoredProcessUpdateInput, MonitoredProcessUncheckedUpdateInput> & MonitoredProcessUncheckedUpdateInput) | (Without<...> & MonitoredProcessUpdateInput)'.
src/app/api/webhooks/judit/tracking/route.ts(837,7): error TS2353: Object literal may only specify known properties, and 'metadata' does not exist in type '(Without<MonitoredProcessUpdateInput, MonitoredProcessUncheckedUpdateInput> & MonitoredProcessUncheckedUpdateInput) | (Without<...> & MonitoredProcessUpdateInput)'.
src/app/api/webhooks/judit/tracking/route.ts(847,16): error TS2339: Property 'webhookLog' does not exist on type 'PrismaClient<PrismaClientOptions, never, DefaultArgs>'.
src/app/api/webhooks/judit/tracking/route.ts(872,9): error TS2353: Object literal may only specify known properties, and 'url' does not exist in type '(Without<WebhookErrorCreateInput, WebhookErrorUncheckedCreateInput> & WebhookErrorUncheckedCreateInput) | (Without<...> & WebhookErrorCreateInput)'.
src/app/api/workspaces/[id]/route.ts(124,5): error TS2322: Type '{ name?: string | undefined; description?: string | undefined; logoUrl?: string | undefined; plan?: "FREE" | "PRO" | "BASIC" | "ENTERPRISE" | undefined; status?: "ACTIVE" | "INACTIVE" | "SUSPENDED" | "DELETED" | undefined; settings?: Record<...> | undefined; }' is not assignable to type '(Without<WorkspaceUpdateInput, WorkspaceUncheckedUpdateInput> & WorkspaceUncheckedUpdateInput) | (Without<...> & WorkspaceUpdateInput)'.
  Type '{ name?: string | undefined; description?: string | undefined; logoUrl?: string | undefined; plan?: "FREE" | "PRO" | "BASIC" | "ENTERPRISE" | undefined; status?: "ACTIVE" | "INACTIVE" | "SUSPENDED" | "DELETED" | undefined; settings?: Record<...> | undefined; }' is not assignable to type 'Without<WorkspaceUncheckedUpdateInput, WorkspaceUpdateInput> & WorkspaceUpdateInput'.
    Type '{ name?: string | undefined; description?: string | undefined; logoUrl?: string | undefined; plan?: "FREE" | "PRO" | "BASIC" | "ENTERPRISE" | undefined; status?: "ACTIVE" | "INACTIVE" | "SUSPENDED" | "DELETED" | undefined; settings?: Record<...> | undefined; }' is not assignable to type 'WorkspaceUpdateInput'.
      Types of property 'settings' are incompatible.
        Type 'Record<string, unknown> | undefined' is not assignable to type 'NullableJsonNullValueInput | InputJsonValue | undefined'.
          Type 'Record<string, unknown>' is not assignable to type 'NullableJsonNullValueInput | InputJsonValue | undefined'.
            Type 'Record<string, unknown>' is missing the following properties from type 'readonly (InputJsonValue | null)[]': length, concat, join, slice, and 26 more.
src/app/api/workspaces/[id]/route.ts(146,25): error TS2339: Property 'users' does not exist on type '{ id: string; status: Status; name: string; slug: string; description: string | null; logoUrl: string | null; plan: Plan; settings: JsonValue; createdAt: Date; updatedAt: Date; }'.
src/app/api/workspaces/[id]/route.ts(147,27): error TS2339: Property 'users' does not exist on type '{ id: string; status: Status; name: string; slug: string; description: string | null; logoUrl: string | null; plan: Plan; settings: JsonValue; createdAt: Date; updatedAt: Date; }'.
src/app/api/workspaces/[id]/route.ts(148,29): error TS2339: Property 'users' does not exist on type '{ id: string; status: Status; name: string; slug: string; description: string | null; logoUrl: string | null; plan: Plan; settings: JsonValue; createdAt: Date; updatedAt: Date; }'.
src/app/api/workspaces/route.ts(49,5): error TS18046: 'where' is of type 'unknown'.
src/app/api/workspaces/route.ts(56,5): error TS18046: 'where' is of type 'unknown'.
src/app/api/workspaces/route.ts(60,48): error TS2322: Type 'unknown' is not assignable to type 'WorkspaceWhereInput | undefined'.
src/app/api/workspaces/route.ts(64,5): error TS2322: Type 'unknown' is not assignable to type 'WorkspaceWhereInput | undefined'.
src/app/api/workspaces/route.ts(90,25): error TS2339: Property 'users' does not exist on type '{ id: string; status: Status; name: string; slug: string; description: string | null; logoUrl: string | null; plan: Plan; settings: JsonValue; createdAt: Date; updatedAt: Date; }'.
src/app/api/workspaces/route.ts(91,27): error TS2339: Property 'users' does not exist on type '{ id: string; status: Status; name: string; slug: string; description: string | null; logoUrl: string | null; plan: Plan; settings: JsonValue; createdAt: Date; updatedAt: Date; }'.
src/app/api/workspaces/route.ts(92,29): error TS2339: Property 'users' does not exist on type '{ id: string; status: Status; name: string; slug: string; description: string | null; logoUrl: string | null; plan: Plan; settings: JsonValue; createdAt: Date; updatedAt: Date; }'.
src/app/api/workspaces/route.ts(131,5): error TS2322: Type '{ users: { create: { userId: string; role: "OWNER"; }; }; name: string; slug: string; plan: "FREE" | "PRO" | "BASIC" | "ENTERPRISE"; description?: string | undefined; logoUrl?: string | undefined; settings?: Record<...> | undefined; }' is not assignable to type '(Without<WorkspaceCreateInput, WorkspaceUncheckedCreateInput> & WorkspaceUncheckedCreateInput) | (Without<...> & WorkspaceCreateInput)'.
  Type '{ users: { create: { userId: string; role: "OWNER"; }; }; name: string; slug: string; plan: "FREE" | "PRO" | "BASIC" | "ENTERPRISE"; description?: string | undefined; logoUrl?: string | undefined; settings?: Record<...> | undefined; }' is not assignable to type 'Without<WorkspaceUncheckedCreateInput, WorkspaceCreateInput> & WorkspaceCreateInput'.
    Type '{ users: { create: { userId: string; role: "OWNER"; }; }; name: string; slug: string; plan: "FREE" | "PRO" | "BASIC" | "ENTERPRISE"; description?: string | undefined; logoUrl?: string | undefined; settings?: Record<...> | undefined; }' is not assignable to type 'WorkspaceCreateInput'.
      Types of property 'plan' are incompatible.
        Type '"FREE" | "PRO" | "BASIC" | "ENTERPRISE"' is not assignable to type 'Plan | undefined'.
          Type '"PRO"' is not assignable to type 'Plan | undefined'.
src/app/api/workspaces/route.ts(162,25): error TS2339: Property 'users' does not exist on type '{ id: string; status: Status; name: string; slug: string; description: string | null; logoUrl: string | null; plan: Plan; settings: JsonValue; createdAt: Date; updatedAt: Date; }'.
src/app/api/workspaces/route.ts(163,27): error TS2339: Property 'users' does not exist on type '{ id: string; status: Status; name: string; slug: string; description: string | null; logoUrl: string | null; plan: Plan; settings: JsonValue; createdAt: Date; updatedAt: Date; }'.
src/app/api/workspaces/route.ts(164,29): error TS2339: Property 'users' does not exist on type '{ id: string; status: Status; name: string; slug: string; description: string | null; logoUrl: string | null; plan: Plan; settings: JsonValue; createdAt: Date; updatedAt: Date; }'.
src/app/dashboard/documents-upload/page.tsx(23,42): error TS2698: Spread types may only be created from object types.
src/app/dashboard/judit/page.tsx(107,7): error TS2322: Type 'unknown' is not assignable to type 'ReactNode'.
src/app/dashboard/judit/page.tsx(183,25): error TS2739: Type '{}' is missing the following properties from type '{ p50?: number | undefined; p95?: number | undefined; p99?: number | undefined; avg: number; min: number; max: number; }': avg, min, max
src/app/dashboard/page.tsx(191,17): error TS18046: 'activity' is of type 'unknown'.
src/app/dashboard/page.tsx(193,22): error TS18046: 'activity' is of type 'unknown'.
src/app/dashboard/page.tsx(194,24): error TS18046: 'activity' is of type 'unknown'.
src/app/dashboard/page.tsx(372,9): error TS2322: Type 'string | null' is not assignable to type 'string'.
  Type 'null' is not assignable to type 'string'.
src/app/dashboard/process/[id]/conflicts/page.tsx(251,47): error TS2345: Argument of type 'string' is not assignable to parameter of type 'TimelineSource'.
src/app/dashboard/process/[id]/conflicts/page.tsx(259,47): error TS2345: Argument of type 'string' is not assignable to parameter of type 'TimelineSource'.
src/app/dashboard/process/[id]/page.tsx(362,28): error TS2339: Property 'FOLDER' does not exist on type '{ readonly SUCCESS: "âœ“"; readonly ERROR: "âœ—"; readonly WARNING: "!"; readonly INFO: "i"; readonly LOADING: "..."; readonly ARROW_LEFT: "<"; readonly ARROW_RIGHT: ">"; readonly ARROW_UP: "^"; ... 72 more ...; readonly HEALTH: "ðŸ’š"; }'.
src/app/dashboard/process/page.tsx(383,36): error TS2367: This comparison appears to be unintentional because the types '"ACTIVE" | "SUSPENDED" | "CLOSED" | "ARCHIVED" | "CANCELLED"' and '"CONCLUDED"' have no overlap.
src/app/dashboard/reports/page.tsx(545,103): error TS2322: Type 'unknown' is not assignable to type '"WEEKLY_UPDATE"'.
src/app/dashboard/reports/page.tsx(562,108): error TS2322: Type 'unknown' is not assignable to type '"WEEKLY"'.
src/app/dashboard/settings/page.tsx(61,23): error TS2339: Property 'phone' does not exist on type 'UserWithWorkspaces'.
src/app/dashboard/settings/page.tsx(62,24): error TS2339: Property 'avatar' does not exist on type 'UserWithWorkspaces'.
src/app/dashboard/settings/page.tsx(67,23): error TS2339: Property 'phone' does not exist on type 'UserWithWorkspaces'.
src/app/dashboard/telemetry/page.tsx(44,20): error TS2339: Property 'ACTIVITY' does not exist on type '{ readonly SUCCESS: "âœ“"; readonly ERROR: "âœ—"; readonly WARNING: "!"; readonly INFO: "i"; readonly LOADING: "..."; readonly ARROW_LEFT: "<"; readonly ARROW_RIGHT: ">"; readonly ARROW_UP: "^"; ... 72 more ...; readonly HEALTH: "ðŸ’š"; }'.
src/app/dashboard/upload/page.tsx(60,17): error TS18046: 'c' is of type 'unknown'.
src/app/dashboard/upload/page.tsx(61,20): error TS18046: 'c' is of type 'unknown'.
src/app/dashboard/upload/page.tsx(62,21): error TS18046: 'c' is of type 'unknown'.
src/app/dashboard/upload/page.tsx(180,25): error TS18046: 'uploadResponse' is of type 'unknown'.
src/app/dashboard/upload/page.tsx(181,23): error TS18046: 'uploadResponse' is of type 'unknown'.
src/app/dashboard/upload/page.tsx(182,28): error TS18046: 'uploadResponse' is of type 'unknown'.
src/app/dashboard/upload/page.tsx(183,20): error TS18046: 'uploadResponse' is of type 'unknown'.
src/app/dashboard/upload/page.tsx(184,18): error TS18046: 'uploadResponse' is of type 'unknown'.
src/app/dashboard/upload/page.tsx(185,28): error TS18046: 'uploadResponse' is of type 'unknown'.
src/app/dashboard/upload/page.tsx(275,7): error TS2322: Type 'unknown' is not assignable to type 'ReactNode'.
src/app/dashboard/upload/page.tsx(393,42): error TS2339: Property 'title' does not exist on type '{}'.
src/app/dashboard/upload/page.tsx(399,53): error TS2339: Property 'id' does not exist on type '{}'.
src/app/dashboard/upload/page.tsx(492,17): error TS2322: Type 'unknown' is not assignable to type 'ReactNode'.
src/app/dashboard/upload/page.tsx(497,53): error TS2339: Property 'confidence' does not exist on type '{}'.
src/app/dashboard/upload/page.tsx(504,74): error TS2339: Property 'documentType' does not exist on type '{}'.
src/app/dashboard/upload/page.tsx(509,74): error TS2339: Property 'summary' does not exist on type '{}'.
src/app/dashboard/upload/page.tsx(512,40): error TS2339: Property 'risks' does not exist on type '{}'.
src/app/dashboard/upload/page.tsx(516,46): error TS2339: Property 'risks' does not exist on type '{}'.
src/app/dashboard/upload/page.tsx(523,40): error TS2339: Property 'recommendations' does not exist on type '{}'.
src/app/dashboard/upload/page.tsx(527,46): error TS2339: Property 'recommendations' does not exist on type '{}'.
src/app/pricing/page.tsx(265,11): error TS2322: Type 'unknown' is not assignable to type '{ id: string; name: string; subtitle: string; price_monthly: number | null; price_annual: number | null; custom_pricing?: boolean | undefined; popular?: boolean | undefined; trial_days: number; features: { ...; }; contact_sales?: boolean | undefined; } | null'.
src/app/signup/page.tsx(304,17): error TS2322: Type 'boolean | undefined' is not assignable to type 'boolean'.
  Type 'undefined' is not assignable to type 'boolean'.
src/components/admin/monitoring-dashboard.tsx(354,52): error TS18046: 'systemStatus.metrics.queueStats' is of type 'unknown'.
src/components/admin/monitoring-dashboard.tsx(358,52): error TS18046: 'systemStatus.metrics.queueStats' is of type 'unknown'.
src/components/admin/monitoring-dashboard.tsx(362,67): error TS18046: 'systemStatus.metrics.queueStats' is of type 'unknown'.
src/components/admin/monitoring-dashboard.tsx(366,65): error TS18046: 'systemStatus.metrics.queueStats' is of type 'unknown'.
src/components/admin/monitoring-dashboard.tsx(463,52): error TS18046: 'systemStatus.metrics.juditStats' is of type 'unknown'.
src/components/admin/monitoring-dashboard.tsx(468,24): error TS18046: 'systemStatus.metrics.juditStats' is of type 'unknown'.
src/components/admin/monitoring-dashboard.tsx(469,29): error TS18046: 'systemStatus.metrics.juditStats' is of type 'unknown'.
src/components/admin/monitoring-dashboard.tsx(469,79): error TS18046: 'systemStatus.metrics.juditStats' is of type 'unknown'.
src/components/admin/monitoring-dashboard.tsx(475,52): error TS18046: 'systemStatus.metrics.juditStats' is of type 'unknown'.
src/components/admin/monitoring-dashboard.tsx(479,37): error TS18046: 'systemStatus.metrics.juditStats' is of type 'unknown'.
src/components/admin/monitoring-dashboard.tsx(480,24): error TS18046: 'systemStatus.metrics.juditStats' is of type 'unknown'.
src/components/admin/monitoring-dashboard.tsx(485,63): error TS18046: 'systemStatus.metrics.juditStats' is of type 'unknown'.
src/components/admin/monitoring-dashboard.tsx(500,52): error TS18046: 'systemStatus.metrics.telemetryMetrics' is of type 'unknown'.
src/components/admin/monitoring-dashboard.tsx(504,52): error TS18046: 'systemStatus.metrics.telemetryMetrics' is of type 'unknown'.
src/components/admin/monitoring-dashboard.tsx(508,55): error TS18046: 'systemStatus.metrics.telemetryMetrics' is of type 'unknown'.
src/components/admin/monitoring-dashboard.tsx(512,52): error TS18046: 'systemStatus.metrics.telemetryMetrics' is of type 'unknown'.
src/components/admin/monitoring-dashboard.tsx(516,52): error TS18046: 'systemStatus.metrics.telemetryMetrics' is of type 'unknown'.
src/components/admin/monitoring-dashboard.tsx(624,66): error TS18046: 'alert' is of type 'unknown'.
src/components/admin/monitoring-dashboard.tsx(625,55): error TS18046: 'alert' is of type 'unknown'.
src/components/admin/monitoring-dashboard.tsx(627,68): error TS18046: 'alert' is of type 'unknown'.
src/components/dashboard/api-usage-card.tsx(49,44): error TS2339: Property 'ACTIVITY' does not exist on type '{ readonly SUCCESS: "âœ“"; readonly ERROR: "âœ—"; readonly WARNING: "!"; readonly INFO: "i"; readonly LOADING: "..."; readonly ARROW_LEFT: "<"; readonly ARROW_RIGHT: ">"; readonly ARROW_UP: "^"; ... 72 more ...; readonly HEALTH: "ðŸ’š"; }'.
src/components/dashboard/client-actions-button.tsx(46,15): error TS18046: 'process' is of type 'unknown'.
src/components/dashboard/client-actions-button.tsx(47,19): error TS18046: 'process' is of type 'unknown'.
src/components/dashboard/client-actions-button.tsx(48,18): error TS18046: 'process' is of type 'unknown'.
src/components/dashboard/client-actions-button.tsx(49,23): error TS18046: 'process' is of type 'unknown'.
src/components/dashboard/client-actions-button.tsx(50,38): error TS18046: 'process' is of type 'unknown'.
src/components/dashboard/client-actions-button.tsx(51,23): error TS18046: 'process' is of type 'unknown'.
src/components/dashboard/cost-metrics-card.tsx(68,44): error TS2339: Property 'COINS' does not exist on type '{ readonly SUCCESS: "âœ“"; readonly ERROR: "âœ—"; readonly WARNING: "!"; readonly INFO: "i"; readonly LOADING: "..."; readonly ARROW_LEFT: "<"; readonly ARROW_RIGHT: ">"; readonly ARROW_UP: "^"; ... 72 more ...; readonly HEALTH: "ðŸ’š"; }'.
src/components/dashboard/CostBreakdownChart.tsx(46,53): error TS18046: 'percent' is of type 'unknown'.
src/components/dashboard/CostBreakdownChart.tsx(61,11): error TS2322: Type '(value: unknown, name: string, props: unknown) => unknown' is not assignable to type 'Formatter<ValueType, string>'.
  Type 'unknown' is not assignable to type 'ReactNode | [ReactNode, string]'.
src/components/dashboard/CostBreakdownChart.tsx(65,35): error TS18046: 'value' is of type 'unknown'.
src/components/dashboard/CostBreakdownChart.tsx(66,36): error TS18046: 'props' is of type 'unknown'.
src/components/dashboard/CostBreakdownChart.tsx(67,35): error TS18046: 'props' is of type 'unknown'.
src/components/dashboard/CostsChart.tsx(66,11): error TS2322: Type '(value: unknown, name: string) => [string, "Custo"] | [unknown, "OperaÃ§Ãµes"]' is not assignable to type 'Formatter<ValueType, string>'.
  Type '[string, "Custo"] | [unknown, "OperaÃ§Ãµes"]' is not assignable to type 'ReactNode | [ReactNode, string]'.
    Type '[unknown, "OperaÃ§Ãµes"]' is not assignable to type 'ReactNode | [ReactNode, string]'.
      Type '[unknown, "OperaÃ§Ãµes"]' is not assignable to type 'ReactElement<unknown, string | JSXElementConstructor<any>> | Iterable<ReactNode> | ReactPortal | Promise<...> | [...]'.
        Type '[unknown, "OperaÃ§Ãµes"]' is not assignable to type '[ReactNode, string]'.
          Type at position 0 in source is not compatible with type at position 0 in target.
            Type 'unknown' is not assignable to type 'ReactNode'.
src/components/dashboard/CostsChart.tsx(68,29): error TS18046: 'value' is of type 'unknown'.
src/components/dashboard/dashboard-sidebar.tsx(61,15): error TS18046: 'apiClient' is of type 'unknown'.
src/components/dashboard/dashboard-sidebar.tsx(62,17): error TS18046: 'apiClient' is of type 'unknown'.
src/components/dashboard/dashboard-sidebar.tsx(63,18): error TS18046: 'apiClient' is of type 'unknown'.
src/components/dashboard/dashboard-sidebar.tsx(64,18): error TS18046: 'apiClient' is of type 'unknown'.
src/components/dashboard/dashboard-sidebar.tsx(65,25): error TS18046: 'apiClient' is of type 'unknown'.
src/components/dashboard/dashboard-sidebar.tsx(66,19): error TS18046: 'apiClient' is of type 'unknown'.
src/components/dashboard/dashboard-sidebar.tsx(67,23): error TS18046: 'apiClient' is of type 'unknown'.
src/components/dashboard/ExportButton.tsx(29,9): error TS18046: 'data' is of type 'unknown'.
src/components/dashboard/ExportButton.tsx(31,36): error TS18046: 'data' is of type 'unknown'.
src/components/dashboard/ExportButton.tsx(37,9): error TS18046: 'data' is of type 'unknown'.
src/components/dashboard/ExportButton.tsx(40,21): error TS18046: 'data' is of type 'unknown'.
src/components/dashboard/ExportButton.tsx(42,12): error TS18046: 'item' is of type 'unknown'.
src/components/dashboard/ExportButton.tsx(42,32): error TS18046: 'item' is of type 'unknown'.
src/components/dashboard/ExportButton.tsx(42,44): error TS18046: 'item' is of type 'unknown'.
src/components/dashboard/ExportButton.tsx(42,60): error TS18046: 'item' is of type 'unknown'.
src/components/dashboard/ExportButton.tsx(48,9): error TS18046: 'data' is of type 'unknown'.
src/components/dashboard/ExportButton.tsx(51,21): error TS18046: 'data' is of type 'unknown'.
src/components/dashboard/ExportButton.tsx(52,34): error TS18046: 'item' is of type 'unknown'.
src/components/dashboard/ExportButton.tsx(52,45): error TS18046: 'item' is of type 'unknown'.
src/components/dashboard/ExportButton.tsx(52,56): error TS18046: 'item' is of type 'unknown'.
src/components/dashboard/LatencyChart.tsx(57,46): error TS18046: 'value' is of type 'unknown'.
src/components/dashboard/process-list.tsx(158,42): error TS2345: Argument of type 'unknown' is not assignable to parameter of type 'SetStateAction<"all" | "complete" | "partial" | "attention">'.
src/components/dashboard/usage-banner.tsx(118,52): error TS7006: Parameter 'alert' implicitly has an 'any' type.
src/components/dashboard/usage-banner.tsx(139,13): error TS18046: 'alert' is of type 'unknown'.
src/components/dashboard/usage-banner.tsx(140,17): error TS18046: 'alert' is of type 'unknown'.
src/components/dashboard/usage-banner.tsx(140,59): error TS18046: 'alert' is of type 'unknown'.
src/components/dashboard/usage-banner.tsx(141,14): error TS18046: 'alert' is of type 'unknown'.
src/components/dashboard/usage-banner.tsx(142,16): error TS18046: 'alert' is of type 'unknown'.
src/components/dashboard/usage-banner.tsx(147,13): error TS18046: 'alert' is of type 'unknown'.
src/components/landing/pricing.tsx(68,9): error TS18046: 'plan' is of type 'unknown'.
src/components/landing/pricing.tsx(69,41): error TS18046: 'plan' is of type 'unknown'.
src/components/landing/pricing.tsx(69,62): error TS18046: 'plan' is of type 'unknown'.
src/components/onboarding/onboarding-progress.tsx(74,57): error TS2339: Property 'modelUsed' does not exist on type '{}'.
src/components/onboarding/onboarding-progress.tsx(219,5): error TS2588: Cannot assign to 'pollInterval' because it is a constant.
src/components/onboarding/onboarding-progress.tsx(491,9): error TS2322: Type 'unknown' is not assignable to type 'ReactNode'.
src/components/onboarding/onboarding-progress.tsx(512,62): error TS2339: Property 'statusDescription' does not exist on type '{}'.
src/components/onboarding/onboarding-progress.tsx(516,76): error TS2339: Property 'progress' does not exist on type '{}'.
src/components/onboarding/onboarding-progress.tsx(561,20): error TS2339: Property 'result' does not exist on type '{}'.
src/components/onboarding/onboarding-progress.tsx(565,26): error TS2339: Property 'result' does not exist on type '{}'.
src/components/onboarding/onboarding-progress.tsx(571,32): error TS2339: Property 'result' does not exist on type '{}'.
src/components/onboarding/onboarding-progress.tsx(574,26): error TS2339: Property 'result' does not exist on type '{}'.
src/components/onboarding/onboarding-progress.tsx(580,32): error TS2339: Property 'result' does not exist on type '{}'.
src/components/onboarding/onboarding-progress.tsx(621,22): error TS2339: Property 'resumo' does not exist on type '{}'.
src/components/onboarding/onboarding-progress.tsx(629,79): error TS2339: Property 'resumo' does not exist on type '{}'.
src/components/onboarding/onboarding-progress.tsx(636,24): error TS2339: Property 'partes' does not exist on type '{}'.
src/components/onboarding/onboarding-progress.tsx(644,82): error TS2339: Property 'partes' does not exist on type '{}'.
src/components/onboarding/onboarding-progress.tsx(649,24): error TS2339: Property 'objeto' does not exist on type '{}'.
src/components/onboarding/onboarding-progress.tsx(657,82): error TS2339: Property 'objeto' does not exist on type '{}'.
src/components/onboarding/onboarding-progress.tsx(662,24): error TS2339: Property 'valores' does not exist on type '{}'.
src/components/onboarding/onboarding-progress.tsx(670,68): error TS2339: Property 'valores' does not exist on type '{}'.
src/components/onboarding/onboarding-progress.tsx(677,22): error TS2339: Property 'proximosPassos' does not exist on type '{}'.
src/components/onboarding/onboarding-progress.tsx(685,80): error TS2339: Property 'proximosPassos' does not exist on type '{}'.
src/components/onboarding/upload-dialog.tsx(95,24): error TS2339: Property 'caseId' does not exist on type '{}'.
src/components/onboarding/upload-dialog.tsx(99,65): error TS2339: Property 'caseId' does not exist on type '{}'.
src/components/onboarding/upload-dialog.tsx(117,11): error TS2322: Type 'unknown' is not assignable to type 'ReactNode'.
src/components/onboarding/upload-dialog.tsx(141,30): error TS2339: Property 'FILE' does not exist on type '{ readonly SUCCESS: "âœ“"; readonly ERROR: "âœ—"; readonly WARNING: "!"; readonly INFO: "i"; readonly LOADING: "..."; readonly ARROW_LEFT: "<"; readonly ARROW_RIGHT: ">"; readonly ARROW_UP: "^"; ... 72 more ...; readonly HEALTH: "ðŸ’š"; }'.
src/components/onboarding/upload-dialog.tsx(184,39): error TS2339: Property 'caseId' does not exist on type '{}'.
src/components/onboarding/upload-dialog.tsx(185,43): error TS2339: Property 'juditJobId' does not exist on type '{}'.
src/components/onboarding/upload-dialog.tsx(186,55): error TS2339: Property 'extractedProcessNumber' does not exist on type '{}'.
src/components/onboarding/upload-dialog.tsx(187,44): error TS2339: Property 'analysis' does not exist on type '{}'.
src/components/onboarding/upload-dialog.tsx(196,15): error TS2322: Type 'unknown' is not assignable to type 'ReactNode'.
src/components/onboarding/upload-dialog.tsx(208,40): error TS2339: Property 'file' does not exist on type '{}'.
src/components/onboarding/upload-dialog.tsx(209,46): error TS2339: Property 'file' does not exist on type '{}'.
src/components/onboarding/upload-dialog.tsx(216,40): error TS2339: Property 'file' does not exist on type '{}'.
src/components/onboarding/upload-dialog.tsx(222,40): error TS2339: Property 'processing' does not exist on type '{}'.
src/components/onboarding/upload-dialog.tsx(223,46): error TS2339: Property 'processing' does not exist on type '{}'.
src/components/pricing/index.ts(13,15): error TS2724: '"./billing-toggle"' has no exported member named 'BillingToggleProps'. Did you mean 'BillingToggle'?
src/components/pricing/index.ts(15,15): error TS2724: '"./feature-matrix"' has no exported member named 'FeatureMatrixProps'. Did you mean 'FeatureMatrix'?
src/components/pricing/index.ts(16,15): error TS2724: '"./credits-packs"' has no exported member named 'CreditsPacksProps'. Did you mean 'CreditsPacks'?
src/components/pricing/index.ts(18,15): error TS2724: '"./faq-pricing"' has no exported member named 'FaqPricingProps'. Did you mean 'FaqPricing'?
src/components/pricing/plan-modal.tsx(106,9): error TS18046: 'feature' is of type 'unknown'.
src/components/pricing/plan-modal.tsx(113,9): error TS18046: 'feature' is of type 'unknown'.
src/components/pricing/plan-modal.tsx(120,9): error TS18046: 'feature' is of type 'unknown'.
src/components/pricing/plan-modal.tsx(121,45): error TS18046: 'feature' is of type 'unknown'.
src/components/process/bulk-actions-bar.tsx(57,24): error TS2339: Property 'id' does not exist on type '{}'.
src/components/process/bulk-actions-bar.tsx(146,40): error TS2339: Property 'name' does not exist on type '{}'.
src/components/process/process-ai-analysis.tsx(346,51): error TS18047: 'selectedVersion' is possibly 'null'.
src/components/process/process-ai-analysis.tsx(349,43): error TS18047: 'selectedVersion' is possibly 'null'.
src/components/process/process-ai-analysis.tsx(352,29): error TS18047: 'selectedVersion' is possibly 'null'.
src/components/process/process-ai-analysis.tsx(352,66): error TS18047: 'selectedVersion' is possibly 'null'.
src/components/process/process-ai-analysis.tsx(371,29): error TS18047: 'selectedVersion' is possibly 'null'.
src/components/process/process-ai-analysis.tsx(384,32): error TS18047: 'selectedVersion' is possibly 'null'.
src/components/process/process-ai-analysis.tsx(658,66): error TS2345: Argument of type '"strategic"' is not assignable to parameter of type '"FULL" | "FAST"'.
src/components/process/process-documents.tsx(88,15): error TS18046: 'doc' is of type 'unknown'.
src/components/process/process-documents.tsx(89,17): error TS18046: 'doc' is of type 'unknown'.
src/components/process/process-documents.tsx(90,17): error TS18046: 'doc' is of type 'unknown'.
src/components/process/process-documents.tsx(91,21): error TS18046: 'doc' is of type 'unknown'.
src/components/process/process-documents.tsx(92,17): error TS18046: 'doc' is of type 'unknown'.
src/components/process/process-documents.tsx(93,23): error TS18046: 'doc' is of type 'unknown'.
src/components/process/process-documents.tsx(487,95): error TS2345: Argument of type 'unknown' is not assignable to parameter of type 'SetStateAction<"other" | "decision" | "evidence" | "petition" | "correspondence">'.
src/components/process/process-documents.tsx(522,72): error TS2339: Property 'TRASH' does not exist on type '{ readonly SUCCESS: "âœ“"; readonly ERROR: "âœ—"; readonly WARNING: "!"; readonly INFO: "i"; readonly LOADING: "..."; readonly ARROW_LEFT: "<"; readonly ARROW_RIGHT: ">"; readonly ARROW_UP: "^"; ... 72 more ...; readonly HEALTH: "ðŸ’š"; }'.
src/components/process/process-notes.tsx(42,12): error TS18046: 'noteData' is of type 'unknown'.
src/components/process/process-notes.tsx(42,28): error TS18046: 'noteData' is of type 'unknown'.
src/components/process/process-notes.tsx(42,47): error TS18046: 'noteData' is of type 'unknown'.
src/components/process/process-notes.tsx(44,73): error TS18046: 'noteData' is of type 'unknown'.
src/components/process/process-notes.tsx(48,18): error TS18046: 'noteData' is of type 'unknown'.
src/components/process/process-notes.tsx(49,20): error TS18046: 'noteData' is of type 'unknown'.
src/components/process/process-notes.tsx(50,21): error TS18046: 'noteData' is of type 'unknown'.
src/components/process/process-notes.tsx(51,21): error TS18046: 'noteData' is of type 'unknown'.
src/components/process/process-notes.tsx(52,22): error TS18046: 'noteData' is of type 'unknown'.
src/components/process/process-notes.tsx(53,17): error TS18046: 'noteData' is of type 'unknown'.
src/components/process/process-notes.tsx(63,21): error TS18046: 'noteData' is of type 'unknown'.
src/components/process/process-notes.tsx(64,24): error TS2698: Spread types may only be created from object types.
src/components/process/process-onboarding-status.tsx(46,7): error TS2322: Type 'unknown' is not assignable to type 'ReactNode'.
src/components/process/process-onboarding-status.tsx(96,32): error TS2339: Property 'confidence' does not exist on type '{}'.
src/components/process/process-onboarding-status.tsx(258,9): error TS2322: Type 'unknown' is not assignable to type 'ReactNode'.
src/components/process/process-summary.tsx(58,30): error TS2339: Property 'title' does not exist on type '{}'.
src/components/process/process-summary.tsx(59,36): error TS2339: Property 'description' does not exist on type '{}'.
src/components/process/process-summary.tsx(60,30): error TS2339: Property 'value' does not exist on type '{}'.
src/components/process/process-summary.tsx(61,40): error TS2339: Property 'contractedValue' does not exist on type '{}'.
src/components/process/process-summary.tsx(62,33): error TS2339: Property 'priority' does not exist on type '{}'.
src/components/process/process-summary.tsx(63,38): error TS2339: Property 'opposingParty' does not exist on type '{}'.
src/components/process/process-summary.tsx(64,31): error TS2339: Property 'lawyer' does not exist on type '{}'.
src/components/process/process-summary.tsx(65,30): error TS2339: Property 'notes' does not exist on type '{}'.
src/components/process/process-summary.tsx(66,29): error TS2339: Property 'tags' does not exist on type '{}'.
src/components/process/process-timeline.tsx(169,40): error TS2339: Property 'metadata' does not exist on type 'TimelineEvent'.
src/components/process/process-timeline.tsx(175,9): error TS2322: Type 'unknown' is not assignable to type 'ReactNode'.
src/components/process/process-timeline.tsx(180,33): error TS2339: Property 'totalEntries' does not exist on type '{}'.
src/components/process/process-timeline.tsx(185,50): error TS2339: Property 'avgConfidence' does not exist on type '{}'.
src/components/reports/individual-report-modal.tsx(256,23): error TS2322: Type 'Dispatch<SetStateAction<boolean>>' is not assignable to type '(checked: CheckedState) => void'.
  Types of parameters 'value' and 'checked' are incompatible.
    Type 'CheckedState' is not assignable to type 'SetStateAction<boolean>'.
      Type '"indeterminate"' is not assignable to type 'SetStateAction<boolean>'.
src/components/reports/individual-report-modal.tsx(364,25): error TS2322: Type 'Dispatch<SetStateAction<Date | undefined>>' is not assignable to type 'ReactEventHandler<HTMLDivElement> & ((_date: Date | { from?: Date | undefined; to?: Date | undefined; } | undefined) => void)'.
  Type 'Dispatch<SetStateAction<Date | undefined>>' is not assignable to type 'ReactEventHandler<HTMLDivElement>'.
    Types of parameters 'value' and 'event' are incompatible.
      Type 'SyntheticEvent<HTMLDivElement, Event>' is not assignable to type 'SetStateAction<Date | undefined>'.
src/components/reports/individual-reports-history.tsx(180,20): error TS7053: Element implicitly has an 'any' type because expression of type 'string' can't be used to index type '{ Agendado: { variant: "secondary"; icon: ForwardRefExoticComponent<Omit<LucideProps, "ref"> & RefAttributes<SVGSVGElement>>; }; 'Em Processamento': { ...; }; ConcluÃ­do: { ...; }; Falhou: { ...; }; Cancelado: { ...; }; }'.
  No index signature with a parameter of type 'string' was found on type '{ Agendado: { variant: "secondary"; icon: ForwardRefExoticComponent<Omit<LucideProps, "ref"> & RefAttributes<SVGSVGElement>>; }; 'Em Processamento': { ...; }; ConcluÃ­do: { ...; }; Falhou: { ...; }; Cancelado: { ...; }; }'.
src/components/reports/report-scheduler-modal.tsx(323,47): error TS2345: Argument of type '(prev: ReportOptions) => { tone: unknown; type: "updates" | "complete"; formats: string[]; scheduledFor?: Date | undefined; useCache: boolean; priority: "normal" | "night"; }' is not assignable to parameter of type 'SetStateAction<ReportOptions>'.
  Type '(prev: ReportOptions) => { tone: unknown; type: "updates" | "complete"; formats: string[]; scheduledFor?: Date | undefined; useCache: boolean; priority: "normal" | "night"; }' is not assignable to type '(prevState: ReportOptions) => ReportOptions'.
    Call signature return types '{ tone: unknown; type: "updates" | "complete"; formats: string[]; scheduledFor?: Date | undefined; useCache: boolean; priority: "normal" | "night"; }' and 'ReportOptions' are incompatible.
      The types of 'tone' are incompatible between these types.
        Type 'unknown' is not assignable to type '"client" | "board" | "internal"'.
src/components/reports/report-scheduler-modal.tsx(361,47): error TS2345: Argument of type '(prev: ReportOptions) => { type: unknown; tone: "client" | "board" | "internal"; formats: string[]; scheduledFor?: Date | undefined; useCache: boolean; priority: "normal" | "night"; }' is not assignable to parameter of type 'SetStateAction<ReportOptions>'.
  Type '(prev: ReportOptions) => { type: unknown; tone: "client" | "board" | "internal"; formats: string[]; scheduledFor?: Date | undefined; useCache: boolean; priority: "normal" | "night"; }' is not assignable to type '(prevState: ReportOptions) => ReportOptions'.
    Call signature return types '{ type: unknown; tone: "client" | "board" | "internal"; formats: string[]; scheduledFor?: Date | undefined; useCache: boolean; priority: "normal" | "night"; }' and 'ReportOptions' are incompatible.
      The types of 'type' are incompatible between these types.
        Type 'unknown' is not assignable to type '"updates" | "complete"'.
src/components/reports/report-scheduler-modal.tsx(502,60): error TS2345: Argument of type '(prev: ReportOptions) => { priority: unknown; type: "updates" | "complete"; tone: "client" | "board" | "internal"; formats: string[]; scheduledFor?: Date | undefined; useCache: boolean; }' is not assignable to parameter of type 'SetStateAction<ReportOptions>'.
  Type '(prev: ReportOptions) => { priority: unknown; type: "updates" | "complete"; tone: "client" | "board" | "internal"; formats: string[]; scheduledFor?: Date | undefined; useCache: boolean; }' is not assignable to type '(prevState: ReportOptions) => ReportOptions'.
    Call signature return types '{ priority: unknown; type: "updates" | "complete"; tone: "client" | "board" | "internal"; formats: string[]; scheduledFor?: Date | undefined; useCache: boolean; }' and 'ReportOptions' are incompatible.
      The types of 'priority' are incompatible between these types.
        Type 'unknown' is not assignable to type '"normal" | "night"'.
src/components/reports/schedule-report-modal.tsx(224,7): error TS2322: Type 'unknown' is not assignable to type 'ReactNode'.
src/components/reports/schedule-report-modal.tsx(330,28): error TS2339: Property 'used' does not exist on type '{}'.
src/components/reports/schedule-report-modal.tsx(330,45): error TS2339: Property 'limit' does not exist on type '{}'.
src/components/reports/schedule-report-modal.tsx(334,25): error TS2339: Property 'sufficient' does not exist on type '{}'.
src/components/reports/schedule-report-modal.tsx(336,26): error TS2339: Property 'sufficient' does not exist on type '{}'.
src/components/reports/schedule-report-modal.tsx(336,52): error TS2339: Property 'remaining' does not exist on type '{}'.
src/components/timeline/EnrichedTimelineEvent.tsx(189,17): error TS2322: Type 'unknown' is not assignable to type '"default" | "secondary" | "outline" | "destructive" | null | undefined'.
src/components/ui/__tests__/button.test.tsx(8,63): error TS2339: Property 'toBeInTheDocument' does not exist on type 'JestMatchers<HTMLElement>'.
src/components/ui/__tests__/button.test.tsx(24,20): error TS2339: Property 'toHaveClass' does not exist on type 'JestMatchers<HTMLElement>'.
src/components/ui/__tests__/button.test.tsx(30,20): error TS2339: Property 'toHaveClass' does not exist on type 'JestMatchers<HTMLElement>'.
src/components/ui/__tests__/button.test.tsx(36,20): error TS2339: Property 'toHaveClass' does not exist on type 'JestMatchers<HTMLElement>'.
src/components/ui/__tests__/button.test.tsx(42,20): error TS2339: Property 'toHaveClass' does not exist on type 'JestMatchers<HTMLElement>'.
src/components/ui/__tests__/button.test.tsx(48,20): error TS2339: Property 'toHaveClass' does not exist on type 'JestMatchers<HTMLElement>'.
src/components/ui/__tests__/button.test.tsx(54,20): error TS2339: Property 'toHaveClass' does not exist on type 'JestMatchers<HTMLElement>'.
src/components/ui/__tests__/button.test.tsx(60,20): error TS2339: Property 'toHaveClass' does not exist on type 'JestMatchers<HTMLElement>'.
src/components/ui/__tests__/button.test.tsx(66,20): error TS2339: Property 'toHaveClass' does not exist on type 'JestMatchers<HTMLElement>'.
src/components/ui/__tests__/button.test.tsx(72,20): error TS2339: Property 'toHaveClass' does not exist on type 'JestMatchers<HTMLElement>'.
src/components/ui/__tests__/button.test.tsx(78,20): error TS2339: Property 'toBeDisabled' does not exist on type 'JestMatchers<HTMLElement>'.
src/components/ui/__tests__/button.test.tsx(84,20): error TS2339: Property 'toHaveClass' does not exist on type 'JestMatchers<HTMLElement>'.
src/components/ui/__tests__/button.test.tsx(94,38): error TS2339: Property 'toBeInTheDocument' does not exist on type 'JestMatchers<HTMLElement>'.
src/components/ui/__tests__/button.test.tsx(95,38): error TS2339: Property 'toBeInTheDocument' does not exist on type 'JestMatchers<HTMLElement>'.
src/components/ui/__tests__/button.test.tsx(101,20): error TS2339: Property 'toHaveAttribute' does not exist on type 'JestMatchers<HTMLElement>'.
src/components/ui/__tests__/button.test.tsx(125,20): error TS2339: Property 'toHaveClass' does not exist on type 'JestMatchers<HTMLElement>'.
src/components/ui/__tests__/button.test.tsx(126,20): error TS2339: Property 'toHaveClass' does not exist on type 'JestMatchers<HTMLElement>'.
src/components/ui/__tests__/card.test.tsx(8,42): error TS2339: Property 'toBeInTheDocument' does not exist on type 'JestMatchers<HTMLElement>'.
src/components/ui/__tests__/card.test.tsx(13,42): error TS2339: Property 'toHaveClass' does not exist on type 'JestMatchers<HTMLElement>'.
src/components/ui/__tests__/card.test.tsx(20,44): error TS2339: Property 'toBeInTheDocument' does not exist on type 'JestMatchers<HTMLElement>'.
src/components/ui/__tests__/card.test.tsx(25,44): error TS2339: Property 'toHaveClass' does not exist on type 'JestMatchers<HTMLElement>'.
src/components/ui/__tests__/card.test.tsx(32,46): error TS2339: Property 'toBeInTheDocument' does not exist on type 'JestMatchers<HTMLElement>'.
src/components/ui/__tests__/card.test.tsx(37,43): error TS2339: Property 'toHaveClass' does not exist on type 'JestMatchers<HTMLElement>'.
src/components/ui/__tests__/card.test.tsx(44,52): error TS2339: Property 'toBeInTheDocument' does not exist on type 'JestMatchers<HTMLElement>'.
src/components/ui/__tests__/card.test.tsx(49,42): error TS2339: Property 'toHaveClass' does not exist on type 'JestMatchers<HTMLElement>'.
src/components/ui/__tests__/card.test.tsx(56,45): error TS2339: Property 'toBeInTheDocument' does not exist on type 'JestMatchers<HTMLElement>'.
src/components/ui/__tests__/card.test.tsx(61,45): error TS2339: Property 'toHaveClass' does not exist on type 'JestMatchers<HTMLElement>'.
src/components/ui/__tests__/card.test.tsx(68,44): error TS2339: Property 'toBeInTheDocument' does not exist on type 'JestMatchers<HTMLElement>'.
src/components/ui/__tests__/card.test.tsx(73,44): error TS2339: Property 'toHaveClass' does not exist on type 'JestMatchers<HTMLElement>'.
src/components/ui/__tests__/card.test.tsx(94,45): error TS2339: Property 'toBeInTheDocument' does not exist on type 'JestMatchers<HTMLElement>'.
src/components/ui/__tests__/card.test.tsx(95,62): error TS2339: Property 'toBeInTheDocument' does not exist on type 'JestMatchers<HTMLElement>'.
src/components/ui/__tests__/card.test.tsx(96,58): error TS2339: Property 'toBeInTheDocument' does not exist on type 'JestMatchers<HTMLElement>'.
src/components/ui/__tests__/card.test.tsx(97,63): error TS2339: Property 'toBeInTheDocument' does not exist on type 'JestMatchers<HTMLElement>'.
src/components/ui/consent-checkbox.tsx(237,7): error TS2322: Type '((value: boolean) => true | "VocÃª deve aceitar os termos para continuar") | undefined' is not assignable to type 'Validate<unknown, Record<string, unknown>> | Record<string, Validate<unknown, Record<string, unknown>>> | undefined'.
  Type '(value: boolean) => true | "VocÃª deve aceitar os termos para continuar"' is not assignable to type 'Validate<unknown, Record<string, unknown>> | Record<string, Validate<unknown, Record<string, unknown>>> | undefined'.
    Type '(value: boolean) => true | "VocÃª deve aceitar os termos para continuar"' is not assignable to type 'Validate<unknown, Record<string, unknown>>'.
      Types of parameters 'value' and 'value' are incompatible.
        Type 'unknown' is not assignable to type 'boolean'.
src/hooks/use-onboarding-integration.ts(91,42): error TS2571: Object is of type 'unknown'.
src/hooks/use-onboarding-integration.ts(92,7): error TS2571: Object is of type 'unknown'.
src/jobs/dailyJuditCheck.ts(295,23): error TS18046: 'monitoring' is of type 'unknown'.
src/jobs/dailyJuditCheck.ts(296,23): error TS18046: 'monitoring' is of type 'unknown'.
src/jobs/dailyJuditCheck.ts(297,22): error TS18046: 'monitoring' is of type 'unknown'.
src/jobs/dailyJuditCheck.ts(319,11): error TS2339: Property 'trackingId' does not exist on type 'unknown'.
src/jobs/dailyJuditCheck.ts(319,23): error TS2339: Property 'processoId' does not exist on type 'unknown'.
src/jobs/dailyJuditCheck.ts(319,35): error TS2339: Property 'processo' does not exist on type 'unknown'.
src/jobs/scheduler.ts(54,16): error TS18046: 'result' is of type 'unknown'.
src/jobs/scheduler.ts(55,21): error TS18046: 'result' is of type 'unknown'.
src/jobs/scheduler.ts(56,27): error TS18046: 'result' is of type 'unknown'.
src/jobs/scheduler.ts(57,23): error TS18046: 'result' is of type 'unknown'.
src/jobs/scheduler.ts(62,18): error TS18046: 'result' is of type 'unknown'.
src/jobs/scheduler.ts(63,26): error TS18046: 'result' is of type 'unknown'.
src/jobs/scheduler.ts(64,21): error TS18046: 'result' is of type 'unknown'.
src/jobs/scheduler.ts(65,36): error TS18046: 'result' is of type 'unknown'.
src/jobs/scheduler.ts(66,31): error TS18046: 'result' is of type 'unknown'.
src/jobs/scheduler.ts(97,34): error TS2503: Cannot find namespace 'cron'.
src/lib/__tests__/api-utils.test.ts(7,3): error TS2305: Module '"../api-utils"' has no exported member 'unauthorizedResponse'.
src/lib/__tests__/api-utils.test.ts(8,3): error TS2305: Module '"../api-utils"' has no exported member 'notFoundResponse'.
src/lib/__tests__/api-utils.test.ts(9,3): error TS2305: Module '"../api-utils"' has no exported member 'methodNotAllowedResponse'.
src/lib/__tests__/api-utils.test.ts(10,3): error TS2305: Module '"../api-utils"' has no exported member 'validationErrorResponse'.
src/lib/__tests__/api-utils.test.ts(11,3): error TS2724: '"../api-utils"' has no exported member named 'serverErrorResponse'. Did you mean 'errorResponse'?
src/lib/__tests__/api-utils.test.ts(27,46): error TS2345: Argument of type 'number' is not assignable to parameter of type 'string'.
src/lib/__tests__/api-utils.test.ts(55,52): error TS2554: Expected 1-2 arguments, but got 3.
src/lib/__tests__/messages.test.ts(108,34): error TS2345: Argument of type '"quota"' is not assignable to parameter of type '"failed" | "completed" | "scheduled" | "schedule_night" | "quota_hard_blocked" | "quota_ok" | "quota_soft_warning" | "quota_usage" | "quota_remaining" | "soft_warning_title" | ... 23 more ... | "generating"'.
src/lib/__tests__/messages.test.ts(113,34): error TS2345: Argument of type '"quota"' is not assignable to parameter of type '"failed" | "completed" | "scheduled" | "schedule_night" | "quota_hard_blocked" | "quota_ok" | "quota_soft_warning" | "quota_usage" | "quota_remaining" | "soft_warning_title" | ... 23 more ... | "generating"'.
src/lib/__tests__/messages.test.ts(118,34): error TS2345: Argument of type '"quota"' is not assignable to parameter of type '"failed" | "completed" | "scheduled" | "schedule_night" | "quota_hard_blocked" | "quota_ok" | "quota_soft_warning" | "quota_usage" | "quota_remaining" | "soft_warning_title" | ... 23 more ... | "generating"'.
src/lib/aggregation-service.ts(82,18): error TS2353: Object literal may only specify known properties, and 'active' does not exist in type 'WorkspaceWhereInput'.
src/lib/aggregation-service.ts(179,51): error TS2339: Property 'metadata' does not exist on type '{ id: string; status: string; createdAt: Date; workspaceId: string | null; requestId: string | null; movementsCount: number; errorMessage: string | null; jobId: string | null; trackingId: string | null; ... 7 more ...; durationMs: number | null; }'.
src/lib/aggregation-service.ts(180,48): error TS2339: Property 'metadata' does not exist on type '{ id: string; status: string; createdAt: Date; workspaceId: string | null; requestId: string | null; movementsCount: number; errorMessage: string | null; jobId: string | null; trackingId: string | null; ... 7 more ...; durationMs: number | null; }'.
src/lib/aggregation-service.ts(333,11): error TS2322: Type 'string' is not assignable to type 'JuditAlertType | EnumJuditAlertTypeFilter<"JuditAlert"> | undefined'.
src/lib/aggregation-service.ts(343,13): error TS2322: Type 'string' is not assignable to type 'JuditAlertType'.
src/lib/aggregation-service.ts(346,13): error TS2322: Type 'Record<string, unknown> | undefined' is not assignable to type 'NullableJsonNullValueInput | InputJsonValue | undefined'.
  Type 'Record<string, unknown>' is not assignable to type 'NullableJsonNullValueInput | InputJsonValue | undefined'.
    Type 'Record<string, unknown>' is missing the following properties from type 'readonly (InputJsonValue | null)[]': length, concat, join, slice, and 26 more.
src/lib/ai-cache-manager.ts(312,11): error TS2322: Type 'unknown' is not assignable to type 'JsonNull | InputJsonValue'.
src/lib/ai-model-router.ts(1178,7): error TS2353: Object literal may only specify known properties, and 'analysis_phase' does not exist in type '{ model?: string | undefined; complexity_score?: number | undefined; tokens_saved?: number | undefined; workspaceId?: string | undefined; }'.
src/lib/ai-model-router.ts(1233,7): error TS2353: Object literal may only specify known properties, and 'analysis_phase' does not exist in type '{ model?: string | undefined; tokens_saved?: number | undefined; workspaceId?: string | undefined; }'.
src/lib/ai-model-router.ts(1333,9): error TS2698: Spread types may only be created from object types.
src/lib/alerts/ops-alerts.ts(140,14): error TS2365: Operator '>' cannot be applied to types '{}' and 'number'.
src/lib/alerts/ops-alerts.ts(140,30): error TS2362: The left-hand side of an arithmetic operation must be of type 'any', 'number', 'bigint' or an enum type.
src/lib/alerts/ops-alerts.ts(520,225): error TS2339: Property 'toUpperCase' does not exist on type '{}'.
src/lib/alerts/ops-alerts.ts(520,290): error TS2345: Argument of type 'unknown' is not assignable to parameter of type 'Record<string, number> | undefined'.
src/lib/alerts/ops-alerts.ts(529,201): error TS2339: Property 'toUpperCase' does not exist on type '{}'.
src/lib/alerts/ops-alerts.ts(532,136): error TS2339: Property 'toFixed' does not exist on type '{}'.
src/lib/alerts/ops-alerts.ts(532,200): error TS2339: Property 'toFixed' does not exist on type '{}'.
src/lib/alerts/ops-alerts.ts(532,231): error TS18046: 'context.metadata.currentDaily' is of type 'unknown'.
src/lib/alerts/ops-alerts.ts(532,264): error TS18046: 'context.metadata.dailyAverage' is of type 'unknown'.
src/lib/analysis-cache.ts(48,5): error TS2322: Type 'Redis | MockRedis' is not assignable to type 'Redis'.
  Type 'MockRedis' is missing the following properties from type 'Redis': options, status, stream, isCluster, and 356 more.
src/lib/auth-helper.ts(70,44): error TS2698: Spread types may only be created from object types.
src/lib/auth.ts(75,13): error TS2353: Object literal may only specify known properties, and 'type' does not exist in type '(Without<WorkspaceCreateInput, WorkspaceUncheckedCreateInput> & WorkspaceUncheckedCreateInput) | (Without<...> & WorkspaceCreateInput)'.
src/lib/auth.ts(87,13): error TS2353: Object literal may only specify known properties, and 'members' does not exist in type 'WorkspaceInclude<DefaultArgs>'.
src/lib/auth.ts(98,9): error TS2322: Type '({ workspaces: ({ workspace: { id: string; status: Status; name: string; slug: string; description: string | null; logoUrl: string | null; plan: Plan; settings: JsonValue; createdAt: Date; updatedAt: Date; }; } & { ...; })[]; } & { ...; }) | null' is not assignable to type '{ workspaces: ({ workspace: { id: string; status: Status; name: string; slug: string; description: string | null; logoUrl: string | null; plan: Plan; settings: JsonValue; createdAt: Date; updatedAt: Date; }; } & { ...; })[]; } & { ...; }'.
  Type 'null' is not assignable to type '{ workspaces: ({ workspace: { id: string; status: Status; name: string; slug: string; description: string | null; logoUrl: string | null; plan: Plan; settings: JsonValue; createdAt: Date; updatedAt: Date; }; } & { ...; })[]; } & { ...; }'.
    Type 'null' is not assignable to type '{ workspaces: ({ workspace: { id: string; status: Status; name: string; slug: string; description: string | null; logoUrl: string | null; plan: Plan; settings: JsonValue; createdAt: Date; updatedAt: Date; }; } & { ...; })[]; }'.
src/lib/auth.ts(221,11): error TS2322: Type '({ token, user }: JWTCallback) => Promise<JWT>' is not assignable to type '(params: { token: JWT; user: User | AdapterUser; account: Account | null; profile?: Profile | undefined; trigger?: "update" | "signIn" | "signUp" | undefined; isNewUser?: boolean | undefined; session?: any; }) => Awaitable<...>'.
  Types of parameters '__0' and 'params' are incompatible.
    Type '{ token: JWT; user: User | AdapterUser; account: Account | null; profile?: Profile | undefined; trigger?: "update" | "signIn" | "signUp" | undefined; isNewUser?: boolean | undefined; session?: any; }' is not assignable to type 'JWTCallback'.
      Types of property 'user' are incompatible.
        Type 'User | AdapterUser' is not assignable to type '{ id?: string | undefined; email?: string | undefined; } | undefined'.
          Type 'User' is not assignable to type '{ id?: string | undefined; email?: string | undefined; }'.
            Types of property 'email' are incompatible.
              Type 'string | null | undefined' is not assignable to type 'string | undefined'.
                Type 'null' is not assignable to type 'string | undefined'.
src/lib/auth.ts(229,22): error TS2339: Property 'id' does not exist on type '{ name?: string | null | undefined; email?: string | null | undefined; image?: string | null | undefined; }'.
src/lib/bull-board-auth.ts(38,20): error TS2571: Object is of type 'unknown'.
src/lib/bull-board-auth.ts(39,25): error TS2571: Object is of type 'unknown'.
src/lib/bull-board-auth.ts(133,20): error TS2571: Object is of type 'unknown'.
src/lib/bull-board-auth.ts(134,25): error TS2571: Object is of type 'unknown'.
src/lib/bull-board.ts(21,15): error TS2310: Type 'Request' recursively references itself as a base type.
src/lib/bull-board.ts(22,15): error TS2310: Type 'Response' recursively references itself as a base type.
src/lib/bull-board.ts(84,28): error TS2339: Property 'headers' does not exist on type 'Request'.
src/lib/bull-board.ts(95,54): error TS2345: Argument of type 'Request' is not assignable to parameter of type 'Request<ParamsDictionary, any, any, ParsedQs, Record<string, any>>'.
  Type 'Request' is missing the following properties from type 'Request<ParamsDictionary, any, any, ParsedQs, Record<string, any>>': get, header, accepts, acceptsCharsets, and 97 more.
src/lib/bull-board.ts(101,18): error TS2339: Property 'status' does not exist on type 'Response'.
src/lib/bull-board.ts(109,5): error TS2571: Object is of type 'unknown'.
src/lib/bull-board.ts(124,16): error TS2339: Property 'status' does not exist on type 'Response'.
src/lib/bull-board.ts(382,13): error TS2339: Property 'redis' does not exist on type 'typeof import("C:/Users/carlo/Documents/PROJETO JUSTOAI/NOVA FASE/justoai-v2/src/lib/redis")'.
src/lib/compression.ts(351,33): error TS2345: Argument of type 'string | File[]' is not assignable to parameter of type 'string'.
  Type 'File[]' is not assignable to type 'string'.
src/lib/compression.ts(354,48): error TS2345: Argument of type 'string | File[]' is not assignable to parameter of type 'string'.
  Type 'File[]' is not assignable to type 'string'.
src/lib/compression.ts(358,20): error TS2339: Property 'compressedPath' does not exist on type 'File | { [fieldname: string]: File[]; }'.
  Property 'compressedPath' does not exist on type 'File'.
src/lib/compression.ts(359,20): error TS2339: Property 'originalSize' does not exist on type 'File | { [fieldname: string]: File[]; }'.
  Property 'originalSize' does not exist on type 'File'.
src/lib/compression.ts(360,20): error TS2339: Property 'compressedSize' does not exist on type 'File | { [fieldname: string]: File[]; }'.
  Property 'compressedSize' does not exist on type 'File'.
src/lib/compression.ts(361,20): error TS2339: Property 'compressionRatio' does not exist on type 'File | { [fieldname: string]: File[]; }'.
  Property 'compressionRatio' does not exist on type 'File'.
src/lib/credit-system.ts(131,9): error TS2322: Type 'unknown' is not assignable to type '{ id: string; createdAt: Date; updatedAt: Date; workspaceId: string; reportCreditsBalance: Decimal; fullCreditsBalance: Decimal; reportCreditsRolloverCap: Decimal; fullCreditsRolloverCap: Decimal; } | null'.
src/lib/credit-system.ts(296,11): error TS2322: Type 'CreditTransactionMetadata | undefined' is not assignable to type 'JsonNull | InputJsonValue | undefined'.
  Type 'CreditTransactionMetadata' is not assignable to type 'JsonNull | InputJsonValue | undefined'.
    Type 'CreditTransactionMetadata' is missing the following properties from type 'readonly (InputJsonValue | null)[]': length, concat, join, slice, and 26 more.
src/lib/deep-analysis-service.ts(20,3): error TS2305: Module '"./types/json-fields"' has no exported member 'ProcessDocument'.
src/lib/deep-analysis-service.ts(97,7): error TS2322: Type 'Redis | MockRedis' is not assignable to type 'Redis | null'.
  Type 'MockRedis' is missing the following properties from type 'Redis': options, status, stream, isCluster, and 356 more.
src/lib/deep-analysis-service.ts(476,28): error TS18047: 'redis' is possibly 'null'.
src/lib/deep-analysis-service.ts(483,27): error TS18047: 'redis' is possibly 'null'.
src/lib/deep-analysis-service.ts(508,13): error TS18047: 'redis' is possibly 'null'.
src/lib/deep-analysis-service.ts(598,11): error TS2322: Type 'AnalysisMetadata' is not assignable to type 'JsonNull | InputJsonValue | undefined'.
  Type 'AnalysisMetadata' is missing the following properties from type 'readonly (InputJsonValue | null)[]': length, concat, join, slice, and 26 more.
src/lib/deep-analysis-service.ts(725,11): error TS2322: Type 'AIAnalysisData' is not assignable to type 'NullableJsonNullValueInput | InputJsonValue | undefined'.
  Type 'AIAnalysisData' is missing the following properties from type 'readonly (InputJsonValue | null)[]': length, concat, join, slice, and 26 more.
src/lib/document-hash.ts(61,38): error TS18046: 'prisma' is of type 'unknown'.
src/lib/email-service.ts(244,45): error TS2345: Argument of type 'unknown' is not assignable to parameter of type 'ProcessAlertData'.
src/lib/email-service.ts(246,44): error TS2345: Argument of type 'unknown' is not assignable to parameter of type 'ReportReadyData'.
src/lib/email-service.ts(248,47): error TS2345: Argument of type 'unknown' is not assignable to parameter of type 'PaymentSuccessData'.
src/lib/email-service.ts(250,51): error TS2345: Argument of type 'unknown' is not assignable to parameter of type 'SystemNotificationData'.
src/lib/email-service.ts(253,20): error TS18046: 'data' is of type 'unknown'.
src/lib/email-service.ts(254,17): error TS18046: 'data' is of type 'unknown'.
src/lib/email-service.ts(255,17): error TS18046: 'data' is of type 'unknown'.
src/lib/excel-parser.ts(431,59): error TS2345: Argument of type 'unknown' is not assignable to parameter of type 'string'.
src/lib/excel-parser.ts(441,7): error TS2322: Type 'unknown' is not assignable to type '"HOURLY" | "DAILY" | "WEEKLY" | "MANUAL" | undefined'.
src/lib/excel-parser.ts(447,7): error TS2571: Object is of type 'unknown'.
src/lib/excel-parser.ts(455,7): error TS2571: Object is of type 'unknown'.
src/lib/excel-parser.ts(457,7): error TS2571: Object is of type 'unknown'.
src/lib/excel-parser.ts(466,7): error TS2571: Object is of type 'unknown'.
src/lib/excel-parser.ts(509,12): error TS2571: Object is of type 'unknown'.
src/lib/excel-upload-service.ts(393,11): error TS2353: Object literal may only specify known properties, and 'number' does not exist in type 'MonitoredProcessWhereInput'.
src/lib/excel-upload-service.ts(521,9): error TS2322: Type '{ numero_processo: string; tribunal: string; partes: { nome: string; tipo: string; }[]; movimentacoes: { data: string; tipo: string; descricao: string; }[]; situacao: string; classe: string; assunto: string; valor_causa: number; data_distribuicao: string; } | undefined' is not assignable to type 'JuditApiResponseData | undefined'.
  Type '{ numero_processo: string; tribunal: string; partes: { nome: string; tipo: string; }[]; movimentacoes: { data: string; tipo: string; descricao: string; }[]; situacao: string; classe: string; assunto: string; valor_causa: number; data_distribuicao: string; }' is not assignable to type 'JuditApiResponseData'.
    Types of property 'partes' are incompatible.
      Type '{ nome: string; tipo: string; }[]' is not assignable to type 'JuditParty[]'.
        Type '{ nome: string; tipo: string; }' is not assignable to type 'JuditParty'.
          Types of property 'tipo' are incompatible.
            Type 'string' is not assignable to type '"AUTOR" | "REU" | "TERCEIRO"'.
src/lib/excel-upload-service.ts(582,7): error TS2322: Type '{ workspaceId: string; number: string; court: string; clientName: string; notes: string | undefined; syncFrequency: "HOURLY" | "DAILY" | "WEEKLY" | "MANUAL"; alertsEnabled: boolean; alertEmails: string[]; enriched: boolean; status: string; }' is not assignable to type '(Without<MonitoredProcessCreateInput, MonitoredProcessUncheckedCreateInput> & MonitoredProcessUncheckedCreateInput) | (Without<...> & MonitoredProcessCreateInput)'.
  Type '{ workspaceId: string; number: string; court: string; clientName: string; notes: string | undefined; syncFrequency: "HOURLY" | "DAILY" | "WEEKLY" | "MANUAL"; alertsEnabled: boolean; alertEmails: string[]; enriched: boolean; status: string; }' is not assignable to type 'Without<MonitoredProcessCreateInput, MonitoredProcessUncheckedCreateInput> & MonitoredProcessUncheckedCreateInput'.
    Property 'processNumber' is missing in type '{ workspaceId: string; number: string; court: string; clientName: string; notes: string | undefined; syncFrequency: "HOURLY" | "DAILY" | "WEEKLY" | "MANUAL"; alertsEnabled: boolean; alertEmails: string[]; enriched: boolean; status: string; }' but required in type 'MonitoredProcessUncheckedCreateInput'.
src/lib/excel-upload-service.ts(586,9): error TS18048: 'juditData.movimentacoes.length' is possibly 'undefined'.
src/lib/excel-upload-service.ts(587,25): error TS18047: 'juditData' is possibly 'null'.
src/lib/excel-upload-service.ts(596,9): error TS2322: Type '{ processId: string; date: Date; type: string; description: string; source: string; }[]' is not assignable to type 'ProcessMovementCreateManyInput | ProcessMovementCreateManyInput[]'.
  Type '{ processId: string; date: Date; type: string; description: string; source: string; }[]' is not assignable to type 'ProcessMovementCreateManyInput[]'.
    Property 'monitoredProcessId' is missing in type '{ processId: string; date: Date; type: string; description: string; source: string; }' but required in type 'ProcessMovementCreateManyInput'.
src/lib/excel-upload-service.ts(721,11): error TS2322: Type 'boolean | undefined' is not assignable to type 'boolean'.
  Type 'undefined' is not assignable to type 'boolean'.
src/lib/excel-upload-service.ts(846,11): error TS2353: Object literal may only specify known properties, and 'status' does not exist in type 'JuditApiResponseData'.
src/lib/excel-validation.ts(30,6): error TS2769: No overload matches this call.
  Overload 1 of 2, '(values: readonly ["ATIVO", "ENCERRADO", "SUSPENSO", "PARADO"], params?: string | { error?: string | $ZodErrorMap<$ZodIssueInvalidValue<unknown>> | undefined; message?: string | undefined; } | undefined): ZodEnum<...>', gave the following error.
    Object literal may only specify known properties, and 'errorMap' does not exist in type '{ error?: string | $ZodErrorMap<$ZodIssueInvalidValue<unknown>> | undefined; message?: string | undefined; }'.
  Overload 2 of 2, '(entries: Readonly<Record<string, EnumValue>>, params?: string | { error?: string | $ZodErrorMap<$ZodIssueInvalidValue<unknown>> | undefined; message?: string | undefined; } | undefined): ZodEnum<...>', gave the following error.
    Argument of type 'string[]' is not assignable to parameter of type 'Readonly<Record<string, EnumValue>>'.
      Index signature for type 'string' is missing in type 'string[]'.
src/lib/excel-validation.ts(100,32): error TS2339: Property 'errors' does not exist on type 'ZodError<unknown>'.
src/lib/gemini-client.ts(244,14): error TS18046: 'errorData' is of type 'unknown'.
src/lib/gemini-client.ts(244,42): error TS18046: 'errorData' is of type 'unknown'.
src/lib/gemini-client.ts(246,16): error TS18046: 'errorData' is of type 'unknown'.
src/lib/gemini-client.ts(246,44): error TS18046: 'errorData' is of type 'unknown'.
src/lib/gemini-client.ts(340,7): error TS18046: 'error' is of type 'unknown'.
src/lib/gemini-client.ts(340,21): error TS18046: 'error' is of type 'unknown'.
src/lib/gemini-client.ts(342,16): error TS18046: 'error' is of type 'unknown'.
src/lib/gemini-client.ts(343,13): error TS18046: 'error' is of type 'unknown'.
src/lib/gemini-client.ts(344,18): error TS18046: 'error' is of type 'unknown'.
src/lib/gemini-client.ts(349,14): error TS18046: 'error' is of type 'unknown'.
src/lib/intelligent-parser.ts(397,11): error TS2571: Object is of type 'unknown'.
src/lib/judit-api-client.ts(735,57): error TS2345: Argument of type 'number' is not assignable to parameter of type '500 | 429 | 502 | 503 | 504'.
src/lib/judit-api-client.ts(741,57): error TS2345: Argument of type 'number' is not assignable to parameter of type '400 | 401 | 403 | 404'.
src/lib/judit-api-wrapper.ts(85,11): error TS2322: Type 'import("C:/Users/carlo/Documents/PROJETO JUSTOAI/NOVA FASE/justoai-v2/src/lib/judit-api-wrapper").JuditOperationType' is not assignable to type 'import("C:/Users/carlo/Documents/PROJETO JUSTOAI/NOVA FASE/justoai-v2/node_modules/.prisma/client/index").$Enums.JuditOperationType'.
src/lib/judit-api-wrapper.ts(147,13): error TS2322: Type 'string' is not assignable to type 'JuditAlertType'.
src/lib/judit-api-wrapper.ts(148,13): error TS2322: Type 'unknown' is not assignable to type 'AlertSeverity | undefined'.
src/lib/judit-api-wrapper.ts(154,13): error TS2322: Type 'Record<string, unknown> | undefined' is not assignable to type 'NullableJsonNullValueInput | InputJsonValue | undefined'.
  Type 'Record<string, unknown>' is not assignable to type 'NullableJsonNullValueInput | InputJsonValue | undefined'.
    Type 'Record<string, unknown>' is missing the following properties from type 'readonly (InputJsonValue | null)[]': length, concat, join, slice, and 26 more.
src/lib/logger.ts(15,15): error TS2310: Type 'Request' recursively references itself as a base type.
src/lib/logger.ts(16,15): error TS2310: Type 'Response' recursively references itself as a base type.
src/lib/logger.ts(406,29): error TS2339: Property 'end' does not exist on type 'Response'.
src/lib/logger.ts(407,9): error TS2339: Property 'end' does not exist on type 'Response'.
src/lib/logger.ts(407,85): error TS2339: Property 'end' does not exist on type 'Response'.
src/lib/logger.ts(411,13): error TS2339: Property 'method' does not exist on type 'Request'.
src/lib/logger.ts(412,13): error TS2339: Property 'originalUrl' does not exist on type 'Request'.
src/lib/logger.ts(412,32): error TS2339: Property 'url' does not exist on type 'Request'.
src/lib/logger.ts(413,13): error TS2339: Property 'statusCode' does not exist on type 'Response'.
src/lib/logger.ts(419,26): error TS2339: Property 'get' does not exist on type 'Request'.
src/lib/logger.ts(420,19): error TS2339: Property 'ip' does not exist on type 'Request'.
src/lib/logger.ts(420,29): error TS2339: Property 'socket' does not exist on type 'Request'.
src/lib/logger.ts(443,33): error TS2339: Property 'method' does not exist on type 'Request'.
src/lib/logger.ts(443,47): error TS2339: Property 'originalUrl' does not exist on type 'Request'.
src/lib/logger.ts(443,66): error TS2339: Property 'url' does not exist on type 'Request'.
src/lib/logger.ts(449,21): error TS2339: Property 'method' does not exist on type 'Request'.
src/lib/logger.ts(450,18): error TS2339: Property 'originalUrl' does not exist on type 'Request'.
src/lib/logger.ts(450,37): error TS2339: Property 'url' does not exist on type 'Request'.
src/lib/logger.ts(451,24): error TS2339: Property 'get' does not exist on type 'Request'.
src/lib/logger.ts(452,17): error TS2339: Property 'ip' does not exist on type 'Request'.
src/lib/logger.ts(452,27): error TS2339: Property 'socket' does not exist on type 'Request'.
src/lib/middleware/quota-enforcement.ts(287,9): error TS18046: 'options' is of type 'unknown'.
src/lib/middleware/quota-enforcement.ts(296,58): error TS18046: 'options' is of type 'unknown'.
src/lib/middleware/quota-enforcement.ts(423,9): error TS2322: Type 'Record<string, unknown>' is not assignable to type 'JsonNull | InputJsonValue | undefined'.
  Type 'Record<string, unknown>' is missing the following properties from type 'readonly (InputJsonValue | null)[]': length, concat, join, slice, and 26 more.
src/lib/middleware/quota-enforcement.ts(515,9): error TS2322: Type 'unknown' is not assignable to type 'EnumPlanFieldUpdateOperationsInput | Plan | undefined'.
src/lib/observability/alerting.ts(95,5): error TS2322: Type 'JuditAlertType' is not assignable to type 'AlertType'.
  Type '"TIMEOUT"' is not assignable to type 'AlertType'.
src/lib/observability/alerting.ts(486,15): error TS2484: Export declaration conflicts with exported declaration of 'AlertOptions'.
src/lib/observability/alerting.ts(486,29): error TS2484: Export declaration conflicts with exported declaration of 'NotificationChannel'.
src/lib/observability/costTracking.ts(320,9): error TS2322: Type 'AlertType' is not assignable to type 'JuditAlertType'.
  Type '"SYNC_FAILED"' is not assignable to type 'JuditAlertType'.
src/lib/observability/costTracking.ts(329,9): error TS2322: Type 'Record<string, unknown> | undefined' is not assignable to type 'NullableJsonNullValueInput | InputJsonValue | undefined'.
  Type 'Record<string, unknown>' is not assignable to type 'NullableJsonNullValueInput | InputJsonValue | undefined'.
    Type 'Record<string, unknown>' is missing the following properties from type 'readonly (InputJsonValue | null)[]': length, concat, join, slice, and 26 more.
src/lib/observability/costTracking.ts(389,15): error TS2484: Export declaration conflicts with exported declaration of 'CostTrackingInput'.
src/lib/observability/costTracking.ts(389,34): error TS2484: Export declaration conflicts with exported declaration of 'CostSummary'.
src/lib/observability/costTracking.ts(389,47): error TS2484: Export declaration conflicts with exported declaration of 'CostBreakdown'.
src/lib/payment-webhook-handler.ts(325,33): error TS18047: 'originalTransaction' is possibly 'null'.
src/lib/payment-webhook-handler.ts(328,42): error TS18047: 'originalTransaction' is possibly 'null'.
src/lib/payment-webhook-handler.ts(337,26): error TS18047: 'originalTransaction' is possibly 'null'.
src/lib/payment-webhook-handler.ts(340,37): error TS18047: 'originalTransaction' is possibly 'null'.
src/lib/payment-webhook-handler.ts(343,38): error TS18047: 'originalTransaction' is possibly 'null'.
src/lib/pdf-generator.ts(117,45): error TS2345: Argument of type 'unknown' is not assignable to parameter of type 'LaunchOptions | undefined'.
src/lib/pdf-processor.ts(67,28): error TS2322: Type 'Buffer<ArrayBufferLike>' is not assignable to type 'BlobPart'.
  Type 'Buffer<ArrayBufferLike>' is not assignable to type 'ArrayBufferView<ArrayBuffer>'.
    Types of property 'buffer' are incompatible.
      Type 'ArrayBufferLike' is not assignable to type 'ArrayBuffer'.
        Type 'SharedArrayBuffer' is missing the following properties from type 'ArrayBuffer': resizable, resize, detached, transfer, transferToFixedLength
src/lib/pdf-processor.ts(317,30): error TS2322: Type 'Buffer<ArrayBufferLike>' is not assignable to type 'BlobPart'.
  Type 'Buffer<ArrayBufferLike>' is not assignable to type 'ArrayBufferView<ArrayBuffer>'.
    Types of property 'buffer' are incompatible.
      Type 'ArrayBufferLike' is not assignable to type 'ArrayBuffer'.
        Type 'SharedArrayBuffer' is missing the following properties from type 'ArrayBuffer': resizable, resize, detached, transfer, transferToFixedLength
src/lib/pdf-processor.ts(390,66): error TS2552: Cannot find name 'userPlan'. Did you mean '_userPlan'?
src/lib/pdf-processor.ts(392,13): error TS2552: Cannot find name 'userPlan'. Did you mean '_userPlan'?
src/lib/pdf-processor.ts(579,25): error TS18048: 'info_basica' is possibly 'undefined'.
src/lib/pdf-processor.ts(580,22): error TS18048: 'info_basica' is possibly 'undefined'.
src/lib/pdf-processor.ts(581,23): error TS18048: 'info_basica' is possibly 'undefined'.
src/lib/pdf-processor.ts(582,24): error TS18048: 'info_basica' is possibly 'undefined'.
src/lib/pdf-processor.ts(583,23): error TS18048: 'info_basica' is possibly 'undefined'.
src/lib/pdf-processor.ts(692,30): error TS18046: 'pdfData.text' is of type 'unknown'.
src/lib/pdf-processor.ts(692,52): error TS18046: 'pdfData.numpages' is of type 'unknown'.
src/lib/pdf-processor.ts(703,27): error TS18046: 'pdfData.text' is of type 'unknown'.
src/lib/pdf-processor.ts(760,11): error TS2322: Type 'Record<string, unknown>' is not assignable to type 'NullableJsonNullValueInput | InputJsonValue | undefined'.
  Type 'Record<string, unknown>' is missing the following properties from type 'readonly (InputJsonValue | null)[]': length, concat, join, slice, and 26 more.
src/lib/pdf-processor.ts(760,26): error TS2352: Conversion of type 'PDFAnalysisResult' to type 'Record<string, unknown>' may be a mistake because neither type sufficiently overlaps with the other. If this was intentional, convert the expression to 'unknown' first.
  Index signature for type 'string' is missing in type 'PDFAnalysisResult'.
src/lib/pdf-processor.ts(761,11): error TS2322: Type 'Record<string, unknown>' is not assignable to type 'NullableJsonNullValueInput | InputJsonValue | undefined'.
  Type 'Record<string, unknown>' is missing the following properties from type 'readonly (InputJsonValue | null)[]': length, concat, join, slice, and 26 more.
src/lib/performance-optimizer.ts(203,9): error TS18046: 'page' is of type 'unknown'.
src/lib/performance-optimizer.ts(205,9): error TS18046: 'page' is of type 'unknown'.
src/lib/performance-optimizer.ts(206,32): error TS18046: 'request' is of type 'unknown'.
src/lib/performance-optimizer.ts(207,23): error TS18046: 'request' is of type 'unknown'.
src/lib/performance-optimizer.ts(214,17): error TS18046: 'request' is of type 'unknown'.
src/lib/performance-optimizer.ts(216,17): error TS18046: 'request' is of type 'unknown'.
src/lib/performance-optimizer.ts(220,15): error TS18046: 'request' is of type 'unknown'.
src/lib/performance-optimizer.ts(223,15): error TS18046: 'request' is of type 'unknown'.
src/lib/performance-optimizer.ts(226,13): error TS18046: 'request' is of type 'unknown'.
src/lib/performance-optimizer.ts(234,15): error TS18046: 'page.setJavaScriptEnabled' is of type 'unknown'.
src/lib/performance-optimizer.ts(237,15): error TS18046: 'page.setViewport' is of type 'unknown'.
src/lib/performance-optimizer.ts(240,15): error TS18046: 'page.setDefaultTimeout' is of type 'unknown'.
src/lib/performance-optimizer.ts(241,15): error TS18046: 'page.setDefaultNavigationTimeout' is of type 'unknown'.
src/lib/performance-optimizer.ts(245,17): error TS18046: 'page.addStyleTag' is of type 'unknown'.
src/lib/permission-validator.ts(71,12): error TS2571: Object is of type 'unknown'.
src/lib/permission-validator.ts(106,22): error TS2571: Object is of type 'unknown'.
src/lib/process-alerts.ts(143,26): error TS18046: 'movement.type' is of type 'unknown'.
src/lib/process-alerts.ts(144,25): error TS18046: 'movement.description' is of type 'unknown'.
src/lib/process-alerts.ts(199,160): error TS2769: No overload matches this call.
  Overload 1 of 4, '(value: string | number | Date): Date', gave the following error.
    Argument of type '{}' is not assignable to parameter of type 'string | number | Date'.
  Overload 2 of 4, '(value: string | number): Date', gave the following error.
    Argument of type '{}' is not assignable to parameter of type 'string | number'.
src/lib/process-apis.ts(250,7): error TS2322: Type '{ date: Date; type: {}; description: {}; category: MovementCategory; importance: "LOW" | "MEDIUM" | "HIGH" | "URGENT"; requiresAction: boolean; deadline: Date | undefined; }[]' is not assignable to type 'ProcessMovement[]'.
  Type '{ date: Date; type: {}; description: {}; category: MovementCategory; importance: "LOW" | "MEDIUM" | "HIGH" | "URGENT"; requiresAction: boolean; deadline: Date | undefined; }' is not assignable to type 'ProcessMovement'.
    Types of property 'type' are incompatible.
      Type '{}' is not assignable to type 'string'.
src/lib/process-apis.ts(251,24): error TS2769: No overload matches this call.
  Overload 1 of 4, '(value: string | number | Date): Date', gave the following error.
    Argument of type 'unknown' is not assignable to parameter of type 'string | number | Date'.
  Overload 2 of 4, '(value: string | number): Date', gave the following error.
    Argument of type 'unknown' is not assignable to parameter of type 'string | number'.
src/lib/process-apis.ts(254,43): error TS2345: Argument of type 'unknown' is not assignable to parameter of type 'string'.
src/lib/process-apis.ts(255,51): error TS2345: Argument of type 'unknown' is not assignable to parameter of type 'string'.
src/lib/process-apis.ts(256,45): error TS2345: Argument of type 'unknown' is not assignable to parameter of type 'string'.
src/lib/process-apis.ts(257,38): error TS2769: No overload matches this call.
  Overload 1 of 4, '(value: string | number | Date): Date', gave the following error.
    Argument of type '{}' is not assignable to parameter of type 'string | number | Date'.
  Overload 2 of 4, '(value: string | number): Date', gave the following error.
    Argument of type '{}' is not assignable to parameter of type 'string | number'.
src/lib/process-apis.ts(262,7): error TS2322: Type '{}' is not assignable to type 'string'.
src/lib/process-monitor.ts(218,9): error TS2322: Type 'unknown' is not assignable to type 'string | undefined'.
src/lib/process-monitor.ts(229,9): error TS2345: Argument of type 'unknown' is not assignable to parameter of type 'string'.
src/lib/process-monitor.ts(240,13): error TS2322: Type 'unknown' is not assignable to type 'string | StringFilter<"ProcessMovement"> | undefined'.
src/lib/process-monitor.ts(260,13): error TS2322: Type '{ monitoredProcessId: unknown; date: Date; type: string; description: string; category: MovementCategory; importance: "LOW" | "MEDIUM" | "HIGH" | "URGENT"; requiresAction: boolean; deadline: Date | null; rawData: any; }[]' is not assignable to type 'ProcessMovementCreateManyInput | ProcessMovementCreateManyInput[]'.
  Type '{ monitoredProcessId: unknown; date: Date; type: string; description: string; category: MovementCategory; importance: "LOW" | "MEDIUM" | "HIGH" | "URGENT"; requiresAction: boolean; deadline: Date | null; rawData: any; }[]' is not assignable to type 'ProcessMovementCreateManyInput[]'.
    Type '{ monitoredProcessId: unknown; date: Date; type: string; description: string; category: MovementCategory; importance: "LOW" | "MEDIUM" | "HIGH" | "URGENT"; requiresAction: boolean; deadline: Date | null; rawData: any; }' is not assignable to type 'ProcessMovementCreateManyInput'.
      Types of property 'monitoredProcessId' are incompatible.
        Type 'unknown' is not assignable to type 'string'.
src/lib/process-monitor.ts(286,23): error TS2322: Type 'unknown' is not assignable to type 'string | undefined'.
src/lib/process-monitor.ts(291,23): error TS2322: Type '{}' is not assignable to type 'string[] | ProcessAlertCreaterecipientsInput | undefined'.
src/lib/process-monitor.ts(306,20): error TS2322: Type 'unknown' is not assignable to type 'string | undefined'.
src/lib/queue/juditQueue.ts(17,11): error TS2322: Type 'CircuitBreakerService' is not assignable to type 'Record<string, unknown>'.
  Index signature for type 'string' is missing in type 'CircuitBreakerService'.
src/lib/queue/juditQueue.ts(152,15): error TS2352: Conversion of type 'MockQueue | Queue<JuditOnboardingJobData, JuditOnboardingJobResult, string, JuditOnboardingJobData, JuditOnboardingJobResult, string>' to type 'Record<string, unknown>' may be a mistake because neither type sufficiently overlaps with the other. If this was intentional, convert the expression to 'unknown' first.
  Type 'Queue<JuditOnboardingJobData, JuditOnboardingJobResult, string, JuditOnboardingJobData, JuditOnboardingJobResult, string>' is not comparable to type 'Record<string, unknown>'.
    Index signature for type 'string' is missing in type 'Queue<JuditOnboardingJobData, JuditOnboardingJobResult, string, JuditOnboardingJobData, JuditOnboardingJobResult, string>'.
src/lib/queue/juditQueue.ts(177,36): error TS2349: This expression is not callable.
  Type '{}' has no call signatures.
src/lib/queue/juditQueue.ts(178,20): error TS18046: 'cb.getStatus' is of type 'unknown'.
src/lib/queue/juditQueue.ts(233,5): error TS2322: Type '"unknown" | JobState' is not assignable to type '"failed" | "completed" | "waiting" | "active" | "delayed" | "unknown"'.
  Type '"prioritized"' is not assignable to type '"failed" | "completed" | "waiting" | "active" | "delayed" | "unknown"'.
src/lib/queue/juditQueue.ts(325,12): error TS2345: Argument of type '"active"' is not assignable to parameter of type 'keyof QueueListener<JobBase<DataType, ResultType, NameType>>'.
src/lib/queue/juditQueue.ts(325,23): error TS7006: Parameter 'job' implicitly has an 'any' type.
src/lib/queue/juditQueue.ts(334,12): error TS2345: Argument of type '"completed"' is not assignable to parameter of type 'keyof QueueListener<JobBase<DataType, ResultType, NameType>>'.
src/lib/queue/juditQueue.ts(334,26): error TS7006: Parameter 'job' implicitly has an 'any' type.
src/lib/queue/juditQueue.ts(334,31): error TS7006: Parameter 'result' implicitly has an 'any' type.
src/lib/queue/juditQueue.ts(347,12): error TS2345: Argument of type '"failed"' is not assignable to parameter of type 'keyof QueueListener<JobBase<DataType, ResultType, NameType>>'.
src/lib/queue/juditQueue.ts(347,23): error TS7006: Parameter 'job' implicitly has an 'any' type.
src/lib/queue/juditQueue.ts(347,28): error TS7006: Parameter 'error' implicitly has an 'any' type.
src/lib/queues.ts(49,53): error TS2769: No overload matches this call.
  Overload 1 of 2, '(queueName: string, opts?: QueueOptions | undefined): Queue<any>', gave the following error.
    Argument of type '{ defaultJobOptions: { priority: number; attempts: number; removeOnComplete: number; removeOnFail: number; backoff: { type: string; delay: number; }; }; redis: Redis | null; }' is not assignable to parameter of type 'QueueOptions'.
      Types of property 'redis' are incompatible.
        Type 'Redis | null' is not assignable to type 'string | RedisOptions | undefined'.
          Type 'null' is not assignable to type 'string | RedisOptions | undefined'.
  Overload 2 of 2, '(queueName: string, url: string, opts?: QueueOptions | undefined): Queue<any>', gave the following error.
    Argument of type '{ defaultJobOptions: { priority: number; attempts: number; removeOnComplete: number; removeOnFail: number; backoff: { type: string; delay: number; }; }; redis: Redis | null; }' is not assignable to parameter of type 'string'.
src/lib/quota-system.ts(93,5): error TS2322: Type '{ id: string; plan: Plan; createdAt: Date; updatedAt: Date; workspaceId: string; reportsMonthlyLimit: number; reportProcessesLimit: number; reportsUsedThisMonth: number; quotaResetDate: Date; overrideLimits: JsonValue; }' is not assignable to type '{ id: string; workspaceId: string; plan: Plan; reportsMonthlyLimit: number; reportProcessesLimit: number; reportsUsedThisMonth: number; quotaResetDate: Date; overrideLimits?: Record<...> | undefined; }'.
  Types of property 'overrideLimits' are incompatible.
    Type 'JsonValue' is not assignable to type 'Record<string, unknown> | undefined'.
      Type 'null' is not assignable to type 'Record<string, unknown> | undefined'.
src/lib/real-analysis-service.ts(181,63): error TS2345: Argument of type 'unknown' is not assignable to parameter of type 'Record<string, unknown>'.
src/lib/real-analysis-service.ts(262,7): error TS2740: Type '{}' is missing the following properties from type '{ numero_processo: string | null; tipo_processual: string | null; esfera: "Federal" | "Estadual" | "Municipal" | "Trabalhista" | null; orgao_instancia: string | null; comarca: string | null; vara: string | null; juiz_responsavel: string | null; }': numero_processo, tipo_processual, esfera, orgao_instancia, and 3 more.
src/lib/real-analysis-service.ts(263,7): error TS2739: Type '{}' is missing the following properties from type '{ parte_principal: { nome: string | null; cpf_cnpj: string | null; tipo: "FÃ­sica" | "JurÃ­dica" | null; qualificacao: string | null; }; parte_contraria: { nome: string | null; cpf_cnpj: string | null; tipo: "FÃ­sica" | ... 1 more ... | null; qualificacao: string | null; }; outras_partes: { ...; }[] | null; }': parte_principal, parte_contraria, outras_partes
src/lib/real-analysis-service.ts(264,7): error TS2740: Type '{}' is missing the following properties from type '{ valor_principal: number | null; multas: number | null; juros: number | null; encargos_legais: number | null; valor_total: number | null; valor_atualizado_em: string | null; observacoes_valores: string | null; }': valor_principal, multas, juros, encargos_legais, and 3 more.
src/lib/real-analysis-service.ts(266,7): error TS2739: Type '{}' is missing the following properties from type '{ situacao_atual: string | null; fase_processual: string | null; ultimo_andamento: { data: string | null; tipo: string | null; resumo: string | null; } | null; principais_andamentos: { ...; }[] | null; prazos_pendentes: { ...; }[] | null; }': situacao_atual, fase_processual, ultimo_andamento, principais_andamentos, prazos_pendentes
src/lib/real-analysis-service.ts(267,7): error TS2740: Type '{}' is missing the following properties from type '{ tese_juridica_central: string | null; risco_classificacao: "ProvÃ¡vel" | "PossÃ­vel" | "Remoto" | null; risco_justificativa: string | null; oportunidades_processuais: string[] | null; recomendacoes_estrategicas: string[] | null; pontos_atencao: string[] | null; precedentes_relevantes: string[] | null; }': tese_juridica_central, risco_classificacao, risco_justificativa, oportunidades_processuais, and 3 more.
src/lib/real-analysis-service.ts(268,7): error TS2739: Type '{}' is missing the following properties from type '{ documentos_anexos: { nome: string; tipo: string; data_juntada: string; }[] | null; certidoes_pendentes: string[] | null; documentos_solicitados: string[] | null; }': documentos_anexos, certidoes_pendentes, documentos_solicitados
src/lib/real-analysis-service.ts(273,59): error TS2339: Property 'observacoes_ia' does not exist on type '{}'.
src/lib/real-analysis-service.ts(275,9): error TS2698: Spread types may only be created from object types.
src/lib/real-analysis-service.ts(305,17): error TS2345: Argument of type 'unknown' is not assignable to parameter of type 'Record<string, unknown>'.
src/lib/real-analysis-service.ts(306,17): error TS2345: Argument of type 'unknown' is not assignable to parameter of type 'Record<string, unknown>'.
src/lib/real-analysis-service.ts(307,17): error TS2345: Argument of type 'unknown' is not assignable to parameter of type 'Record<string, unknown>'.
src/lib/real-analysis-service.ts(361,11): error TS2322: Type 'unknown' is not assignable to type 'UnifiedProcessSchema | null'.
src/lib/real-analysis-service.ts(363,11): error TS2322: Type 'unknown' is not assignable to type 'UnifiedProcessSchema | null'.
src/lib/real-analysis-service.ts(366,11): error TS2322: Type 'unknown' is not assignable to type 'UnifiedProcessSchema | null'.
src/lib/real-analysis-service.ts(418,20): error TS2339: Property '_routing_info' does not exist on type 'UnifiedProcessSchema'.
src/lib/real-analysis-service.ts(419,24): error TS2339: Property '_routing_info' does not exist on type 'UnifiedProcessSchema'.
src/lib/real-analysis-service.ts(431,28): error TS2339: Property '_routing_info' does not exist on type 'UnifiedProcessSchema'.
src/lib/redis.ts(168,9): error TS1117: An object literal cannot have multiple properties with the same name.
src/lib/redis.ts(394,9): error TS2322: Type 'unknown' is not assignable to type 'string | number | boolean | undefined'.
src/lib/redis.ts(419,30): error TS7006: Parameter 'timeToReconnect' implicitly has an 'any' type.
src/lib/report-cache-manager.ts(413,7): error TS2345: Argument of type 'unknown' is not assignable to parameter of type 'string'.
src/lib/report-cache-manager.ts(425,9): error TS2322: Type 'string' is not assignable to type 'ReportType'.
src/lib/report-cache-manager.ts(427,9): error TS2322: Type 'string' is not assignable to type 'AudienceType'.
src/lib/report-customization.ts(491,47): error TS2345: Argument of type 'Record<string, unknown>' is not assignable to parameter of type 'ReportData'.
  Type 'Record<string, unknown>' is missing the following properties from type 'ReportData': title, generated_at, generated_by, workspace_name, and 2 more.
src/lib/report-data-collector.ts(315,49): error TS2345: Argument of type 'JsonValue' is not assignable to parameter of type 'Record<string, unknown>'.
  Type 'null' is not assignable to type 'Record<string, unknown>'.
src/lib/report-data-collector.ts(410,27): error TS2365: Operator '+' cannot be applied to types '{}' and '{}'.
src/lib/report-data-collector.ts(418,62): error TS2322: Type 'undefined' is not assignable to type 'Record<string, unknown>'.
src/lib/report-data-collector.ts(421,7): error TS2322: Type 'undefined' is not assignable to type 'Record<string, unknown>'.
src/lib/report-data-collector.ts(448,37): error TS2339: Property 'match' does not exist on type '{}'.
src/lib/report-data-collector.ts(458,39): error TS2769: No overload matches this call.
  Overload 1 of 4, '(value: string | number | Date): Date', gave the following error.
    Argument of type 'unknown' is not assignable to parameter of type 'string | number | Date'.
  Overload 2 of 4, '(value: string | number): Date', gave the following error.
    Argument of type 'unknown' is not assignable to parameter of type 'string | number'.
src/lib/report-data-collector.ts(466,56): error TS2339: Property 'substring' does not exist on type '{}'.
src/lib/report-data-collector.ts(506,9): error TS2345: Argument of type 'unknown' is not assignable to parameter of type 'string | undefined'.
src/lib/report-data-collector.ts(510,45): error TS18046: 'result' is of type 'unknown'.
src/lib/report-data-collector.ts(510,64): error TS18046: 'result' is of type 'unknown'.
src/lib/report-data-collector.ts(577,7): error TS2322: Type 'number[]' is not assignable to type 'Record<string, unknown>[]'.
  Type 'number' is not assignable to type 'Record<string, unknown>'.
src/lib/report-data-collector.ts(590,7): error TS2322: Type 'number[]' is not assignable to type 'Record<string, unknown>[]'.
  Type 'number' is not assignable to type 'Record<string, unknown>'.
src/lib/report-data-collector.ts(603,7): error TS2322: Type 'number[]' is not assignable to type 'Record<string, unknown>[]'.
  Type 'number' is not assignable to type 'Record<string, unknown>'.
src/lib/report-data-collector.ts(630,9): error TS2322: Type 'number[]' is not assignable to type 'Record<string, unknown>[]'.
  Type 'number' is not assignable to type 'Record<string, unknown>'.
src/lib/report-generator.ts(110,11): error TS2741: Property 'totalProcesses' is missing in type '{}' but required in type 'ReportSummary'.
src/lib/report-generator.ts(176,9): error TS2741: Property 'totalProcesses' is missing in type '{}' but required in type 'ReportSummary'.
src/lib/report-generator.ts(433,25): error TS18046: 'result' is of type 'unknown'.
src/lib/report-generator.ts(440,18): error TS18046: 'result' is of type 'unknown'.
src/lib/report-generator.ts(442,21): error TS18046: 'result' is of type 'unknown'.
src/lib/report-generator.ts(442,64): error TS18046: 'result' is of type 'unknown'.
src/lib/report-generator.ts(487,3): error TS18046: 'payload.processes' is of type 'unknown'.
src/lib/report-generator.ts(488,30): error TS18046: 'process' is of type 'unknown'.
src/lib/report-generator.ts(489,16): error TS18046: 'process' is of type 'unknown'.
src/lib/report-generator.ts(489,39): error TS18046: 'process' is of type 'unknown'.
src/lib/report-generator.ts(490,15): error TS18046: 'process' is of type 'unknown'.
src/lib/report-generator.ts(492,3): error TS18046: 'process' is of type 'unknown'.
src/lib/report-generator.ts(493,21): error TS18046: 'process' is of type 'unknown'.
src/lib/report-generator.ts(494,25): error TS18046: 'process' is of type 'unknown'.
src/lib/report-generator.ts(760,11): error TS2322: Type 'ReportSummary' is not assignable to type 'JsonNull | InputJsonValue'.
  Type 'ReportSummary' is missing the following properties from type 'readonly (InputJsonValue | null)[]': length, concat, join, slice, and 26 more.
src/lib/report-scheduler.ts(65,11): error TS18046: 'schedule.processIds' is of type 'unknown'.
src/lib/report-scheduler.ts(66,11): error TS2554: Expected 2 arguments, but got 3.
src/lib/report-scheduler.ts(73,44): error TS2345: Argument of type 'unknown' is not assignable to parameter of type 'string'.
src/lib/report-scheduler.ts(79,65): error TS2345: Argument of type 'unknown' is not assignable to parameter of type 'string'.
src/lib/report-scheduler.ts(85,13): error TS2322: Type 'unknown' is not assignable to type 'string | undefined'.
src/lib/report-scheduler.ts(86,13): error TS2322: Type 'unknown' is not assignable to type 'string | null | undefined'.
src/lib/report-scheduler.ts(87,13): error TS2322: Type 'unknown' is not assignable to type 'ReportType | undefined'.
src/lib/report-scheduler.ts(89,13): error TS2322: Type 'unknown' is not assignable to type 'string[] | ReportExecutionCreaterecipientsInput | undefined'.
src/lib/report-scheduler.ts(91,13): error TS2322: Type 'unknown' is not assignable to type 'AudienceType | undefined'.
src/lib/report-scheduler.ts(92,13): error TS2322: Type 'unknown' is not assignable to type 'OutputFormat[] | ReportExecutionCreateoutputFormatsInput | undefined'.
src/lib/report-scheduler.ts(93,27): error TS18046: 'schedule.processIds' is of type 'unknown'.
src/lib/report-scheduler.ts(100,45): error TS2345: Argument of type 'unknown' is not assignable to parameter of type 'string'.
src/lib/report-scheduler.ts(105,20): error TS2322: Type 'unknown' is not assignable to type 'string | undefined'.
src/lib/report-scheduler.ts(114,11): error TS2322: Type 'unknown' is not assignable to type 'string'.
src/lib/report-scheduler.ts(115,11): error TS2322: Type 'unknown' is not assignable to type 'string'.
src/lib/report-scheduler.ts(245,11): error TS2322: Type 'ReportSummary' is not assignable to type 'NullableJsonNullValueInput | InputJsonValue | undefined'.
  Type 'ReportSummary' is missing the following properties from type 'readonly (InputJsonValue | null)[]': length, concat, join, slice, and 26 more.
src/lib/report-scheduler.ts(254,52): error TS2345: Argument of type 'ReportGenerationResult' is not assignable to parameter of type 'Record<string, unknown>'.
  Index signature for type 'string' is missing in type 'ReportGenerationResult'.
src/lib/report-scheduler.ts(434,9): error TS2353: Object literal may only specify known properties, and 'timestamp' does not exist in type 'Omit<WebSocketMessage, "timestamp">'.
src/lib/services/circuitBreakerService.ts(69,35): error TS2339: Property 'message' does not exist on type '{}'.
src/lib/services/circuitBreakerService.ts(87,39): error TS18046: 'error' is of type 'unknown'.
src/lib/services/juditAttachmentProcessor.ts(138,33): error TS2339: Property 'data' does not exist on type '{}'.
src/lib/services/juditAttachmentProcessor.ts(291,9): error TS2322: Type 'ExtractionResult' is not assignable to type 'string'.
src/lib/services/juditAttachmentProcessor.ts(313,9): error TS2322: Type 'unknown' is not assignable to type 'DocumentType | undefined'.
src/lib/services/juditMonitoringService.ts(226,57): error TS2322: Type 'unknown' is not assignable to type 'string | number | boolean | object | undefined'.
src/lib/services/juditMonitoringService.ts(280,58): error TS2322: Type 'unknown' is not assignable to type 'string | number | boolean | object | undefined'.
src/lib/services/juditMonitoringService.ts(330,57): error TS2322: Type 'unknown' is not assignable to type 'string | number | boolean | object | undefined'.
src/lib/services/juditMonitoringService.ts(459,9): error TS2322: Type '{ movimentos: unknown[]; ultimaVerificacao: string; }' is not assignable to type 'NullableJsonNullValueInput | InputJsonValue | undefined'.
  Types of property 'movimentos' are incompatible.
    Type 'unknown[]' is not assignable to type 'InputJsonValue | null | undefined'.
      Type 'unknown[]' is not assignable to type 'InputJsonObject'.
        Index signature for type 'string' is missing in type 'unknown[]'.
src/lib/services/juditMonitoringService.ts(475,74): error TS2322: Type 'unknown' is not assignable to type 'string | number | boolean | object | undefined'.
src/lib/services/juditMonitoringService.ts(659,11): error TS2339: Property 'success' does not exist on type '{ info: (message: string, data?: LogData | undefined) => void; error: (message: string, error?: LogData | undefined) => void; warn: (message: string, data?: LogData | undefined) => void; }'.
src/lib/services/juditMonitoringService.ts(689,7): error TS2322: Type 'unknown' is not assignable to type 'string | number | boolean | object | undefined'.
src/lib/services/juditOnboardingService.ts(166,22): error TS2345: Argument of type '{ action: string; cnj: string; request_id: string; processo_id: string; duration_ms: number; note: string; }' is not assignable to parameter of type 'string'.
src/lib/services/juditOnboardingService.ts(194,23): error TS2345: Argument of type '{ action: string; cnj: string; error: string; error_stack: string | undefined; duration_ms: number; }' is not assignable to parameter of type 'string'.
src/lib/services/juditOnboardingService.ts(280,22): error TS2345: Argument of type '{ action: string; cnj: string; }' is not assignable to parameter of type 'string'.
src/lib/services/juditOnboardingService.ts(311,33): error TS2339: Property 'case' does not exist on type '{ id: string; numeroCnj: string; dadosCompletos: JsonValue; dataOnboarding: Date; ultimaAtualizacao: Date; }'.
src/lib/services/juditOnboardingService.ts(326,24): error TS2345: Argument of type '{ action: string; cnj: string; case_id: string; processo_id: string; explicit_case_id: boolean; }' is not assignable to parameter of type 'string'.
src/lib/services/juditOnboardingService.ts(350,20): error TS2345: Argument of type '{ action: string; cnj: string; with_attachments: boolean; webhook_callback_url: string; cache_ttl_days: 7; optimizations: string; }' is not assignable to parameter of type 'string'.
src/lib/services/juditOnboardingService.ts(377,23): error TS2345: Argument of type '{ action: string; error: string; rawResponse: string; }' is not assignable to parameter of type 'string'.
src/lib/services/juditOnboardingService.ts(404,20): error TS2345: Argument of type '{ action: string; cnj: string; request_id: string; case_id: string | undefined; }' is not assignable to parameter of type 'string'.
src/lib/services/juditService.ts(160,22): error TS2345: Argument of type '{ action: string; message: string; fallback: string; }' is not assignable to parameter of type 'string'.
src/lib/services/juditService.ts(172,22): error TS2345: Argument of type '{ action: string; message: string; hint: string; }' is not assignable to parameter of type 'string'.
src/lib/services/juditService.ts(212,23): error TS2345: Argument of type '{ action: string; endpoint: string; method: string; error: string; }' is not assignable to parameter of type 'string'.
src/lib/services/juditService.ts(250,23): error TS2345: Argument of type '{ action: string; method: string; endpoint: string; url: string; has_body: boolean; }' is not assignable to parameter of type 'string'.
src/lib/services/juditService.ts(277,24): error TS2345: Argument of type '{ action: string; endpoint: string; status: number; content_type: string | null; response_preview: string; }' is not assignable to parameter of type 'string'.
src/lib/services/juditService.ts(293,25): error TS2345: Argument of type '{ action: string; endpoint: string; method: string; status_code: number; status_text: string; duration_ms: number; }' is not assignable to parameter of type 'string'.
src/lib/services/juditService.ts(313,22): error TS2345: Argument of type '{ action: string; endpoint: string; method: string; status_code: number; duration_ms: number; }' is not assignable to parameter of type 'string'.
src/lib/services/juditService.ts(337,25): error TS2345: Argument of type '{ action: string; endpoint: string; method: string; timeout_ms: number; duration_ms: number; }' is not assignable to parameter of type 'string'.
src/lib/services/juditService.ts(357,23): error TS2345: Argument of type '{ action: string; endpoint: string; method: string; error: string; error_stack: string | undefined; duration_ms: number; }' is not assignable to parameter of type 'string'.
src/lib/services/juditService.ts(391,20): error TS2345: Argument of type '{ action: string; cnj: string; with_attachments: boolean; }' is not assignable to parameter of type 'string'.
src/lib/services/juditService.ts(411,5): error TS2345: Argument of type 'OnboardingPayload' is not assignable to parameter of type 'Record<string, unknown>'.
  Index signature for type 'string' is missing in type 'OnboardingPayload'.
src/lib/services/juditService.ts(415,22): error TS2345: Argument of type '{ action: string; cnj: string; request_id: string; status: "failed" | "completed" | "pending" | "processing"; }' is not assignable to parameter of type 'string'.
src/lib/services/juditService.ts(422,23): error TS2345: Argument of type '{ action: string; cnj: string; error: string | undefined; }' is not assignable to parameter of type 'string'.
src/lib/services/juditService.ts(441,21): error TS2345: Argument of type '{ action: string; request_id: string; }' is not assignable to parameter of type 'string'.
src/lib/services/juditService.ts(452,23): error TS2345: Argument of type '{ action: string; request_id: string; status: "failed" | "completed" | "pending" | "processing"; }' is not assignable to parameter of type 'string'.
src/lib/services/juditService.ts(474,20): error TS2345: Argument of type '{ action: string; document_type: "string" | "number" | "bigint" | "boolean" | "symbol" | "undefined" | "object" | "function"; }' is not assignable to parameter of type 'string'.
src/lib/services/juditService.ts(486,20): error TS2345: Argument of type '{ action: string; message: string; }' is not assignable to parameter of type 'string'.
src/lib/services/localPDFMetadataExtractor.ts(354,36): error TS2344: Type 'string | undefined' does not satisfy the constraint 'string | number | symbol'.
  Type 'undefined' is not assignable to type 'string | number | symbol'.
src/lib/services/previewAnalysisService.ts(108,11): error TS2353: Object literal may only specify known properties, and 'timeout' does not exist in type 'Partial<GeminiConfig>'.
src/lib/services/previewAnalysisService.ts(120,29): error TS2339: Property 'summary' does not exist on type '{}'.
src/lib/services/previewAnalysisService.ts(121,43): error TS2339: Property 'parties' does not exist on type '{}'.
src/lib/services/previewAnalysisService.ts(121,63): error TS2339: Property 'parties' does not exist on type '{}'.
src/lib/services/previewAnalysisService.ts(122,29): error TS2339: Property 'subject' does not exist on type '{}'.
src/lib/services/previewAnalysisService.ts(123,28): error TS2339: Property 'object' does not exist on type '{}'.
src/lib/services/previewAnalysisService.ts(124,32): error TS2339: Property 'claimValue' does not exist on type '{}'.
src/lib/services/previewAnalysisService.ts(125,49): error TS2339: Property 'lastMovements' does not exist on type '{}'.
src/lib/services/previewAnalysisService.ts(125,75): error TS2339: Property 'lastMovements' does not exist on type '{}'.
src/lib/services/previewAnalysisService.ts(138,32): error TS2339: Property 'usage' does not exist on type '{}'.
src/lib/services/summaryConsolidator.ts(74,26): error TS2339: Property 'processNumber' does not exist on type '{}'.
src/lib/services/summaryConsolidator.ts(75,49): error TS2339: Property 'processNumber' does not exist on type '{}'.
src/lib/services/summaryConsolidator.ts(121,71): error TS2339: Property 'getTime' does not exist on type '{}'.
src/lib/services/summaryConsolidator.ts(122,71): error TS2339: Property 'getTime' does not exist on type '{}'.
src/lib/services/supabaseStorageService.ts(163,27): error TS2322: Type 'string | undefined' is not assignable to type 'string | null'.
  Type 'undefined' is not assignable to type 'string | null'.
src/lib/services/supabaseStorageService.ts(193,27): error TS2322: Type 'string | undefined' is not assignable to type 'string | null'.
  Type 'undefined' is not assignable to type 'string | null'.
src/lib/services/supabaseStorageService.ts(217,27): error TS2322: Type 'string | undefined' is not assignable to type 'string | null'.
  Type 'undefined' is not assignable to type 'string | null'.
src/lib/services/timelineEnricher.ts(331,9): error TS2698: Spread types may only be created from object types.
src/lib/services/timelineEnricher.ts(362,7): error TS2322: Type 'Record<string, unknown>' is not assignable to type 'NullableJsonNullValueInput | InputJsonValue | undefined'.
  Type 'Record<string, unknown>' is missing the following properties from type 'readonly (InputJsonValue | null)[]': length, concat, join, slice, and 26 more.
src/lib/services/timelineEnricher.ts(396,9): error TS2698: Spread types may only be created from object types.
src/lib/services/timelineUnifier.ts(128,15): error TS2322: Type 'Record<string, unknown> | undefined' is not assignable to type 'NullableJsonNullValueInput | InputJsonValue | undefined'.
  Type 'Record<string, unknown>' is not assignable to type 'NullableJsonNullValueInput | InputJsonValue | undefined'.
    Type 'Record<string, unknown>' is missing the following properties from type 'readonly (InputJsonValue | null)[]': length, concat, join, slice, and 26 more.
src/lib/services/timelineUnifier.ts(167,11): error TS2554: Expected 2 arguments, but got 3.
src/lib/services/timelineUnifier.ts(237,13): error TS2322: Type '{ case: { connect: { id: string; }; }; contentHash: string; id?: string | undefined; eventDate?: string | Date | undefined; eventType?: string | undefined; description?: string | undefined; normalizedContent?: string | undefined; ... 20 more ...; linkedDocuments?: Prisma.CaseDocumentCreateNestedManyWithoutTimelineEn...' is not assignable to type '(Without<ProcessTimelineEntryCreateInput, ProcessTimelineEntryUncheckedCreateInput> & ProcessTimelineEntryUncheckedCreateInput) | (Without<...> & ProcessTimelineEntryCreateInput)'.
  Type '{ case: { connect: { id: string; }; }; contentHash: string; id?: string | undefined; eventDate?: string | Date | undefined; eventType?: string | undefined; description?: string | undefined; normalizedContent?: string | undefined; ... 20 more ...; linkedDocuments?: Prisma.CaseDocumentCreateNestedManyWithoutTimelineEn...' is not assignable to type 'Without<ProcessTimelineEntryUncheckedCreateInput, ProcessTimelineEntryCreateInput> & ProcessTimelineEntryCreateInput'.
    Type '{ case: { connect: { id: string; }; }; contentHash: string; id?: string | undefined; eventDate?: string | Date | undefined; eventType?: string | undefined; description?: string | undefined; normalizedContent?: string | undefined; ... 20 more ...; linkedDocuments?: Prisma.CaseDocumentCreateNestedManyWithoutTimelineEn...' is not assignable to type 'ProcessTimelineEntryCreateInput'.
      Types of property 'eventDate' are incompatible.
        Type 'string | Date | undefined' is not assignable to type 'string | Date'.
          Type 'undefined' is not assignable to type 'string | Date'.
src/lib/services/timelineUnifier.ts(289,15): error TS2322: Type 'Record<string, unknown> | undefined' is not assignable to type 'NullableJsonNullValueInput | InputJsonValue | undefined'.
  Type 'Record<string, unknown>' is not assignable to type 'NullableJsonNullValueInput | InputJsonValue | undefined'.
    Type 'Record<string, unknown>' is missing the following properties from type 'readonly (InputJsonValue | null)[]': length, concat, join, slice, and 26 more.
src/lib/services/timelineUnifier.ts(367,44): error TS2339: Property 'lastMovements' does not exist on type '{}'.
src/lib/services/timelineUnifier.ts(371,37): error TS2339: Property 'lastMovements' does not exist on type '{}'.
src/lib/services/timelineUnifier.ts(378,37): error TS2339: Property 'confidence' does not exist on type '{}'.
src/lib/services/timelineUnifier.ts(381,34): error TS2339: Property 'model' does not exist on type '{}'.
src/lib/services/timelineUnifier.ts(406,33): error TS2339: Property 'data' does not exist on type '{}'.
src/lib/system-importer.ts(183,9): error TS2322: Type 'SystemImportSettings' is not assignable to type 'NullableJsonNullValueInput | InputJsonValue | undefined'.
  Type 'SystemImportSettings' is missing the following properties from type 'readonly (InputJsonValue | null)[]': length, concat, join, slice, and 26 more.
src/lib/system-importer.ts(369,9): error TS2345: Argument of type 'unknown[][]' is not assignable to parameter of type '(string | number | boolean | null)[][]'.
  Type 'unknown[]' is not assignable to type '(string | number | boolean | null)[]'.
    Type 'unknown' is not assignable to type 'string | number | boolean | null'.
src/lib/system-importer.ts(465,11): error TS2345: Argument of type 'string' is not assignable to parameter of type 'SourceSystem'.
src/lib/system-importer.ts(471,11): error TS2322: Type 'unknown' is not assignable to type 'string | number | boolean'.
src/lib/system-importer.ts(477,11): error TS2345: Argument of type 'string' is not assignable to parameter of type 'SourceSystem'.
src/lib/system-importer.ts(520,9): error TS2322: Type 'string' is not assignable to type 'ImportedDataType'.
src/lib/system-importer.ts(523,9): error TS2322: Type 'Record<string, unknown>' is not assignable to type 'NullableJsonNullValueInput | InputJsonValue | undefined'.
  Type 'Record<string, unknown>' is missing the following properties from type 'readonly (InputJsonValue | null)[]': length, concat, join, slice, and 26 more.
src/lib/system-mappings.ts(783,11): error TS2322: Type 'unknown' is not assignable to type 'Record<SourceSystem, number>'.
src/lib/system-mappings.ts(864,35): error TS2345: Argument of type '{}' is not assignable to parameter of type 'string'.
src/lib/system-mappings.ts(867,39): error TS2345: Argument of type '{}' is not assignable to parameter of type 'string'.
src/lib/system-mappings.ts(873,40): error TS2345: Argument of type '{}' is not assignable to parameter of type 'string'.
src/lib/system-mappings.ts(879,36): error TS2345: Argument of type '{}' is not assignable to parameter of type 'string'.
src/lib/system-mappings.ts(889,11): error TS18046: 'params' is of type 'unknown'.
src/lib/system-mappings.ts(918,34): error TS18046: 'value' is of type 'unknown'.
src/lib/system-mappings.ts(922,9): error TS18046: 'params' is of type 'unknown'.
src/lib/system-mappings.ts(936,12): error TS18046: 'params' is of type 'unknown'.
src/lib/system-mappings.ts(941,32): error TS18046: 'params' is of type 'unknown'.
src/lib/system-mappings.ts(941,48): error TS18046: 'params' is of type 'unknown'.
src/lib/system-mappings.ts(942,35): error TS18046: 'params' is of type 'unknown'.
src/lib/system-mappings.ts(969,76): error TS2339: Property 'test' does not exist on type '{}'.
src/lib/system-mappings.ts(977,54): error TS2365: Operator '<' cannot be applied to types 'number' and '{}'.
src/lib/system-mappings.ts(977,60): error TS18047: 'rule.parameters.min' is possibly 'null'.
src/lib/system-mappings.ts(980,54): error TS2365: Operator '>' cannot be applied to types 'number' and '{}'.
src/lib/system-mappings.ts(980,60): error TS18047: 'rule.parameters.max' is possibly 'null'.
src/lib/system-sync.ts(53,11): error TS2322: Type 'unknown' is not assignable to type 'SourceSystem | EnumSourceSystemFilter<"SystemImport"> | undefined'.
src/lib/system-sync.ts(64,38): error TS2339: Property 'importedItems' does not exist on type '{ id: string; status: ImportStatus; createdAt: Date; updatedAt: Date; workspaceId: string; summary: JsonValue; fileName: string; filePath: string; fileSize: number; ... 22 more ...; finishedAt: Date | null; }'.
src/lib/telemetry/usage-tracker.ts(430,77): error TS18046: 't' is of type 'unknown'.
src/lib/telemetry/usage-tracker.ts(430,106): error TS18046: 't' is of type 'unknown'.
src/lib/telemetry/usage-tracker.ts(431,76): error TS18046: 't' is of type 'unknown'.
src/lib/telemetry/usage-tracker.ts(431,104): error TS18046: 't' is of type 'unknown'.
src/lib/telemetry/usage-tracker.ts(455,9): error TS2322: Type 'Record<string, unknown>' is not assignable to type 'JsonNull | InputJsonValue | undefined'.
  Type 'Record<string, unknown>' is missing the following properties from type 'readonly (InputJsonValue | null)[]': length, concat, join, slice, and 26 more.
src/lib/telemetry/usage-tracker.ts(505,23): error TS18046: 'event' is of type 'unknown'.
src/lib/telemetry/usage-tracker.ts(507,15): error TS18046: 'event' is of type 'unknown'.
src/lib/timeline-merge.ts(11,63): error TS2724: '"./types/json-fields"' has no exported member named 'TimelineSourceMetadata'. Did you mean 'TimelineMetadata'?
src/lib/timeline-merge.ts(264,63): error TS2345: Argument of type '{ id: string; description: string; createdAt: Date; updatedAt: Date; metadata: JsonValue; confidence: number; caseId: string; source: TimelineSource; ... 17 more ...; reviewedAt: Date | null; }' is not assignable to parameter of type 'TimelineEntry'.
  Types of property 'sourceId' are incompatible.
    Type 'string | null' is not assignable to type 'string | undefined'.
      Type 'null' is not assignable to type 'string | undefined'.
src/lib/timeline-merge.ts(275,17): error TS2322: Type 'Record<string, unknown> | undefined' is not assignable to type 'NullableJsonNullValueInput | InputJsonValue | undefined'.
  Type 'Record<string, unknown>' is not assignable to type 'NullableJsonNullValueInput | InputJsonValue | undefined'.
    Type 'Record<string, unknown>' is missing the following properties from type 'readonly (InputJsonValue | null)[]': length, concat, join, slice, and 26 more.
src/lib/timeline-merge.ts(318,15): error TS2322: Type 'Record<string, unknown>' is not assignable to type 'NullableJsonNullValueInput | InputJsonValue | undefined'.
  Type 'Record<string, unknown>' is missing the following properties from type 'readonly (InputJsonValue | null)[]': length, concat, join, slice, and 26 more.
src/lib/timeline-merge.ts(356,67): error TS2345: Argument of type '{ id: string; description: string; createdAt: Date; updatedAt: Date; metadata: JsonValue; confidence: number; caseId: string; source: TimelineSource; ... 17 more ...; reviewedAt: Date | null; }' is not assignable to parameter of type 'TimelineEntry'.
  Types of property 'sourceId' are incompatible.
    Type 'string | null' is not assignable to type 'string | undefined'.
      Type 'null' is not assignable to type 'string | undefined'.
src/lib/timeline-merge.ts(366,21): error TS2322: Type 'Record<string, unknown> | undefined' is not assignable to type 'NullableJsonNullValueInput | InputJsonValue | undefined'.
  Type 'Record<string, unknown>' is not assignable to type 'NullableJsonNullValueInput | InputJsonValue | undefined'.
    Type 'Record<string, unknown>' is missing the following properties from type 'readonly (InputJsonValue | null)[]': length, concat, join, slice, and 26 more.
src/lib/timeline-merge.ts(609,11): error TS2322: Type 'Record<string, unknown>' is not assignable to type 'NullableJsonNullValueInput | InputJsonValue | undefined'.
  Type 'Record<string, unknown>' is missing the following properties from type 'readonly (InputJsonValue | null)[]': length, concat, join, slice, and 26 more.
src/lib/types/api-schemas.ts(118,14): error TS2554: Expected 2-3 arguments, but got 1.
src/lib/types/api-schemas.ts(204,102): error TS2769: No overload matches this call.
  Overload 1 of 2, '(def: number): ZodDefault<ZodPipe<ZodString, ZodTransform<number, string>>>', gave the following error.
    Argument of type 'string' is not assignable to parameter of type 'number'.
  Overload 2 of 2, '(def: () => number): ZodDefault<ZodPipe<ZodString, ZodTransform<number, string>>>', gave the following error.
    Argument of type 'string' is not assignable to parameter of type '() => number'.
src/lib/types/api-schemas.ts(205,117): error TS2769: No overload matches this call.
  Overload 1 of 2, '(def: number): ZodDefault<ZodPipe<ZodString, ZodTransform<number, string>>>', gave the following error.
    Argument of type 'string' is not assignable to parameter of type 'number'.
  Overload 2 of 2, '(def: () => number): ZodDefault<ZodPipe<ZodString, ZodTransform<number, string>>>', gave the following error.
    Argument of type 'string' is not assignable to parameter of type '() => number'.
src/lib/types/api-schemas.ts(464,22): error TS2554: Expected 2-3 arguments, but got 1.
src/lib/types/external-api.ts(59,11): error TS2554: Expected 2-3 arguments, but got 1.
src/lib/types/external-api.ts(87,17): error TS2554: Expected 2-3 arguments, but got 1.
src/lib/types/external-api.ts(160,17): error TS2554: Expected 2-3 arguments, but got 1.
src/lib/types/external-api.ts(184,15): error TS2554: Expected 2-3 arguments, but got 1.
src/lib/types/external-api.ts(201,15): error TS2554: Expected 2-3 arguments, but got 1.
src/lib/types/external-api.ts(218,11): error TS2554: Expected 2-3 arguments, but got 1.
src/lib/types/json-fields.ts(199,3): error TS2411: Property 'pdf' of type 'string | undefined' is not assignable to 'string' index type 'string'.
src/lib/types/json-fields.ts(200,3): error TS2411: Property 'docx' of type 'string | undefined' is not assignable to 'string' index type 'string'.
src/lib/types/json-fields.ts(201,3): error TS2411: Property 'xlsx' of type 'string | undefined' is not assignable to 'string' index type 'string'.
src/lib/utils/case-onboarding-helper.ts(81,9): error TS2322: Type 'OnboardingMetadata' is not assignable to type 'NullableJsonNullValueInput | InputJsonValue | undefined'.
  Type 'OnboardingMetadata' is missing the following properties from type 'readonly (InputJsonValue | null)[]': length, concat, join, slice, and 26 more.
src/lib/utils/case-onboarding-helper.ts(176,9): error TS2322: Type 'OnboardingMetadata' is not assignable to type 'NullableJsonNullValueInput | InputJsonValue | undefined'.
  Type 'OnboardingMetadata' is missing the following properties from type 'readonly (InputJsonValue | null)[]': length, concat, join, slice, and 26 more.
src/lib/websocket-manager.ts(277,7): error TS2353: Object literal may only specify known properties, and 'timestamp' does not exist in type 'Omit<WebSocketMessage, "timestamp">'.
workers/individual-reports-worker.ts(51,49): error TS2558: Expected 1 type arguments, but got 2.
workers/individual-reports-worker.ts(68,1): error TS2349: This expression is not callable.
  Type 'Queue<IndividualReportJobData>' has no call signatures.
workers/individual-reports-worker.ts(217,11): error TS2322: Type 'ReportSummary' is not assignable to type 'NullableJsonNullValueInput | InputJsonValue | undefined'.
  Type 'ReportSummary' is missing the following properties from type 'readonly (InputJsonValue | null)[]': length, concat, join, slice, and 26 more.
workers/individual-reports-worker.ts(410,7): error TS2349: This expression is not callable.
  Type 'Queue<IndividualReportJobData>' has no call signatures.
workers/individual-reports-worker.ts(411,7): error TS2349: This expression is not callable.
  Type 'Queue<IndividualReportJobData>' has no call signatures.
workers/individual-reports-worker.ts(412,7): error TS2349: This expression is not callable.
  Type 'Queue<IndividualReportJobData>' has no call signatures.
workers/individual-reports-worker.ts(413,7): error TS2349: This expression is not callable.
  Type 'Queue<IndividualReportJobData>' has no call signatures.
workers/process-monitor-worker.ts(91,46): error TS2558: Expected 1 type arguments, but got 2.
workers/process-monitor-worker.ts(108,1): error TS2349: This expression is not callable.
  Type 'Queue<MonitorJobData>' has no call signatures.
workers/process-monitor-worker.ts(323,61): error TS2339: Property 'processNumber' does not exist on type 'never'.
workers/process-monitor-worker.ts(323,78): error TS2339: Property 'trackingId' does not exist on type 'never'.
workers/process-monitor-worker.ts(717,5): error TS2349: This expression is not callable.
  Type 'Queue<MonitorJobData>' has no call signatures.
workers/process-monitor-worker.ts(718,5): error TS2349: This expression is not callable.
  Type 'Queue<MonitorJobData>' has no call signatures.
workers/process-monitor-worker.ts(719,5): error TS2349: This expression is not callable.
  Type 'Queue<MonitorJobData>' has no call signatures.
workers/process-monitor-worker.ts(720,5): error TS2349: This expression is not callable.
  Type 'Queue<MonitorJobData>' has no call signatures.
workers/usage-aggregator-worker.ts(57,40): error TS2769: No overload matches this call.
  Overload 1 of 2, '(queueName: string, opts?: QueueOptions | undefined): Queue<AggregatorJobData>', gave the following error.
    Type 'Redis | MockRedis' is not assignable to type 'string | RedisOptions | undefined'.
      Type 'Redis' is not assignable to type 'string | RedisOptions | undefined'.
        Type 'Redis' is not assignable to type 'RedisOptions'.
          Type 'Redis' is not assignable to type 'CommonRedisOptions'.
            Types of property 'monitor' are incompatible.
              Type '(callback?: Callback<Redis> | undefined) => Promise<Redis>' is not assignable to type 'boolean | undefined'.
  Overload 2 of 2, '(queueName: string, url: string, opts?: QueueOptions | undefined): Queue<AggregatorJobData>', gave the following error.
    Argument of type '{ redis: Redis | MockRedis; defaultJobOptions: { removeOnComplete: number; removeOnFail: number; attempts: 3; backoff: { type: string; delay: number; }; }; }' is not assignable to parameter of type 'string'.
